{"/mnt/c/Users/evanr/Documents/Folders/Lets get this shit rolling/MOVEMENT/seng350f19-project-2-3/src/app.ts":{"path":"/mnt/c/Users/evanr/Documents/Folders/Lets get this shit rolling/MOVEMENT/seng350f19-project-2-3/src/app.ts","statementMap":{"0":{"start":{"line":2,"column":22},"end":{"line":4,"column":1}},"1":{"start":{"line":3,"column":4},"end":{"line":3,"column":62}},"2":{"start":{"line":5,"column":0},"end":{"line":5,"column":62}},"3":{"start":{"line":6,"column":20},"end":{"line":6,"column":59}},"4":{"start":{"line":7,"column":22},"end":{"line":7,"column":63}},"5":{"start":{"line":8,"column":21},"end":{"line":8,"column":61}},"6":{"start":{"line":9,"column":16},"end":{"line":9,"column":51}},"7":{"start":{"line":10,"column":15},"end":{"line":10,"column":49}},"8":{"start":{"line":11,"column":13},"end":{"line":11,"column":45}},"9":{"start":{"line":12,"column":14},"end":{"line":12,"column":39}},"10":{"start":{"line":13,"column":19},"end":{"line":13,"column":49}},"11":{"start":{"line":19,"column":28},"end":{"line":94,"column":3}},"12":{"start":{"line":28,"column":8},"end":{"line":28,"column":39}},"13":{"start":{"line":30,"column":8},"end":{"line":30,"column":22}},"14":{"start":{"line":32,"column":8},"end":{"line":32,"column":22}},"15":{"start":{"line":42,"column":4},"end":{"line":44,"column":6}},"16":{"start":{"line":43,"column":8},"end":{"line":43,"column":28}},"17":{"start":{"line":45,"column":4},"end":{"line":47,"column":6}},"18":{"start":{"line":46,"column":8},"end":{"line":46,"column":24}},"19":{"start":{"line":54,"column":4},"end":{"line":77,"column":6}},"20":{"start":{"line":56,"column":8},"end":{"line":56,"column":89}},"21":{"start":{"line":58,"column":8},"end":{"line":58,"column":74}},"22":{"start":{"line":59,"column":8},"end":{"line":59,"column":43}},"23":{"start":{"line":61,"column":8},"end":{"line":61,"column":46}},"24":{"start":{"line":63,"column":8},"end":{"line":63,"column":51}},"25":{"start":{"line":65,"column":8},"end":{"line":67,"column":12}},"26":{"start":{"line":69,"column":8},"end":{"line":69,"column":66}},"27":{"start":{"line":71,"column":8},"end":{"line":74,"column":11}},"28":{"start":{"line":72,"column":12},"end":{"line":72,"column":29}},"29":{"start":{"line":73,"column":12},"end":{"line":73,"column":22}},"30":{"start":{"line":76,"column":8},"end":{"line":76,"column":47}},"31":{"start":{"line":85,"column":4},"end":{"line":92,"column":6}},"32":{"start":{"line":87,"column":8},"end":{"line":87,"column":44}},"33":{"start":{"line":88,"column":8},"end":{"line":88,"column":42}},"34":{"start":{"line":89,"column":8},"end":{"line":89,"column":47}},"35":{"start":{"line":91,"column":8},"end":{"line":91,"column":29}},"36":{"start":{"line":93,"column":4},"end":{"line":93,"column":18}},"37":{"start":{"line":95,"column":0},"end":{"line":95,"column":24}},"38":{"start":{"line":96,"column":0},"end":{"line":96,"column":25}}},"fnMap":{"0":{"name":"(anonymous_0)","decl":{"start":{"line":2,"column":56},"end":{"line":2,"column":57}},"loc":{"start":{"line":2,"column":71},"end":{"line":4,"column":1}},"line":2},"1":{"name":"(anonymous_1)","decl":{"start":{"line":19,"column":28},"end":{"line":19,"column":29}},"loc":{"start":{"line":19,"column":40},"end":{"line":94,"column":1}},"line":19},"2":{"name":"Server","decl":{"start":{"line":26,"column":13},"end":{"line":26,"column":19}},"loc":{"start":{"line":26,"column":22},"end":{"line":33,"column":5}},"line":26},"3":{"name":"(anonymous_3)","decl":{"start":{"line":42,"column":23},"end":{"line":42,"column":24}},"loc":{"start":{"line":42,"column":35},"end":{"line":44,"column":5}},"line":42},"4":{"name":"(anonymous_4)","decl":{"start":{"line":45,"column":42},"end":{"line":45,"column":43}},"loc":{"start":{"line":45,"column":54},"end":{"line":47,"column":5}},"line":45},"5":{"name":"(anonymous_5)","decl":{"start":{"line":54,"column":30},"end":{"line":54,"column":31}},"loc":{"start":{"line":54,"column":42},"end":{"line":77,"column":5}},"line":54},"6":{"name":"(anonymous_6)","decl":{"start":{"line":71,"column":21},"end":{"line":71,"column":22}},"loc":{"start":{"line":71,"column":52},"end":{"line":74,"column":9}},"line":71},"7":{"name":"(anonymous_7)","decl":{"start":{"line":85,"column":30},"end":{"line":85,"column":31}},"loc":{"start":{"line":85,"column":42},"end":{"line":92,"column":5}},"line":85}},"branchMap":{"0":{"loc":{"start":{"line":2,"column":22},"end":{"line":4,"column":1}},"type":"binary-expr","locations":[{"start":{"line":2,"column":23},"end":{"line":2,"column":27}},{"start":{"line":2,"column":31},"end":{"line":2,"column":51}},{"start":{"line":2,"column":56},"end":{"line":4,"column":1}}],"line":2},"1":{"loc":{"start":{"line":3,"column":11},"end":{"line":3,"column":61}},"type":"cond-expr","locations":[{"start":{"line":3,"column":37},"end":{"line":3,"column":40}},{"start":{"line":3,"column":43},"end":{"line":3,"column":61}}],"line":3},"2":{"loc":{"start":{"line":3,"column":12},"end":{"line":3,"column":33}},"type":"binary-expr","locations":[{"start":{"line":3,"column":12},"end":{"line":3,"column":15}},{"start":{"line":3,"column":19},"end":{"line":3,"column":33}}],"line":3}},"s":{"0":1,"1":6,"2":1,"3":1,"4":1,"5":1,"6":1,"7":1,"8":1,"9":1,"10":1,"11":1,"12":6,"13":6,"14":6,"15":1,"16":0,"17":1,"18":10,"19":1,"20":6,"21":6,"22":6,"23":6,"24":6,"25":6,"26":6,"27":6,"28":0,"29":0,"30":6,"31":1,"32":6,"33":6,"34":6,"35":6,"36":1,"37":1,"38":1},"f":{"0":6,"1":1,"2":6,"3":0,"4":10,"5":6,"6":0,"7":6},"b":{"0":[1,1,1],"1":[0,6],"2":[6,6]},"_coverageSchema":"43e27e138ebf9cfc5966b082cf9a028302ed4184","hash":"760390ffa022dbc5a9618a902a2ed587b38a75f9","contentHash":"332adea7e05105268116d098c2772f2854bfd7972be8f97f3189dc8ccc01cd48"},"/mnt/c/Users/evanr/Documents/Folders/Lets get this shit rolling/MOVEMENT/seng350f19-project-2-3/src/routes/index.ts":{"path":"/mnt/c/Users/evanr/Documents/Folders/Lets get this shit rolling/MOVEMENT/seng350f19-project-2-3/src/routes/index.ts","statementMap":{"0":{"start":{"line":2,"column":16},"end":{"line":14,"column":4}},"1":{"start":{"line":3,"column":24},"end":{"line":8,"column":5}},"2":{"start":{"line":4,"column":8},"end":{"line":6,"column":87}},"3":{"start":{"line":5,"column":69},"end":{"line":5,"column":85}},"4":{"start":{"line":6,"column":30},"end":{"line":6,"column":84}},"5":{"start":{"line":6,"column":47},"end":{"line":6,"column":84}},"6":{"start":{"line":6,"column":72},"end":{"line":6,"column":84}},"7":{"start":{"line":7,"column":8},"end":{"line":7,"column":35}},"8":{"start":{"line":9,"column":4},"end":{"line":13,"column":6}},"9":{"start":{"line":10,"column":8},"end":{"line":10,"column":28}},"10":{"start":{"line":11,"column":24},"end":{"line":11,"column":45}},"11":{"start":{"line":12,"column":8},"end":{"line":12,"column":93}},"12":{"start":{"line":15,"column":0},"end":{"line":15,"column":62}},"13":{"start":{"line":16,"column":15},"end":{"line":16,"column":34}},"14":{"start":{"line":22,"column":32},"end":{"line":68,"column":21}},"15":{"start":{"line":23,"column":4},"end":{"line":23,"column":34}},"16":{"start":{"line":31,"column":8},"end":{"line":31,"column":41}},"17":{"start":{"line":40,"column":4},"end":{"line":47,"column":6}},"18":{"start":{"line":44,"column":8},"end":{"line":46,"column":11}},"19":{"start":{"line":45,"column":12},"end":{"line":45,"column":51}},"20":{"start":{"line":57,"column":4},"end":{"line":66,"column":6}},"21":{"start":{"line":59,"column":8},"end":{"line":59,"column":30}},"22":{"start":{"line":61,"column":22},"end":{"line":63,"column":9}},"23":{"start":{"line":65,"column":8},"end":{"line":65,"column":48}},"24":{"start":{"line":67,"column":4},"end":{"line":67,"column":22}},"25":{"start":{"line":69,"column":0},"end":{"line":69,"column":32}}},"fnMap":{"0":{"name":"(anonymous_0)","decl":{"start":{"line":2,"column":45},"end":{"line":2,"column":46}},"loc":{"start":{"line":2,"column":57},"end":{"line":14,"column":1}},"line":2},"1":{"name":"(anonymous_1)","decl":{"start":{"line":3,"column":24},"end":{"line":3,"column":25}},"loc":{"start":{"line":3,"column":40},"end":{"line":8,"column":5}},"line":3},"2":{"name":"(anonymous_2)","decl":{"start":{"line":5,"column":51},"end":{"line":5,"column":52}},"loc":{"start":{"line":5,"column":67},"end":{"line":5,"column":87}},"line":5},"3":{"name":"(anonymous_3)","decl":{"start":{"line":6,"column":12},"end":{"line":6,"column":13}},"loc":{"start":{"line":6,"column":28},"end":{"line":6,"column":86}},"line":6},"4":{"name":"(anonymous_4)","decl":{"start":{"line":9,"column":11},"end":{"line":9,"column":12}},"loc":{"start":{"line":9,"column":27},"end":{"line":13,"column":5}},"line":9},"5":{"name":"__","decl":{"start":{"line":11,"column":17},"end":{"line":11,"column":19}},"loc":{"start":{"line":11,"column":22},"end":{"line":11,"column":47}},"line":11},"6":{"name":"(anonymous_6)","decl":{"start":{"line":22,"column":32},"end":{"line":22,"column":33}},"loc":{"start":{"line":22,"column":50},"end":{"line":68,"column":1}},"line":22},"7":{"name":"IndexRoute","decl":{"start":{"line":30,"column":13},"end":{"line":30,"column":23}},"loc":{"start":{"line":30,"column":26},"end":{"line":32,"column":5}},"line":30},"8":{"name":"(anonymous_8)","decl":{"start":{"line":40,"column":24},"end":{"line":40,"column":25}},"loc":{"start":{"line":40,"column":42},"end":{"line":47,"column":5}},"line":40},"9":{"name":"(anonymous_9)","decl":{"start":{"line":44,"column":24},"end":{"line":44,"column":25}},"loc":{"start":{"line":44,"column":50},"end":{"line":46,"column":9}},"line":44},"10":{"name":"(anonymous_10)","decl":{"start":{"line":57,"column":33},"end":{"line":57,"column":34}},"loc":{"start":{"line":57,"column":59},"end":{"line":66,"column":5}},"line":57}},"branchMap":{"0":{"loc":{"start":{"line":2,"column":16},"end":{"line":14,"column":4}},"type":"binary-expr","locations":[{"start":{"line":2,"column":17},"end":{"line":2,"column":21}},{"start":{"line":2,"column":25},"end":{"line":2,"column":39}},{"start":{"line":2,"column":44},"end":{"line":14,"column":4}}],"line":2},"1":{"loc":{"start":{"line":4,"column":24},"end":{"line":6,"column":86}},"type":"binary-expr","locations":[{"start":{"line":4,"column":24},"end":{"line":4,"column":45}},{"start":{"line":5,"column":13},"end":{"line":5,"column":47}},{"start":{"line":5,"column":51},"end":{"line":5,"column":87}},{"start":{"line":6,"column":12},"end":{"line":6,"column":86}}],"line":4},"2":{"loc":{"start":{"line":6,"column":47},"end":{"line":6,"column":84}},"type":"if","locations":[{"start":{"line":6,"column":47},"end":{"line":6,"column":84}},{"start":{"line":6,"column":47},"end":{"line":6,"column":84}}],"line":6},"3":{"loc":{"start":{"line":12,"column":22},"end":{"line":12,"column":92}},"type":"cond-expr","locations":[{"start":{"line":12,"column":35},"end":{"line":12,"column":51}},{"start":{"line":12,"column":55},"end":{"line":12,"column":91}}],"line":12},"4":{"loc":{"start":{"line":31,"column":15},"end":{"line":31,"column":40}},"type":"binary-expr","locations":[{"start":{"line":31,"column":15},"end":{"line":31,"column":32}},{"start":{"line":31,"column":36},"end":{"line":31,"column":40}}],"line":31}},"s":{"0":1,"1":1,"2":1,"3":0,"4":0,"5":0,"6":0,"7":1,"8":1,"9":1,"10":1,"11":1,"12":1,"13":1,"14":1,"15":1,"16":3,"17":1,"18":6,"19":3,"20":1,"21":3,"22":3,"23":3,"24":1,"25":1},"f":{"0":1,"1":1,"2":0,"3":0,"4":1,"5":1,"6":1,"7":3,"8":6,"9":3,"10":3},"b":{"0":[1,1,1],"1":[1,0,0,0],"2":[0,0],"3":[0,1],"4":[3,3]},"_coverageSchema":"43e27e138ebf9cfc5966b082cf9a028302ed4184","hash":"6d060b173ae1c20cc6ad33a29b90f06365d61604","contentHash":"c2262fde55d899929061c99882793a33540dfefb04717e9d09647c55490ceee3"},"/mnt/c/Users/evanr/Documents/Folders/Lets get this shit rolling/MOVEMENT/seng350f19-project-2-3/src/routes/router.ts":{"path":"/mnt/c/Users/evanr/Documents/Folders/Lets get this shit rolling/MOVEMENT/seng350f19-project-2-3/src/routes/router.ts","statementMap":{"0":{"start":{"line":2,"column":0},"end":{"line":2,"column":62}},"1":{"start":{"line":8,"column":31},"end":{"line":54,"column":3}},"2":{"start":{"line":17,"column":8},"end":{"line":17,"column":49}},"3":{"start":{"line":18,"column":8},"end":{"line":18,"column":26}},"4":{"start":{"line":28,"column":4},"end":{"line":31,"column":6}},"5":{"start":{"line":29,"column":8},"end":{"line":29,"column":31}},"6":{"start":{"line":30,"column":8},"end":{"line":30,"column":20}},"7":{"start":{"line":43,"column":4},"end":{"line":52,"column":6}},"8":{"start":{"line":45,"column":8},"end":{"line":45,"column":34}},"9":{"start":{"line":47,"column":8},"end":{"line":47,"column":42}},"10":{"start":{"line":49,"column":8},"end":{"line":49,"column":38}},"11":{"start":{"line":51,"column":8},"end":{"line":51,"column":34}},"12":{"start":{"line":53,"column":4},"end":{"line":53,"column":21}},"13":{"start":{"line":55,"column":0},"end":{"line":55,"column":30}}},"fnMap":{"0":{"name":"(anonymous_0)","decl":{"start":{"line":8,"column":31},"end":{"line":8,"column":32}},"loc":{"start":{"line":8,"column":43},"end":{"line":54,"column":1}},"line":8},"1":{"name":"BaseRoute","decl":{"start":{"line":15,"column":13},"end":{"line":15,"column":22}},"loc":{"start":{"line":15,"column":25},"end":{"line":19,"column":5}},"line":15},"2":{"name":"(anonymous_2)","decl":{"start":{"line":28,"column":36},"end":{"line":28,"column":37}},"loc":{"start":{"line":28,"column":51},"end":{"line":31,"column":5}},"line":28},"3":{"name":"(anonymous_3)","decl":{"start":{"line":43,"column":33},"end":{"line":43,"column":34}},"loc":{"start":{"line":43,"column":68},"end":{"line":52,"column":5}},"line":43}},"branchMap":{},"s":{"0":1,"1":1,"2":10,"3":10,"4":1,"5":0,"6":0,"7":1,"8":4,"9":4,"10":4,"11":4,"12":1,"13":1},"f":{"0":1,"1":10,"2":0,"3":4},"b":{},"_coverageSchema":"43e27e138ebf9cfc5966b082cf9a028302ed4184","hash":"63271850f6021f2bd72a99c68ce664a7b0ec96f7","contentHash":"b4be8c554d8590c38f930e8f88141674a436d95b671ee673cadfdec9be7ae8f4"},"/mnt/c/Users/evanr/Documents/Folders/Lets get this shit rolling/MOVEMENT/seng350f19-project-2-3/src/routes/shoeRouter.ts":{"path":"/mnt/c/Users/evanr/Documents/Folders/Lets get this shit rolling/MOVEMENT/seng350f19-project-2-3/src/routes/shoeRouter.ts","statementMap":{"0":{"start":{"line":2,"column":16},"end":{"line":14,"column":4}},"1":{"start":{"line":3,"column":24},"end":{"line":8,"column":5}},"2":{"start":{"line":4,"column":8},"end":{"line":6,"column":87}},"3":{"start":{"line":5,"column":69},"end":{"line":5,"column":85}},"4":{"start":{"line":6,"column":30},"end":{"line":6,"column":84}},"5":{"start":{"line":6,"column":47},"end":{"line":6,"column":84}},"6":{"start":{"line":6,"column":72},"end":{"line":6,"column":84}},"7":{"start":{"line":7,"column":8},"end":{"line":7,"column":35}},"8":{"start":{"line":9,"column":4},"end":{"line":13,"column":6}},"9":{"start":{"line":10,"column":8},"end":{"line":10,"column":28}},"10":{"start":{"line":11,"column":24},"end":{"line":11,"column":45}},"11":{"start":{"line":12,"column":8},"end":{"line":12,"column":93}},"12":{"start":{"line":15,"column":16},"end":{"line":23,"column":1}},"13":{"start":{"line":16,"column":28},"end":{"line":16,"column":110}},"14":{"start":{"line":16,"column":91},"end":{"line":16,"column":106}},"15":{"start":{"line":17,"column":4},"end":{"line":22,"column":7}},"16":{"start":{"line":18,"column":36},"end":{"line":18,"column":97}},"17":{"start":{"line":18,"column":42},"end":{"line":18,"column":70}},"18":{"start":{"line":18,"column":85},"end":{"line":18,"column":95}},"19":{"start":{"line":19,"column":35},"end":{"line":19,"column":100}},"20":{"start":{"line":19,"column":41},"end":{"line":19,"column":73}},"21":{"start":{"line":19,"column":88},"end":{"line":19,"column":98}},"22":{"start":{"line":20,"column":32},"end":{"line":20,"column":116}},"23":{"start":{"line":21,"column":8},"end":{"line":21,"column":78}},"24":{"start":{"line":24,"column":18},"end":{"line":50,"column":1}},"25":{"start":{"line":25,"column":12},"end":{"line":25,"column":104}},"26":{"start":{"line":25,"column":43},"end":{"line":25,"column":68}},"27":{"start":{"line":25,"column":57},"end":{"line":25,"column":68}},"28":{"start":{"line":25,"column":69},"end":{"line":25,"column":81}},"29":{"start":{"line":26,"column":4},"end":{"line":26,"column":157}},"30":{"start":{"line":26,"column":138},"end":{"line":26,"column":150}},"31":{"start":{"line":27,"column":23},"end":{"line":27,"column":68}},"32":{"start":{"line":27,"column":45},"end":{"line":27,"column":65}},"33":{"start":{"line":29,"column":8},"end":{"line":29,"column":70}},"34":{"start":{"line":29,"column":15},"end":{"line":29,"column":70}},"35":{"start":{"line":30,"column":8},"end":{"line":47,"column":66}},"36":{"start":{"line":30,"column":18},"end":{"line":47,"column":66}},"37":{"start":{"line":31,"column":12},"end":{"line":31,"column":169}},"38":{"start":{"line":31,"column":160},"end":{"line":31,"column":169}},"39":{"start":{"line":32,"column":12},"end":{"line":32,"column":52}},"40":{"start":{"line":32,"column":26},"end":{"line":32,"column":52}},"41":{"start":{"line":33,"column":12},"end":{"line":45,"column":13}},"42":{"start":{"line":34,"column":32},"end":{"line":34,"column":39}},"43":{"start":{"line":34,"column":40},"end":{"line":34,"column":46}},"44":{"start":{"line":35,"column":24},"end":{"line":35,"column":34}},"45":{"start":{"line":35,"column":35},"end":{"line":35,"column":72}},"46":{"start":{"line":36,"column":24},"end":{"line":36,"column":34}},"47":{"start":{"line":36,"column":35},"end":{"line":36,"column":45}},"48":{"start":{"line":36,"column":46},"end":{"line":36,"column":55}},"49":{"start":{"line":36,"column":56},"end":{"line":36,"column":65}},"50":{"start":{"line":37,"column":24},"end":{"line":37,"column":41}},"51":{"start":{"line":37,"column":42},"end":{"line":37,"column":55}},"52":{"start":{"line":37,"column":56},"end":{"line":37,"column":65}},"53":{"start":{"line":39,"column":20},"end":{"line":39,"column":128}},"54":{"start":{"line":39,"column":110},"end":{"line":39,"column":116}},"55":{"start":{"line":39,"column":117},"end":{"line":39,"column":126}},"56":{"start":{"line":40,"column":20},"end":{"line":40,"column":106}},"57":{"start":{"line":40,"column":81},"end":{"line":40,"column":97}},"58":{"start":{"line":40,"column":98},"end":{"line":40,"column":104}},"59":{"start":{"line":41,"column":20},"end":{"line":41,"column":89}},"60":{"start":{"line":41,"column":57},"end":{"line":41,"column":72}},"61":{"start":{"line":41,"column":73},"end":{"line":41,"column":80}},"62":{"start":{"line":41,"column":81},"end":{"line":41,"column":87}},"63":{"start":{"line":42,"column":20},"end":{"line":42,"column":87}},"64":{"start":{"line":42,"column":47},"end":{"line":42,"column":62}},"65":{"start":{"line":42,"column":63},"end":{"line":42,"column":78}},"66":{"start":{"line":42,"column":79},"end":{"line":42,"column":85}},"67":{"start":{"line":43,"column":20},"end":{"line":43,"column":42}},"68":{"start":{"line":43,"column":30},"end":{"line":43,"column":42}},"69":{"start":{"line":44,"column":20},"end":{"line":44,"column":33}},"70":{"start":{"line":44,"column":34},"end":{"line":44,"column":43}},"71":{"start":{"line":46,"column":12},"end":{"line":46,"column":39}},"72":{"start":{"line":47,"column":22},"end":{"line":47,"column":34}},"73":{"start":{"line":47,"column":35},"end":{"line":47,"column":41}},"74":{"start":{"line":47,"column":54},"end":{"line":47,"column":64}},"75":{"start":{"line":48,"column":8},"end":{"line":48,"column":35}},"76":{"start":{"line":48,"column":23},"end":{"line":48,"column":35}},"77":{"start":{"line":48,"column":36},"end":{"line":48,"column":89}},"78":{"start":{"line":51,"column":0},"end":{"line":51,"column":62}},"79":{"start":{"line":52,"column":19},"end":{"line":52,"column":50}},"80":{"start":{"line":53,"column":19},"end":{"line":53,"column":50}},"81":{"start":{"line":54,"column":15},"end":{"line":54,"column":34}},"82":{"start":{"line":58,"column":32},"end":{"line":627,"column":21}},"83":{"start":{"line":59,"column":4},"end":{"line":59,"column":34}},"84":{"start":{"line":61,"column":8},"end":{"line":61,"column":72}},"85":{"start":{"line":63,"column":4},"end":{"line":106,"column":6}},"86":{"start":{"line":67,"column":8},"end":{"line":69,"column":11}},"87":{"start":{"line":68,"column":12},"end":{"line":68,"column":52}},"88":{"start":{"line":71,"column":8},"end":{"line":73,"column":11}},"89":{"start":{"line":72,"column":12},"end":{"line":72,"column":52}},"90":{"start":{"line":75,"column":8},"end":{"line":77,"column":11}},"91":{"start":{"line":76,"column":12},"end":{"line":76,"column":58}},"92":{"start":{"line":79,"column":8},"end":{"line":81,"column":11}},"93":{"start":{"line":80,"column":12},"end":{"line":80,"column":59}},"94":{"start":{"line":83,"column":8},"end":{"line":85,"column":11}},"95":{"start":{"line":84,"column":12},"end":{"line":84,"column":54}},"96":{"start":{"line":87,"column":8},"end":{"line":89,"column":11}},"97":{"start":{"line":88,"column":12},"end":{"line":88,"column":61}},"98":{"start":{"line":91,"column":8},"end":{"line":93,"column":11}},"99":{"start":{"line":92,"column":12},"end":{"line":92,"column":60}},"100":{"start":{"line":94,"column":8},"end":{"line":96,"column":11}},"101":{"start":{"line":95,"column":12},"end":{"line":95,"column":64}},"102":{"start":{"line":97,"column":8},"end":{"line":99,"column":11}},"103":{"start":{"line":98,"column":12},"end":{"line":98,"column":55}},"104":{"start":{"line":100,"column":8},"end":{"line":102,"column":11}},"105":{"start":{"line":101,"column":12},"end":{"line":101,"column":53}},"106":{"start":{"line":103,"column":8},"end":{"line":105,"column":11}},"107":{"start":{"line":104,"column":12},"end":{"line":104,"column":56}},"108":{"start":{"line":110,"column":4},"end":{"line":134,"column":6}},"109":{"start":{"line":111,"column":8},"end":{"line":133,"column":11}},"110":{"start":{"line":113,"column":12},"end":{"line":132,"column":15}},"111":{"start":{"line":114,"column":16},"end":{"line":131,"column":17}},"112":{"start":{"line":116,"column":24},"end":{"line":116,"column":40}},"113":{"start":{"line":117,"column":24},"end":{"line":117,"column":68}},"114":{"start":{"line":118,"column":24},"end":{"line":118,"column":71}},"115":{"start":{"line":120,"column":24},"end":{"line":129,"column":25}},"116":{"start":{"line":121,"column":28},"end":{"line":121,"column":104}},"117":{"start":{"line":124,"column":28},"end":{"line":128,"column":31}},"118":{"start":{"line":130,"column":24},"end":{"line":130,"column":46}},"119":{"start":{"line":135,"column":4},"end":{"line":163,"column":6}},"120":{"start":{"line":136,"column":8},"end":{"line":162,"column":11}},"121":{"start":{"line":138,"column":12},"end":{"line":161,"column":15}},"122":{"start":{"line":139,"column":16},"end":{"line":160,"column":17}},"123":{"start":{"line":141,"column":24},"end":{"line":141,"column":44}},"124":{"start":{"line":142,"column":24},"end":{"line":142,"column":72}},"125":{"start":{"line":143,"column":24},"end":{"line":143,"column":71}},"126":{"start":{"line":145,"column":24},"end":{"line":151,"column":25}},"127":{"start":{"line":146,"column":28},"end":{"line":150,"column":31}},"128":{"start":{"line":152,"column":24},"end":{"line":152,"column":45}},"129":{"start":{"line":153,"column":24},"end":{"line":153,"column":72}},"130":{"start":{"line":154,"column":24},"end":{"line":154,"column":59}},"131":{"start":{"line":155,"column":24},"end":{"line":155,"column":78}},"132":{"start":{"line":157,"column":24},"end":{"line":157,"column":34}},"133":{"start":{"line":158,"column":24},"end":{"line":158,"column":68}},"134":{"start":{"line":159,"column":24},"end":{"line":159,"column":46}},"135":{"start":{"line":165,"column":4},"end":{"line":183,"column":6}},"136":{"start":{"line":166,"column":8},"end":{"line":182,"column":11}},"137":{"start":{"line":168,"column":12},"end":{"line":181,"column":15}},"138":{"start":{"line":169,"column":16},"end":{"line":180,"column":17}},"139":{"start":{"line":171,"column":24},"end":{"line":171,"column":40}},"140":{"start":{"line":172,"column":24},"end":{"line":172,"column":62}},"141":{"start":{"line":173,"column":24},"end":{"line":173,"column":64}},"142":{"start":{"line":175,"column":24},"end":{"line":175,"column":45}},"143":{"start":{"line":176,"column":24},"end":{"line":176,"column":68}},"144":{"start":{"line":178,"column":24},"end":{"line":178,"column":106}},"145":{"start":{"line":179,"column":24},"end":{"line":179,"column":46}},"146":{"start":{"line":187,"column":4},"end":{"line":216,"column":6}},"147":{"start":{"line":188,"column":8},"end":{"line":215,"column":11}},"148":{"start":{"line":190,"column":12},"end":{"line":214,"column":15}},"149":{"start":{"line":191,"column":16},"end":{"line":213,"column":17}},"150":{"start":{"line":193,"column":24},"end":{"line":193,"column":40}},"151":{"start":{"line":194,"column":24},"end":{"line":194,"column":70}},"152":{"start":{"line":195,"column":24},"end":{"line":195,"column":73}},"153":{"start":{"line":197,"column":24},"end":{"line":197,"column":64}},"154":{"start":{"line":197,"column":40},"end":{"line":197,"column":64}},"155":{"start":{"line":198,"column":24},"end":{"line":198,"column":62}},"156":{"start":{"line":199,"column":24},"end":{"line":199,"column":64}},"157":{"start":{"line":201,"column":24},"end":{"line":201,"column":45}},"158":{"start":{"line":202,"column":24},"end":{"line":202,"column":47}},"159":{"start":{"line":203,"column":24},"end":{"line":203,"column":49}},"160":{"start":{"line":204,"column":24},"end":{"line":204,"column":104}},"161":{"start":{"line":204,"column":59},"end":{"line":204,"column":100}},"162":{"start":{"line":205,"column":24},"end":{"line":210,"column":27}},"163":{"start":{"line":211,"column":24},"end":{"line":211,"column":37}},"164":{"start":{"line":212,"column":28},"end":{"line":212,"column":50}},"165":{"start":{"line":217,"column":4},"end":{"line":245,"column":6}},"166":{"start":{"line":218,"column":8},"end":{"line":244,"column":11}},"167":{"start":{"line":220,"column":12},"end":{"line":243,"column":15}},"168":{"start":{"line":221,"column":16},"end":{"line":242,"column":17}},"169":{"start":{"line":223,"column":24},"end":{"line":223,"column":40}},"170":{"start":{"line":224,"column":24},"end":{"line":224,"column":70}},"171":{"start":{"line":225,"column":24},"end":{"line":225,"column":73}},"172":{"start":{"line":227,"column":24},"end":{"line":227,"column":64}},"173":{"start":{"line":227,"column":40},"end":{"line":227,"column":64}},"174":{"start":{"line":228,"column":24},"end":{"line":228,"column":62}},"175":{"start":{"line":229,"column":24},"end":{"line":229,"column":64}},"176":{"start":{"line":231,"column":24},"end":{"line":231,"column":45}},"177":{"start":{"line":232,"column":24},"end":{"line":232,"column":47}},"178":{"start":{"line":233,"column":24},"end":{"line":233,"column":104}},"179":{"start":{"line":233,"column":59},"end":{"line":233,"column":100}},"180":{"start":{"line":234,"column":24},"end":{"line":239,"column":27}},"181":{"start":{"line":240,"column":24},"end":{"line":240,"column":37}},"182":{"start":{"line":241,"column":28},"end":{"line":241,"column":50}},"183":{"start":{"line":246,"column":4},"end":{"line":286,"column":6}},"184":{"start":{"line":247,"column":8},"end":{"line":285,"column":11}},"185":{"start":{"line":249,"column":12},"end":{"line":284,"column":15}},"186":{"start":{"line":250,"column":16},"end":{"line":283,"column":17}},"187":{"start":{"line":252,"column":24},"end":{"line":252,"column":44}},"188":{"start":{"line":253,"column":24},"end":{"line":253,"column":72}},"189":{"start":{"line":254,"column":24},"end":{"line":254,"column":45}},"190":{"start":{"line":255,"column":24},"end":{"line":255,"column":72}},"191":{"start":{"line":256,"column":24},"end":{"line":256,"column":71}},"192":{"start":{"line":258,"column":24},"end":{"line":258,"column":64}},"193":{"start":{"line":258,"column":40},"end":{"line":258,"column":64}},"194":{"start":{"line":259,"column":24},"end":{"line":259,"column":87}},"195":{"start":{"line":259,"column":63},"end":{"line":259,"column":87}},"196":{"start":{"line":260,"column":24},"end":{"line":260,"column":71}},"197":{"start":{"line":261,"column":24},"end":{"line":261,"column":48}},"198":{"start":{"line":263,"column":24},"end":{"line":263,"column":59}},"199":{"start":{"line":264,"column":24},"end":{"line":264,"column":56}},"200":{"start":{"line":265,"column":24},"end":{"line":267,"column":25}},"201":{"start":{"line":266,"column":28},"end":{"line":266,"column":38}},"202":{"start":{"line":268,"column":24},"end":{"line":268,"column":67}},"203":{"start":{"line":269,"column":24},"end":{"line":269,"column":82}},"204":{"start":{"line":271,"column":24},"end":{"line":271,"column":34}},"205":{"start":{"line":272,"column":24},"end":{"line":272,"column":68}},"206":{"start":{"line":273,"column":24},"end":{"line":273,"column":37}},"207":{"start":{"line":274,"column":28},"end":{"line":274,"column":52}},"208":{"start":{"line":276,"column":24},"end":{"line":280,"column":27}},"209":{"start":{"line":281,"column":24},"end":{"line":281,"column":37}},"210":{"start":{"line":282,"column":28},"end":{"line":282,"column":50}},"211":{"start":{"line":287,"column":4},"end":{"line":320,"column":6}},"212":{"start":{"line":288,"column":8},"end":{"line":319,"column":11}},"213":{"start":{"line":290,"column":12},"end":{"line":318,"column":15}},"214":{"start":{"line":291,"column":16},"end":{"line":317,"column":17}},"215":{"start":{"line":293,"column":24},"end":{"line":293,"column":44}},"216":{"start":{"line":294,"column":24},"end":{"line":294,"column":72}},"217":{"start":{"line":295,"column":24},"end":{"line":295,"column":45}},"218":{"start":{"line":296,"column":24},"end":{"line":296,"column":72}},"219":{"start":{"line":297,"column":24},"end":{"line":297,"column":67}},"220":{"start":{"line":299,"column":24},"end":{"line":299,"column":41}},"221":{"start":{"line":300,"column":24},"end":{"line":315,"column":25}},"222":{"start":{"line":301,"column":28},"end":{"line":301,"column":89}},"223":{"start":{"line":310,"column":28},"end":{"line":314,"column":31}},"224":{"start":{"line":316,"column":24},"end":{"line":316,"column":46}},"225":{"start":{"line":321,"column":4},"end":{"line":346,"column":6}},"226":{"start":{"line":322,"column":8},"end":{"line":345,"column":11}},"227":{"start":{"line":324,"column":12},"end":{"line":344,"column":15}},"228":{"start":{"line":325,"column":16},"end":{"line":343,"column":17}},"229":{"start":{"line":327,"column":24},"end":{"line":327,"column":40}},"230":{"start":{"line":328,"column":24},"end":{"line":328,"column":70}},"231":{"start":{"line":329,"column":24},"end":{"line":329,"column":73}},"232":{"start":{"line":331,"column":24},"end":{"line":341,"column":25}},"233":{"start":{"line":332,"column":28},"end":{"line":332,"column":51}},"234":{"start":{"line":333,"column":28},"end":{"line":333,"column":52}},"235":{"start":{"line":334,"column":28},"end":{"line":334,"column":53}},"236":{"start":{"line":335,"column":28},"end":{"line":335,"column":108}},"237":{"start":{"line":335,"column":63},"end":{"line":335,"column":104}},"238":{"start":{"line":336,"column":28},"end":{"line":336,"column":53}},"239":{"start":{"line":337,"column":28},"end":{"line":337,"column":158}},"240":{"start":{"line":340,"column":28},"end":{"line":340,"column":53}},"241":{"start":{"line":342,"column":24},"end":{"line":342,"column":46}},"242":{"start":{"line":347,"column":4},"end":{"line":371,"column":6}},"243":{"start":{"line":348,"column":8},"end":{"line":370,"column":11}},"244":{"start":{"line":350,"column":12},"end":{"line":369,"column":15}},"245":{"start":{"line":351,"column":16},"end":{"line":368,"column":17}},"246":{"start":{"line":353,"column":24},"end":{"line":353,"column":40}},"247":{"start":{"line":354,"column":24},"end":{"line":354,"column":70}},"248":{"start":{"line":355,"column":24},"end":{"line":355,"column":73}},"249":{"start":{"line":357,"column":24},"end":{"line":366,"column":25}},"250":{"start":{"line":358,"column":28},"end":{"line":358,"column":51}},"251":{"start":{"line":359,"column":28},"end":{"line":359,"column":52}},"252":{"start":{"line":360,"column":28},"end":{"line":360,"column":53}},"253":{"start":{"line":361,"column":28},"end":{"line":361,"column":108}},"254":{"start":{"line":361,"column":63},"end":{"line":361,"column":104}},"255":{"start":{"line":362,"column":28},"end":{"line":362,"column":158}},"256":{"start":{"line":365,"column":28},"end":{"line":365,"column":53}},"257":{"start":{"line":367,"column":24},"end":{"line":367,"column":46}},"258":{"start":{"line":375,"column":4},"end":{"line":409,"column":6}},"259":{"start":{"line":376,"column":8},"end":{"line":408,"column":11}},"260":{"start":{"line":378,"column":12},"end":{"line":407,"column":15}},"261":{"start":{"line":379,"column":16},"end":{"line":406,"column":17}},"262":{"start":{"line":381,"column":24},"end":{"line":381,"column":40}},"263":{"start":{"line":382,"column":24},"end":{"line":382,"column":70}},"264":{"start":{"line":383,"column":24},"end":{"line":383,"column":73}},"265":{"start":{"line":385,"column":24},"end":{"line":385,"column":45}},"266":{"start":{"line":386,"column":24},"end":{"line":386,"column":46}},"267":{"start":{"line":387,"column":24},"end":{"line":387,"column":63}},"268":{"start":{"line":387,"column":39},"end":{"line":387,"column":63}},"269":{"start":{"line":388,"column":24},"end":{"line":388,"column":74}},"270":{"start":{"line":390,"column":24},"end":{"line":390,"column":46}},"271":{"start":{"line":391,"column":24},"end":{"line":391,"column":73}},"272":{"start":{"line":393,"column":24},"end":{"line":393,"column":44}},"273":{"start":{"line":394,"column":24},"end":{"line":394,"column":73}},"274":{"start":{"line":395,"column":24},"end":{"line":395,"column":70}},"275":{"start":{"line":396,"column":24},"end":{"line":396,"column":152}},"276":{"start":{"line":397,"column":24},"end":{"line":397,"column":48}},"277":{"start":{"line":399,"column":24},"end":{"line":403,"column":27}},"278":{"start":{"line":404,"column":24},"end":{"line":404,"column":37}},"279":{"start":{"line":405,"column":28},"end":{"line":405,"column":50}},"280":{"start":{"line":413,"column":4},"end":{"line":457,"column":6}},"281":{"start":{"line":414,"column":8},"end":{"line":456,"column":11}},"282":{"start":{"line":416,"column":12},"end":{"line":455,"column":15}},"283":{"start":{"line":417,"column":16},"end":{"line":454,"column":17}},"284":{"start":{"line":419,"column":24},"end":{"line":419,"column":44}},"285":{"start":{"line":420,"column":24},"end":{"line":420,"column":72}},"286":{"start":{"line":421,"column":24},"end":{"line":421,"column":45}},"287":{"start":{"line":422,"column":24},"end":{"line":422,"column":72}},"288":{"start":{"line":423,"column":24},"end":{"line":423,"column":71}},"289":{"start":{"line":425,"column":24},"end":{"line":425,"column":64}},"290":{"start":{"line":425,"column":40},"end":{"line":425,"column":64}},"291":{"start":{"line":426,"column":24},"end":{"line":426,"column":84}},"292":{"start":{"line":427,"column":24},"end":{"line":427,"column":46}},"293":{"start":{"line":428,"column":24},"end":{"line":428,"column":52}},"294":{"start":{"line":429,"column":24},"end":{"line":429,"column":67}},"295":{"start":{"line":431,"column":24},"end":{"line":431,"column":41}},"296":{"start":{"line":432,"column":24},"end":{"line":448,"column":25}},"297":{"start":{"line":433,"column":28},"end":{"line":433,"column":65}},"298":{"start":{"line":434,"column":28},"end":{"line":434,"column":121}},"299":{"start":{"line":443,"column":28},"end":{"line":447,"column":31}},"300":{"start":{"line":449,"column":24},"end":{"line":449,"column":48}},"301":{"start":{"line":451,"column":24},"end":{"line":451,"column":52}},"302":{"start":{"line":452,"column":24},"end":{"line":452,"column":37}},"303":{"start":{"line":453,"column":28},"end":{"line":453,"column":50}},"304":{"start":{"line":458,"column":4},"end":{"line":495,"column":6}},"305":{"start":{"line":459,"column":8},"end":{"line":494,"column":11}},"306":{"start":{"line":460,"column":12},"end":{"line":493,"column":15}},"307":{"start":{"line":461,"column":16},"end":{"line":492,"column":17}},"308":{"start":{"line":463,"column":24},"end":{"line":463,"column":79}},"309":{"start":{"line":463,"column":55},"end":{"line":463,"column":79}},"310":{"start":{"line":464,"column":24},"end":{"line":464,"column":71}},"311":{"start":{"line":466,"column":24},"end":{"line":466,"column":45}},"312":{"start":{"line":467,"column":24},"end":{"line":467,"column":63}},"313":{"start":{"line":467,"column":39},"end":{"line":467,"column":63}},"314":{"start":{"line":468,"column":24},"end":{"line":468,"column":74}},"315":{"start":{"line":470,"column":24},"end":{"line":470,"column":46}},"316":{"start":{"line":471,"column":24},"end":{"line":471,"column":73}},"317":{"start":{"line":473,"column":24},"end":{"line":473,"column":44}},"318":{"start":{"line":474,"column":24},"end":{"line":474,"column":52}},"319":{"start":{"line":475,"column":28},"end":{"line":475,"column":57}},"320":{"start":{"line":476,"column":28},"end":{"line":476,"column":53}},"321":{"start":{"line":478,"column":24},"end":{"line":478,"column":99}},"322":{"start":{"line":478,"column":74},"end":{"line":478,"column":99}},"323":{"start":{"line":479,"column":24},"end":{"line":479,"column":71}},"324":{"start":{"line":481,"column":24},"end":{"line":481,"column":45}},"325":{"start":{"line":482,"column":24},"end":{"line":482,"column":64}},"326":{"start":{"line":482,"column":39},"end":{"line":482,"column":64}},"327":{"start":{"line":483,"column":24},"end":{"line":483,"column":74}},"328":{"start":{"line":485,"column":24},"end":{"line":485,"column":46}},"329":{"start":{"line":486,"column":24},"end":{"line":486,"column":73}},"330":{"start":{"line":488,"column":24},"end":{"line":488,"column":44}},"331":{"start":{"line":489,"column":24},"end":{"line":489,"column":52}},"332":{"start":{"line":490,"column":29},"end":{"line":490,"column":58}},"333":{"start":{"line":491,"column":29},"end":{"line":491,"column":57}},"334":{"start":{"line":496,"column":4},"end":{"line":506,"column":6}},"335":{"start":{"line":497,"column":8},"end":{"line":504,"column":9}},"336":{"start":{"line":498,"column":12},"end":{"line":503,"column":13}},"337":{"start":{"line":499,"column":29},"end":{"line":499,"column":52}},"338":{"start":{"line":500,"column":16},"end":{"line":502,"column":17}},"339":{"start":{"line":501,"column":20},"end":{"line":501,"column":32}},"340":{"start":{"line":505,"column":8},"end":{"line":505,"column":21}},"341":{"start":{"line":507,"column":4},"end":{"line":518,"column":6}},"342":{"start":{"line":508,"column":23},"end":{"line":508,"column":24}},"343":{"start":{"line":509,"column":8},"end":{"line":516,"column":9}},"344":{"start":{"line":510,"column":12},"end":{"line":515,"column":13}},"345":{"start":{"line":511,"column":29},"end":{"line":511,"column":52}},"346":{"start":{"line":512,"column":16},"end":{"line":514,"column":17}},"347":{"start":{"line":513,"column":20},"end":{"line":513,"column":62}},"348":{"start":{"line":517,"column":8},"end":{"line":517,"column":24}},"349":{"start":{"line":519,"column":4},"end":{"line":540,"column":6}},"350":{"start":{"line":520,"column":8},"end":{"line":539,"column":11}},"351":{"start":{"line":522,"column":12},"end":{"line":538,"column":15}},"352":{"start":{"line":523,"column":16},"end":{"line":537,"column":17}},"353":{"start":{"line":525,"column":24},"end":{"line":525,"column":62}},"354":{"start":{"line":526,"column":24},"end":{"line":526,"column":72}},"355":{"start":{"line":528,"column":24},"end":{"line":528,"column":45}},"356":{"start":{"line":529,"column":24},"end":{"line":529,"column":46}},"357":{"start":{"line":530,"column":24},"end":{"line":535,"column":25}},"358":{"start":{"line":531,"column":28},"end":{"line":531,"column":91}},"359":{"start":{"line":534,"column":28},"end":{"line":534,"column":50}},"360":{"start":{"line":536,"column":24},"end":{"line":536,"column":46}},"361":{"start":{"line":541,"column":4},"end":{"line":555,"column":6}},"362":{"start":{"line":542,"column":8},"end":{"line":554,"column":11}},"363":{"start":{"line":544,"column":12},"end":{"line":553,"column":15}},"364":{"start":{"line":545,"column":16},"end":{"line":552,"column":17}},"365":{"start":{"line":547,"column":24},"end":{"line":547,"column":62}},"366":{"start":{"line":548,"column":24},"end":{"line":548,"column":84}},"367":{"start":{"line":550,"column":24},"end":{"line":550,"column":43}},"368":{"start":{"line":551,"column":24},"end":{"line":551,"column":54}},"369":{"start":{"line":556,"column":4},"end":{"line":576,"column":6}},"370":{"start":{"line":557,"column":8},"end":{"line":575,"column":11}},"371":{"start":{"line":559,"column":12},"end":{"line":574,"column":15}},"372":{"start":{"line":560,"column":16},"end":{"line":573,"column":17}},"373":{"start":{"line":562,"column":24},"end":{"line":562,"column":62}},"374":{"start":{"line":563,"column":24},"end":{"line":563,"column":72}},"375":{"start":{"line":565,"column":24},"end":{"line":565,"column":41}},"376":{"start":{"line":566,"column":24},"end":{"line":571,"column":25}},"377":{"start":{"line":567,"column":28},"end":{"line":567,"column":56}},"378":{"start":{"line":570,"column":28},"end":{"line":570,"column":50}},"379":{"start":{"line":572,"column":24},"end":{"line":572,"column":46}},"380":{"start":{"line":577,"column":4},"end":{"line":606,"column":6}},"381":{"start":{"line":578,"column":8},"end":{"line":605,"column":11}},"382":{"start":{"line":580,"column":12},"end":{"line":604,"column":15}},"383":{"start":{"line":581,"column":16},"end":{"line":603,"column":17}},"384":{"start":{"line":583,"column":24},"end":{"line":583,"column":32}},"385":{"start":{"line":584,"column":24},"end":{"line":584,"column":32}},"386":{"start":{"line":585,"column":24},"end":{"line":586,"column":40}},"387":{"start":{"line":586,"column":28},"end":{"line":586,"column":40}},"388":{"start":{"line":587,"column":24},"end":{"line":587,"column":31}},"389":{"start":{"line":588,"column":24},"end":{"line":588,"column":37}},"390":{"start":{"line":590,"column":24},"end":{"line":590,"column":71}},"391":{"start":{"line":590,"column":47},"end":{"line":590,"column":71}},"392":{"start":{"line":591,"column":24},"end":{"line":591,"column":38}},"393":{"start":{"line":592,"column":24},"end":{"line":592,"column":84}},"394":{"start":{"line":592,"column":60},"end":{"line":592,"column":84}},"395":{"start":{"line":593,"column":24},"end":{"line":593,"column":111}},"396":{"start":{"line":595,"column":24},"end":{"line":595,"column":45}},"397":{"start":{"line":596,"column":24},"end":{"line":596,"column":65}},"398":{"start":{"line":597,"column":24},"end":{"line":597,"column":57}},"399":{"start":{"line":598,"column":24},"end":{"line":598,"column":37}},"400":{"start":{"line":600,"column":24},"end":{"line":600,"column":29}},"401":{"start":{"line":601,"column":24},"end":{"line":601,"column":48}},"402":{"start":{"line":602,"column":28},"end":{"line":602,"column":55}},"403":{"start":{"line":608,"column":4},"end":{"line":625,"column":6}},"404":{"start":{"line":609,"column":8},"end":{"line":624,"column":11}},"405":{"start":{"line":611,"column":12},"end":{"line":623,"column":15}},"406":{"start":{"line":612,"column":16},"end":{"line":622,"column":17}},"407":{"start":{"line":614,"column":24},"end":{"line":614,"column":62}},"408":{"start":{"line":615,"column":24},"end":{"line":615,"column":64}},"409":{"start":{"line":617,"column":24},"end":{"line":617,"column":45}},"410":{"start":{"line":618,"column":24},"end":{"line":620,"column":25}},"411":{"start":{"line":619,"column":28},"end":{"line":619,"column":60}},"412":{"start":{"line":621,"column":24},"end":{"line":621,"column":46}},"413":{"start":{"line":626,"column":4},"end":{"line":626,"column":22}},"414":{"start":{"line":628,"column":0},"end":{"line":628,"column":32}}},"fnMap":{"0":{"name":"(anonymous_0)","decl":{"start":{"line":2,"column":45},"end":{"line":2,"column":46}},"loc":{"start":{"line":2,"column":57},"end":{"line":14,"column":1}},"line":2},"1":{"name":"(anonymous_1)","decl":{"start":{"line":3,"column":24},"end":{"line":3,"column":25}},"loc":{"start":{"line":3,"column":40},"end":{"line":8,"column":5}},"line":3},"2":{"name":"(anonymous_2)","decl":{"start":{"line":5,"column":51},"end":{"line":5,"column":52}},"loc":{"start":{"line":5,"column":67},"end":{"line":5,"column":87}},"line":5},"3":{"name":"(anonymous_3)","decl":{"start":{"line":6,"column":12},"end":{"line":6,"column":13}},"loc":{"start":{"line":6,"column":28},"end":{"line":6,"column":86}},"line":6},"4":{"name":"(anonymous_4)","decl":{"start":{"line":9,"column":11},"end":{"line":9,"column":12}},"loc":{"start":{"line":9,"column":27},"end":{"line":13,"column":5}},"line":9},"5":{"name":"__","decl":{"start":{"line":11,"column":17},"end":{"line":11,"column":19}},"loc":{"start":{"line":11,"column":22},"end":{"line":11,"column":47}},"line":11},"6":{"name":"(anonymous_6)","decl":{"start":{"line":15,"column":44},"end":{"line":15,"column":45}},"loc":{"start":{"line":15,"column":89},"end":{"line":23,"column":1}},"line":15},"7":{"name":"adopt","decl":{"start":{"line":16,"column":13},"end":{"line":16,"column":18}},"loc":{"start":{"line":16,"column":26},"end":{"line":16,"column":112}},"line":16},"8":{"name":"(anonymous_8)","decl":{"start":{"line":16,"column":70},"end":{"line":16,"column":71}},"loc":{"start":{"line":16,"column":89},"end":{"line":16,"column":108}},"line":16},"9":{"name":"(anonymous_9)","decl":{"start":{"line":17,"column":36},"end":{"line":17,"column":37}},"loc":{"start":{"line":17,"column":63},"end":{"line":22,"column":5}},"line":17},"10":{"name":"fulfilled","decl":{"start":{"line":18,"column":17},"end":{"line":18,"column":26}},"loc":{"start":{"line":18,"column":34},"end":{"line":18,"column":99}},"line":18},"11":{"name":"rejected","decl":{"start":{"line":19,"column":17},"end":{"line":19,"column":25}},"loc":{"start":{"line":19,"column":33},"end":{"line":19,"column":102}},"line":19},"12":{"name":"step","decl":{"start":{"line":20,"column":17},"end":{"line":20,"column":21}},"loc":{"start":{"line":20,"column":30},"end":{"line":20,"column":118}},"line":20},"13":{"name":"(anonymous_13)","decl":{"start":{"line":24,"column":48},"end":{"line":24,"column":49}},"loc":{"start":{"line":24,"column":73},"end":{"line":50,"column":1}},"line":24},"14":{"name":"(anonymous_14)","decl":{"start":{"line":25,"column":30},"end":{"line":25,"column":31}},"loc":{"start":{"line":25,"column":41},"end":{"line":25,"column":83}},"line":25},"15":{"name":"(anonymous_15)","decl":{"start":{"line":26,"column":125},"end":{"line":26,"column":126}},"loc":{"start":{"line":26,"column":136},"end":{"line":26,"column":152}},"line":26},"16":{"name":"verb","decl":{"start":{"line":27,"column":13},"end":{"line":27,"column":17}},"loc":{"start":{"line":27,"column":21},"end":{"line":27,"column":70}},"line":27},"17":{"name":"(anonymous_17)","decl":{"start":{"line":27,"column":30},"end":{"line":27,"column":31}},"loc":{"start":{"line":27,"column":43},"end":{"line":27,"column":67}},"line":27},"18":{"name":"step","decl":{"start":{"line":28,"column":13},"end":{"line":28,"column":17}},"loc":{"start":{"line":28,"column":22},"end":{"line":49,"column":5}},"line":28},"19":{"name":"(anonymous_19)","decl":{"start":{"line":58,"column":32},"end":{"line":58,"column":33}},"loc":{"start":{"line":58,"column":50},"end":{"line":627,"column":1}},"line":58},"20":{"name":"ShoeRouter","decl":{"start":{"line":60,"column":13},"end":{"line":60,"column":23}},"loc":{"start":{"line":60,"column":26},"end":{"line":62,"column":5}},"line":60},"21":{"name":"(anonymous_21)","decl":{"start":{"line":63,"column":24},"end":{"line":63,"column":25}},"loc":{"start":{"line":63,"column":42},"end":{"line":106,"column":5}},"line":63},"22":{"name":"(anonymous_22)","decl":{"start":{"line":67,"column":38},"end":{"line":67,"column":39}},"loc":{"start":{"line":67,"column":64},"end":{"line":69,"column":9}},"line":67},"23":{"name":"(anonymous_23)","decl":{"start":{"line":71,"column":43},"end":{"line":71,"column":44}},"loc":{"start":{"line":71,"column":69},"end":{"line":73,"column":9}},"line":71},"24":{"name":"(anonymous_24)","decl":{"start":{"line":75,"column":53},"end":{"line":75,"column":54}},"loc":{"start":{"line":75,"column":79},"end":{"line":77,"column":9}},"line":75},"25":{"name":"(anonymous_25)","decl":{"start":{"line":79,"column":54},"end":{"line":79,"column":55}},"loc":{"start":{"line":79,"column":80},"end":{"line":81,"column":9}},"line":79},"26":{"name":"(anonymous_26)","decl":{"start":{"line":83,"column":41},"end":{"line":83,"column":42}},"loc":{"start":{"line":83,"column":67},"end":{"line":85,"column":9}},"line":83},"27":{"name":"(anonymous_27)","decl":{"start":{"line":87,"column":57},"end":{"line":87,"column":58}},"loc":{"start":{"line":87,"column":83},"end":{"line":89,"column":9}},"line":87},"28":{"name":"(anonymous_28)","decl":{"start":{"line":91,"column":56},"end":{"line":91,"column":57}},"loc":{"start":{"line":91,"column":82},"end":{"line":93,"column":9}},"line":91},"29":{"name":"(anonymous_29)","decl":{"start":{"line":94,"column":46},"end":{"line":94,"column":47}},"loc":{"start":{"line":94,"column":72},"end":{"line":96,"column":9}},"line":94},"30":{"name":"(anonymous_30)","decl":{"start":{"line":97,"column":46},"end":{"line":97,"column":47}},"loc":{"start":{"line":97,"column":72},"end":{"line":99,"column":9}},"line":97},"31":{"name":"(anonymous_31)","decl":{"start":{"line":100,"column":47},"end":{"line":100,"column":48}},"loc":{"start":{"line":100,"column":73},"end":{"line":102,"column":9}},"line":100},"32":{"name":"(anonymous_32)","decl":{"start":{"line":103,"column":50},"end":{"line":103,"column":51}},"loc":{"start":{"line":103,"column":76},"end":{"line":105,"column":9}},"line":103},"33":{"name":"(anonymous_33)","decl":{"start":{"line":110,"column":46},"end":{"line":110,"column":47}},"loc":{"start":{"line":110,"column":72},"end":{"line":134,"column":5}},"line":110},"34":{"name":"(anonymous_34)","decl":{"start":{"line":111,"column":47},"end":{"line":111,"column":48}},"loc":{"start":{"line":111,"column":59},"end":{"line":133,"column":9}},"line":111},"35":{"name":"(anonymous_35)","decl":{"start":{"line":113,"column":37},"end":{"line":113,"column":38}},"loc":{"start":{"line":113,"column":51},"end":{"line":132,"column":13}},"line":113},"36":{"name":"(anonymous_36)","decl":{"start":{"line":135,"column":38},"end":{"line":135,"column":39}},"loc":{"start":{"line":135,"column":64},"end":{"line":163,"column":5}},"line":135},"37":{"name":"(anonymous_37)","decl":{"start":{"line":136,"column":47},"end":{"line":136,"column":48}},"loc":{"start":{"line":136,"column":59},"end":{"line":162,"column":9}},"line":136},"38":{"name":"(anonymous_38)","decl":{"start":{"line":138,"column":37},"end":{"line":138,"column":38}},"loc":{"start":{"line":138,"column":51},"end":{"line":161,"column":13}},"line":138},"39":{"name":"(anonymous_39)","decl":{"start":{"line":165,"column":36},"end":{"line":165,"column":37}},"loc":{"start":{"line":165,"column":62},"end":{"line":183,"column":5}},"line":165},"40":{"name":"(anonymous_40)","decl":{"start":{"line":166,"column":47},"end":{"line":166,"column":48}},"loc":{"start":{"line":166,"column":59},"end":{"line":182,"column":9}},"line":166},"41":{"name":"(anonymous_41)","decl":{"start":{"line":168,"column":37},"end":{"line":168,"column":38}},"loc":{"start":{"line":168,"column":51},"end":{"line":181,"column":13}},"line":168},"42":{"name":"(anonymous_42)","decl":{"start":{"line":187,"column":42},"end":{"line":187,"column":43}},"loc":{"start":{"line":187,"column":68},"end":{"line":216,"column":5}},"line":187},"43":{"name":"(anonymous_43)","decl":{"start":{"line":188,"column":47},"end":{"line":188,"column":48}},"loc":{"start":{"line":188,"column":59},"end":{"line":215,"column":9}},"line":188},"44":{"name":"(anonymous_44)","decl":{"start":{"line":190,"column":37},"end":{"line":190,"column":38}},"loc":{"start":{"line":190,"column":51},"end":{"line":214,"column":13}},"line":190},"45":{"name":"(anonymous_45)","decl":{"start":{"line":204,"column":41},"end":{"line":204,"column":42}},"loc":{"start":{"line":204,"column":57},"end":{"line":204,"column":102}},"line":204},"46":{"name":"(anonymous_46)","decl":{"start":{"line":217,"column":43},"end":{"line":217,"column":44}},"loc":{"start":{"line":217,"column":69},"end":{"line":245,"column":5}},"line":217},"47":{"name":"(anonymous_47)","decl":{"start":{"line":218,"column":47},"end":{"line":218,"column":48}},"loc":{"start":{"line":218,"column":59},"end":{"line":244,"column":9}},"line":218},"48":{"name":"(anonymous_48)","decl":{"start":{"line":220,"column":37},"end":{"line":220,"column":38}},"loc":{"start":{"line":220,"column":51},"end":{"line":243,"column":13}},"line":220},"49":{"name":"(anonymous_49)","decl":{"start":{"line":233,"column":41},"end":{"line":233,"column":42}},"loc":{"start":{"line":233,"column":57},"end":{"line":233,"column":102}},"line":233},"50":{"name":"(anonymous_50)","decl":{"start":{"line":246,"column":35},"end":{"line":246,"column":36}},"loc":{"start":{"line":246,"column":61},"end":{"line":286,"column":5}},"line":246},"51":{"name":"(anonymous_51)","decl":{"start":{"line":247,"column":47},"end":{"line":247,"column":48}},"loc":{"start":{"line":247,"column":59},"end":{"line":285,"column":9}},"line":247},"52":{"name":"(anonymous_52)","decl":{"start":{"line":249,"column":37},"end":{"line":249,"column":38}},"loc":{"start":{"line":249,"column":51},"end":{"line":284,"column":13}},"line":249},"53":{"name":"(anonymous_53)","decl":{"start":{"line":287,"column":37},"end":{"line":287,"column":38}},"loc":{"start":{"line":287,"column":63},"end":{"line":320,"column":5}},"line":287},"54":{"name":"(anonymous_54)","decl":{"start":{"line":288,"column":47},"end":{"line":288,"column":48}},"loc":{"start":{"line":288,"column":59},"end":{"line":319,"column":9}},"line":288},"55":{"name":"(anonymous_55)","decl":{"start":{"line":290,"column":37},"end":{"line":290,"column":38}},"loc":{"start":{"line":290,"column":51},"end":{"line":318,"column":13}},"line":290},"56":{"name":"(anonymous_56)","decl":{"start":{"line":321,"column":40},"end":{"line":321,"column":41}},"loc":{"start":{"line":321,"column":66},"end":{"line":346,"column":5}},"line":321},"57":{"name":"(anonymous_57)","decl":{"start":{"line":322,"column":47},"end":{"line":322,"column":48}},"loc":{"start":{"line":322,"column":59},"end":{"line":345,"column":9}},"line":322},"58":{"name":"(anonymous_58)","decl":{"start":{"line":324,"column":37},"end":{"line":324,"column":38}},"loc":{"start":{"line":324,"column":51},"end":{"line":344,"column":13}},"line":324},"59":{"name":"(anonymous_59)","decl":{"start":{"line":335,"column":45},"end":{"line":335,"column":46}},"loc":{"start":{"line":335,"column":61},"end":{"line":335,"column":106}},"line":335},"60":{"name":"(anonymous_60)","decl":{"start":{"line":347,"column":41},"end":{"line":347,"column":42}},"loc":{"start":{"line":347,"column":67},"end":{"line":371,"column":5}},"line":347},"61":{"name":"(anonymous_61)","decl":{"start":{"line":348,"column":47},"end":{"line":348,"column":48}},"loc":{"start":{"line":348,"column":59},"end":{"line":370,"column":9}},"line":348},"62":{"name":"(anonymous_62)","decl":{"start":{"line":350,"column":37},"end":{"line":350,"column":38}},"loc":{"start":{"line":350,"column":51},"end":{"line":369,"column":13}},"line":350},"63":{"name":"(anonymous_63)","decl":{"start":{"line":361,"column":45},"end":{"line":361,"column":46}},"loc":{"start":{"line":361,"column":61},"end":{"line":361,"column":106}},"line":361},"64":{"name":"(anonymous_64)","decl":{"start":{"line":375,"column":34},"end":{"line":375,"column":35}},"loc":{"start":{"line":375,"column":60},"end":{"line":409,"column":5}},"line":375},"65":{"name":"(anonymous_65)","decl":{"start":{"line":376,"column":47},"end":{"line":376,"column":48}},"loc":{"start":{"line":376,"column":59},"end":{"line":408,"column":9}},"line":376},"66":{"name":"(anonymous_66)","decl":{"start":{"line":378,"column":37},"end":{"line":378,"column":38}},"loc":{"start":{"line":378,"column":51},"end":{"line":407,"column":13}},"line":378},"67":{"name":"(anonymous_67)","decl":{"start":{"line":413,"column":34},"end":{"line":413,"column":35}},"loc":{"start":{"line":413,"column":60},"end":{"line":457,"column":5}},"line":413},"68":{"name":"(anonymous_68)","decl":{"start":{"line":414,"column":47},"end":{"line":414,"column":48}},"loc":{"start":{"line":414,"column":59},"end":{"line":456,"column":9}},"line":414},"69":{"name":"(anonymous_69)","decl":{"start":{"line":416,"column":37},"end":{"line":416,"column":38}},"loc":{"start":{"line":416,"column":51},"end":{"line":455,"column":13}},"line":416},"70":{"name":"(anonymous_70)","decl":{"start":{"line":458,"column":39},"end":{"line":458,"column":40}},"loc":{"start":{"line":458,"column":57},"end":{"line":495,"column":5}},"line":458},"71":{"name":"(anonymous_71)","decl":{"start":{"line":459,"column":47},"end":{"line":459,"column":48}},"loc":{"start":{"line":459,"column":59},"end":{"line":494,"column":9}},"line":459},"72":{"name":"(anonymous_72)","decl":{"start":{"line":460,"column":37},"end":{"line":460,"column":38}},"loc":{"start":{"line":460,"column":51},"end":{"line":493,"column":13}},"line":460},"73":{"name":"(anonymous_73)","decl":{"start":{"line":496,"column":36},"end":{"line":496,"column":37}},"loc":{"start":{"line":496,"column":65},"end":{"line":506,"column":5}},"line":496},"74":{"name":"(anonymous_74)","decl":{"start":{"line":507,"column":44},"end":{"line":507,"column":45}},"loc":{"start":{"line":507,"column":69},"end":{"line":518,"column":5}},"line":507},"75":{"name":"(anonymous_75)","decl":{"start":{"line":519,"column":39},"end":{"line":519,"column":40}},"loc":{"start":{"line":519,"column":59},"end":{"line":540,"column":5}},"line":519},"76":{"name":"(anonymous_76)","decl":{"start":{"line":520,"column":47},"end":{"line":520,"column":48}},"loc":{"start":{"line":520,"column":59},"end":{"line":539,"column":9}},"line":520},"77":{"name":"(anonymous_77)","decl":{"start":{"line":522,"column":37},"end":{"line":522,"column":38}},"loc":{"start":{"line":522,"column":51},"end":{"line":538,"column":13}},"line":522},"78":{"name":"(anonymous_78)","decl":{"start":{"line":541,"column":40},"end":{"line":541,"column":41}},"loc":{"start":{"line":541,"column":60},"end":{"line":555,"column":5}},"line":541},"79":{"name":"(anonymous_79)","decl":{"start":{"line":542,"column":47},"end":{"line":542,"column":48}},"loc":{"start":{"line":542,"column":59},"end":{"line":554,"column":9}},"line":542},"80":{"name":"(anonymous_80)","decl":{"start":{"line":544,"column":37},"end":{"line":544,"column":38}},"loc":{"start":{"line":544,"column":51},"end":{"line":553,"column":13}},"line":544},"81":{"name":"(anonymous_81)","decl":{"start":{"line":556,"column":35},"end":{"line":556,"column":36}},"loc":{"start":{"line":556,"column":53},"end":{"line":576,"column":5}},"line":556},"82":{"name":"(anonymous_82)","decl":{"start":{"line":557,"column":47},"end":{"line":557,"column":48}},"loc":{"start":{"line":557,"column":59},"end":{"line":575,"column":9}},"line":557},"83":{"name":"(anonymous_83)","decl":{"start":{"line":559,"column":37},"end":{"line":559,"column":38}},"loc":{"start":{"line":559,"column":51},"end":{"line":574,"column":13}},"line":559},"84":{"name":"(anonymous_84)","decl":{"start":{"line":577,"column":38},"end":{"line":577,"column":39}},"loc":{"start":{"line":577,"column":58},"end":{"line":606,"column":5}},"line":577},"85":{"name":"(anonymous_85)","decl":{"start":{"line":578,"column":47},"end":{"line":578,"column":48}},"loc":{"start":{"line":578,"column":59},"end":{"line":605,"column":9}},"line":578},"86":{"name":"(anonymous_86)","decl":{"start":{"line":580,"column":37},"end":{"line":580,"column":38}},"loc":{"start":{"line":580,"column":51},"end":{"line":604,"column":13}},"line":580},"87":{"name":"(anonymous_87)","decl":{"start":{"line":608,"column":41},"end":{"line":608,"column":42}},"loc":{"start":{"line":608,"column":53},"end":{"line":625,"column":5}},"line":608},"88":{"name":"(anonymous_88)","decl":{"start":{"line":609,"column":47},"end":{"line":609,"column":48}},"loc":{"start":{"line":609,"column":59},"end":{"line":624,"column":9}},"line":609},"89":{"name":"(anonymous_89)","decl":{"start":{"line":611,"column":37},"end":{"line":611,"column":38}},"loc":{"start":{"line":611,"column":51},"end":{"line":623,"column":13}},"line":611}},"branchMap":{"0":{"loc":{"start":{"line":2,"column":16},"end":{"line":14,"column":4}},"type":"binary-expr","locations":[{"start":{"line":2,"column":17},"end":{"line":2,"column":21}},{"start":{"line":2,"column":25},"end":{"line":2,"column":39}},{"start":{"line":2,"column":44},"end":{"line":14,"column":4}}],"line":2},"1":{"loc":{"start":{"line":4,"column":24},"end":{"line":6,"column":86}},"type":"binary-expr","locations":[{"start":{"line":4,"column":24},"end":{"line":4,"column":45}},{"start":{"line":5,"column":13},"end":{"line":5,"column":47}},{"start":{"line":5,"column":51},"end":{"line":5,"column":87}},{"start":{"line":6,"column":12},"end":{"line":6,"column":86}}],"line":4},"2":{"loc":{"start":{"line":6,"column":47},"end":{"line":6,"column":84}},"type":"if","locations":[{"start":{"line":6,"column":47},"end":{"line":6,"column":84}},{"start":{"line":6,"column":47},"end":{"line":6,"column":84}}],"line":6},"3":{"loc":{"start":{"line":12,"column":22},"end":{"line":12,"column":92}},"type":"cond-expr","locations":[{"start":{"line":12,"column":35},"end":{"line":12,"column":51}},{"start":{"line":12,"column":55},"end":{"line":12,"column":91}}],"line":12},"4":{"loc":{"start":{"line":15,"column":16},"end":{"line":23,"column":1}},"type":"binary-expr","locations":[{"start":{"line":15,"column":17},"end":{"line":15,"column":21}},{"start":{"line":15,"column":25},"end":{"line":15,"column":39}},{"start":{"line":15,"column":44},"end":{"line":23,"column":1}}],"line":15},"5":{"loc":{"start":{"line":16,"column":35},"end":{"line":16,"column":109}},"type":"cond-expr","locations":[{"start":{"line":16,"column":56},"end":{"line":16,"column":61}},{"start":{"line":16,"column":64},"end":{"line":16,"column":109}}],"line":16},"6":{"loc":{"start":{"line":17,"column":16},"end":{"line":17,"column":34}},"type":"binary-expr","locations":[{"start":{"line":17,"column":16},"end":{"line":17,"column":17}},{"start":{"line":17,"column":22},"end":{"line":17,"column":33}}],"line":17},"7":{"loc":{"start":{"line":20,"column":32},"end":{"line":20,"column":115}},"type":"cond-expr","locations":[{"start":{"line":20,"column":46},"end":{"line":20,"column":67}},{"start":{"line":20,"column":70},"end":{"line":20,"column":115}}],"line":20},"8":{"loc":{"start":{"line":21,"column":51},"end":{"line":21,"column":67}},"type":"binary-expr","locations":[{"start":{"line":21,"column":51},"end":{"line":21,"column":61}},{"start":{"line":21,"column":65},"end":{"line":21,"column":67}}],"line":21},"9":{"loc":{"start":{"line":24,"column":18},"end":{"line":50,"column":1}},"type":"binary-expr","locations":[{"start":{"line":24,"column":19},"end":{"line":24,"column":23}},{"start":{"line":24,"column":27},"end":{"line":24,"column":43}},{"start":{"line":24,"column":48},"end":{"line":50,"column":1}}],"line":24},"10":{"loc":{"start":{"line":25,"column":43},"end":{"line":25,"column":68}},"type":"if","locations":[{"start":{"line":25,"column":43},"end":{"line":25,"column":68}},{"start":{"line":25,"column":43},"end":{"line":25,"column":68}}],"line":25},"11":{"loc":{"start":{"line":26,"column":71},"end":{"line":26,"column":153}},"type":"binary-expr","locations":[{"start":{"line":26,"column":71},"end":{"line":26,"column":99}},{"start":{"line":26,"column":104},"end":{"line":26,"column":152}}],"line":26},"12":{"loc":{"start":{"line":29,"column":8},"end":{"line":29,"column":70}},"type":"if","locations":[{"start":{"line":29,"column":8},"end":{"line":29,"column":70}},{"start":{"line":29,"column":8},"end":{"line":29,"column":70}}],"line":29},"13":{"loc":{"start":{"line":31,"column":12},"end":{"line":31,"column":169}},"type":"if","locations":[{"start":{"line":31,"column":12},"end":{"line":31,"column":169}},{"start":{"line":31,"column":12},"end":{"line":31,"column":169}}],"line":31},"14":{"loc":{"start":{"line":31,"column":23},"end":{"line":31,"column":158}},"type":"binary-expr","locations":[{"start":{"line":31,"column":23},"end":{"line":31,"column":24}},{"start":{"line":31,"column":29},"end":{"line":31,"column":125}},{"start":{"line":31,"column":130},"end":{"line":31,"column":158}}],"line":31},"15":{"loc":{"start":{"line":31,"column":33},"end":{"line":31,"column":125}},"type":"cond-expr","locations":[{"start":{"line":31,"column":45},"end":{"line":31,"column":56}},{"start":{"line":31,"column":59},"end":{"line":31,"column":125}}],"line":31},"16":{"loc":{"start":{"line":31,"column":59},"end":{"line":31,"column":125}},"type":"cond-expr","locations":[{"start":{"line":31,"column":67},"end":{"line":31,"column":116}},{"start":{"line":31,"column":119},"end":{"line":31,"column":125}}],"line":31},"17":{"loc":{"start":{"line":31,"column":67},"end":{"line":31,"column":116}},"type":"binary-expr","locations":[{"start":{"line":31,"column":67},"end":{"line":31,"column":77}},{"start":{"line":31,"column":82},"end":{"line":31,"column":115}}],"line":31},"18":{"loc":{"start":{"line":31,"column":82},"end":{"line":31,"column":112}},"type":"binary-expr","locations":[{"start":{"line":31,"column":83},"end":{"line":31,"column":98}},{"start":{"line":31,"column":103},"end":{"line":31,"column":112}}],"line":31},"19":{"loc":{"start":{"line":32,"column":12},"end":{"line":32,"column":52}},"type":"if","locations":[{"start":{"line":32,"column":12},"end":{"line":32,"column":52}},{"start":{"line":32,"column":12},"end":{"line":32,"column":52}}],"line":32},"20":{"loc":{"start":{"line":33,"column":12},"end":{"line":45,"column":13}},"type":"switch","locations":[{"start":{"line":34,"column":16},"end":{"line":34,"column":23}},{"start":{"line":34,"column":24},"end":{"line":34,"column":46}},{"start":{"line":35,"column":16},"end":{"line":35,"column":72}},{"start":{"line":36,"column":16},"end":{"line":36,"column":65}},{"start":{"line":37,"column":16},"end":{"line":37,"column":65}},{"start":{"line":38,"column":16},"end":{"line":44,"column":43}}],"line":33},"21":{"loc":{"start":{"line":39,"column":20},"end":{"line":39,"column":128}},"type":"if","locations":[{"start":{"line":39,"column":20},"end":{"line":39,"column":128}},{"start":{"line":39,"column":20},"end":{"line":39,"column":128}}],"line":39},"22":{"loc":{"start":{"line":39,"column":24},"end":{"line":39,"column":106}},"type":"binary-expr","locations":[{"start":{"line":39,"column":24},"end":{"line":39,"column":74}},{"start":{"line":39,"column":79},"end":{"line":39,"column":90}},{"start":{"line":39,"column":94},"end":{"line":39,"column":105}}],"line":39},"23":{"loc":{"start":{"line":39,"column":42},"end":{"line":39,"column":73}},"type":"binary-expr","locations":[{"start":{"line":39,"column":42},"end":{"line":39,"column":54}},{"start":{"line":39,"column":58},"end":{"line":39,"column":73}}],"line":39},"24":{"loc":{"start":{"line":40,"column":20},"end":{"line":40,"column":106}},"type":"if","locations":[{"start":{"line":40,"column":20},"end":{"line":40,"column":106}},{"start":{"line":40,"column":20},"end":{"line":40,"column":106}}],"line":40},"25":{"loc":{"start":{"line":40,"column":24},"end":{"line":40,"column":77}},"type":"binary-expr","locations":[{"start":{"line":40,"column":24},"end":{"line":40,"column":35}},{"start":{"line":40,"column":40},"end":{"line":40,"column":42}},{"start":{"line":40,"column":47},"end":{"line":40,"column":59}},{"start":{"line":40,"column":63},"end":{"line":40,"column":75}}],"line":40},"26":{"loc":{"start":{"line":41,"column":20},"end":{"line":41,"column":89}},"type":"if","locations":[{"start":{"line":41,"column":20},"end":{"line":41,"column":89}},{"start":{"line":41,"column":20},"end":{"line":41,"column":89}}],"line":41},"27":{"loc":{"start":{"line":41,"column":24},"end":{"line":41,"column":53}},"type":"binary-expr","locations":[{"start":{"line":41,"column":24},"end":{"line":41,"column":35}},{"start":{"line":41,"column":39},"end":{"line":41,"column":53}}],"line":41},"28":{"loc":{"start":{"line":42,"column":20},"end":{"line":42,"column":87}},"type":"if","locations":[{"start":{"line":42,"column":20},"end":{"line":42,"column":87}},{"start":{"line":42,"column":20},"end":{"line":42,"column":87}}],"line":42},"29":{"loc":{"start":{"line":42,"column":24},"end":{"line":42,"column":43}},"type":"binary-expr","locations":[{"start":{"line":42,"column":24},"end":{"line":42,"column":25}},{"start":{"line":42,"column":29},"end":{"line":42,"column":43}}],"line":42},"30":{"loc":{"start":{"line":43,"column":20},"end":{"line":43,"column":42}},"type":"if","locations":[{"start":{"line":43,"column":20},"end":{"line":43,"column":42}},{"start":{"line":43,"column":20},"end":{"line":43,"column":42}}],"line":43},"31":{"loc":{"start":{"line":48,"column":8},"end":{"line":48,"column":35}},"type":"if","locations":[{"start":{"line":48,"column":8},"end":{"line":48,"column":35}},{"start":{"line":48,"column":8},"end":{"line":48,"column":35}}],"line":48},"32":{"loc":{"start":{"line":48,"column":52},"end":{"line":48,"column":74}},"type":"cond-expr","locations":[{"start":{"line":48,"column":60},"end":{"line":48,"column":65}},{"start":{"line":48,"column":68},"end":{"line":48,"column":74}}],"line":48},"33":{"loc":{"start":{"line":61,"column":15},"end":{"line":61,"column":71}},"type":"binary-expr","locations":[{"start":{"line":61,"column":15},"end":{"line":61,"column":30}},{"start":{"line":61,"column":34},"end":{"line":61,"column":63}},{"start":{"line":61,"column":67},"end":{"line":61,"column":71}}],"line":61},"34":{"loc":{"start":{"line":114,"column":16},"end":{"line":131,"column":17}},"type":"switch","locations":[{"start":{"line":115,"column":20},"end":{"line":118,"column":71}},{"start":{"line":119,"column":20},"end":{"line":130,"column":46}}],"line":114},"35":{"loc":{"start":{"line":120,"column":24},"end":{"line":129,"column":25}},"type":"if","locations":[{"start":{"line":120,"column":24},"end":{"line":129,"column":25}},{"start":{"line":120,"column":24},"end":{"line":129,"column":25}}],"line":120},"36":{"loc":{"start":{"line":139,"column":16},"end":{"line":160,"column":17}},"type":"switch","locations":[{"start":{"line":140,"column":20},"end":{"line":143,"column":71}},{"start":{"line":144,"column":20},"end":{"line":155,"column":78}},{"start":{"line":156,"column":20},"end":{"line":159,"column":46}}],"line":139},"37":{"loc":{"start":{"line":145,"column":24},"end":{"line":151,"column":25}},"type":"if","locations":[{"start":{"line":145,"column":24},"end":{"line":151,"column":25}},{"start":{"line":145,"column":24},"end":{"line":151,"column":25}}],"line":145},"38":{"loc":{"start":{"line":169,"column":16},"end":{"line":180,"column":17}},"type":"switch","locations":[{"start":{"line":170,"column":20},"end":{"line":173,"column":64}},{"start":{"line":174,"column":20},"end":{"line":179,"column":46}}],"line":169},"39":{"loc":{"start":{"line":191,"column":16},"end":{"line":213,"column":17}},"type":"switch","locations":[{"start":{"line":192,"column":20},"end":{"line":195,"column":73}},{"start":{"line":196,"column":20},"end":{"line":199,"column":64}},{"start":{"line":200,"column":20},"end":{"line":211,"column":37}},{"start":{"line":212,"column":20},"end":{"line":212,"column":50}}],"line":191},"40":{"loc":{"start":{"line":197,"column":24},"end":{"line":197,"column":64}},"type":"if","locations":[{"start":{"line":197,"column":24},"end":{"line":197,"column":64}},{"start":{"line":197,"column":24},"end":{"line":197,"column":64}}],"line":197},"41":{"loc":{"start":{"line":221,"column":16},"end":{"line":242,"column":17}},"type":"switch","locations":[{"start":{"line":222,"column":20},"end":{"line":225,"column":73}},{"start":{"line":226,"column":20},"end":{"line":229,"column":64}},{"start":{"line":230,"column":20},"end":{"line":240,"column":37}},{"start":{"line":241,"column":20},"end":{"line":241,"column":50}}],"line":221},"42":{"loc":{"start":{"line":227,"column":24},"end":{"line":227,"column":64}},"type":"if","locations":[{"start":{"line":227,"column":24},"end":{"line":227,"column":64}},{"start":{"line":227,"column":24},"end":{"line":227,"column":64}}],"line":227},"43":{"loc":{"start":{"line":250,"column":16},"end":{"line":283,"column":17}},"type":"switch","locations":[{"start":{"line":251,"column":20},"end":{"line":256,"column":71}},{"start":{"line":257,"column":20},"end":{"line":261,"column":48}},{"start":{"line":262,"column":20},"end":{"line":269,"column":82}},{"start":{"line":270,"column":20},"end":{"line":273,"column":37}},{"start":{"line":274,"column":20},"end":{"line":274,"column":52}},{"start":{"line":275,"column":20},"end":{"line":281,"column":37}},{"start":{"line":282,"column":20},"end":{"line":282,"column":50}}],"line":250},"44":{"loc":{"start":{"line":258,"column":24},"end":{"line":258,"column":64}},"type":"if","locations":[{"start":{"line":258,"column":24},"end":{"line":258,"column":64}},{"start":{"line":258,"column":24},"end":{"line":258,"column":64}}],"line":258},"45":{"loc":{"start":{"line":259,"column":24},"end":{"line":259,"column":87}},"type":"if","locations":[{"start":{"line":259,"column":24},"end":{"line":259,"column":87}},{"start":{"line":259,"column":24},"end":{"line":259,"column":87}}],"line":259},"46":{"loc":{"start":{"line":265,"column":24},"end":{"line":267,"column":25}},"type":"if","locations":[{"start":{"line":265,"column":24},"end":{"line":267,"column":25}},{"start":{"line":265,"column":24},"end":{"line":267,"column":25}}],"line":265},"47":{"loc":{"start":{"line":291,"column":16},"end":{"line":317,"column":17}},"type":"switch","locations":[{"start":{"line":292,"column":20},"end":{"line":297,"column":67}},{"start":{"line":298,"column":20},"end":{"line":316,"column":46}}],"line":291},"48":{"loc":{"start":{"line":300,"column":24},"end":{"line":315,"column":25}},"type":"if","locations":[{"start":{"line":300,"column":24},"end":{"line":315,"column":25}},{"start":{"line":300,"column":24},"end":{"line":315,"column":25}}],"line":300},"49":{"loc":{"start":{"line":325,"column":16},"end":{"line":343,"column":17}},"type":"switch","locations":[{"start":{"line":326,"column":20},"end":{"line":329,"column":73}},{"start":{"line":330,"column":20},"end":{"line":342,"column":46}}],"line":325},"50":{"loc":{"start":{"line":331,"column":24},"end":{"line":341,"column":25}},"type":"if","locations":[{"start":{"line":331,"column":24},"end":{"line":341,"column":25}},{"start":{"line":331,"column":24},"end":{"line":341,"column":25}}],"line":331},"51":{"loc":{"start":{"line":351,"column":16},"end":{"line":368,"column":17}},"type":"switch","locations":[{"start":{"line":352,"column":20},"end":{"line":355,"column":73}},{"start":{"line":356,"column":20},"end":{"line":367,"column":46}}],"line":351},"52":{"loc":{"start":{"line":357,"column":24},"end":{"line":366,"column":25}},"type":"if","locations":[{"start":{"line":357,"column":24},"end":{"line":366,"column":25}},{"start":{"line":357,"column":24},"end":{"line":366,"column":25}}],"line":357},"53":{"loc":{"start":{"line":379,"column":16},"end":{"line":406,"column":17}},"type":"switch","locations":[{"start":{"line":380,"column":20},"end":{"line":383,"column":73}},{"start":{"line":384,"column":20},"end":{"line":388,"column":74}},{"start":{"line":389,"column":20},"end":{"line":391,"column":73}},{"start":{"line":392,"column":20},"end":{"line":397,"column":48}},{"start":{"line":398,"column":20},"end":{"line":404,"column":37}},{"start":{"line":405,"column":20},"end":{"line":405,"column":50}}],"line":379},"54":{"loc":{"start":{"line":387,"column":24},"end":{"line":387,"column":63}},"type":"if","locations":[{"start":{"line":387,"column":24},"end":{"line":387,"column":63}},{"start":{"line":387,"column":24},"end":{"line":387,"column":63}}],"line":387},"55":{"loc":{"start":{"line":417,"column":16},"end":{"line":454,"column":17}},"type":"switch","locations":[{"start":{"line":418,"column":20},"end":{"line":423,"column":71}},{"start":{"line":424,"column":20},"end":{"line":429,"column":67}},{"start":{"line":430,"column":20},"end":{"line":449,"column":48}},{"start":{"line":450,"column":20},"end":{"line":452,"column":37}},{"start":{"line":453,"column":20},"end":{"line":453,"column":50}}],"line":417},"56":{"loc":{"start":{"line":425,"column":24},"end":{"line":425,"column":64}},"type":"if","locations":[{"start":{"line":425,"column":24},"end":{"line":425,"column":64}},{"start":{"line":425,"column":24},"end":{"line":425,"column":64}}],"line":425},"57":{"loc":{"start":{"line":432,"column":24},"end":{"line":448,"column":25}},"type":"if","locations":[{"start":{"line":432,"column":24},"end":{"line":448,"column":25}},{"start":{"line":432,"column":24},"end":{"line":448,"column":25}}],"line":432},"58":{"loc":{"start":{"line":432,"column":28},"end":{"line":432,"column":68}},"type":"binary-expr","locations":[{"start":{"line":432,"column":28},"end":{"line":432,"column":32}},{"start":{"line":432,"column":36},"end":{"line":432,"column":68}}],"line":432},"59":{"loc":{"start":{"line":461,"column":16},"end":{"line":492,"column":17}},"type":"switch","locations":[{"start":{"line":462,"column":20},"end":{"line":464,"column":71}},{"start":{"line":465,"column":20},"end":{"line":468,"column":74}},{"start":{"line":469,"column":20},"end":{"line":471,"column":73}},{"start":{"line":472,"column":20},"end":{"line":474,"column":52}},{"start":{"line":475,"column":20},"end":{"line":475,"column":57}},{"start":{"line":476,"column":20},"end":{"line":476,"column":53}},{"start":{"line":477,"column":20},"end":{"line":479,"column":71}},{"start":{"line":480,"column":20},"end":{"line":483,"column":74}},{"start":{"line":484,"column":20},"end":{"line":486,"column":73}},{"start":{"line":487,"column":20},"end":{"line":489,"column":52}},{"start":{"line":490,"column":20},"end":{"line":490,"column":58}},{"start":{"line":491,"column":20},"end":{"line":491,"column":57}}],"line":461},"60":{"loc":{"start":{"line":463,"column":24},"end":{"line":463,"column":79}},"type":"if","locations":[{"start":{"line":463,"column":24},"end":{"line":463,"column":79}},{"start":{"line":463,"column":24},"end":{"line":463,"column":79}}],"line":463},"61":{"loc":{"start":{"line":463,"column":31},"end":{"line":463,"column":52}},"type":"binary-expr","locations":[{"start":{"line":463,"column":31},"end":{"line":463,"column":39}},{"start":{"line":463,"column":43},"end":{"line":463,"column":52}}],"line":463},"62":{"loc":{"start":{"line":467,"column":24},"end":{"line":467,"column":63}},"type":"if","locations":[{"start":{"line":467,"column":24},"end":{"line":467,"column":63}},{"start":{"line":467,"column":24},"end":{"line":467,"column":63}}],"line":467},"63":{"loc":{"start":{"line":478,"column":24},"end":{"line":478,"column":99}},"type":"if","locations":[{"start":{"line":478,"column":24},"end":{"line":478,"column":99}},{"start":{"line":478,"column":24},"end":{"line":478,"column":99}}],"line":478},"64":{"loc":{"start":{"line":478,"column":30},"end":{"line":478,"column":71}},"type":"binary-expr","locations":[{"start":{"line":478,"column":30},"end":{"line":478,"column":38}},{"start":{"line":478,"column":43},"end":{"line":478,"column":70}}],"line":478},"65":{"loc":{"start":{"line":482,"column":24},"end":{"line":482,"column":64}},"type":"if","locations":[{"start":{"line":482,"column":24},"end":{"line":482,"column":64}},{"start":{"line":482,"column":24},"end":{"line":482,"column":64}}],"line":482},"66":{"loc":{"start":{"line":498,"column":12},"end":{"line":503,"column":13}},"type":"if","locations":[{"start":{"line":498,"column":12},"end":{"line":503,"column":13}},{"start":{"line":498,"column":12},"end":{"line":503,"column":13}}],"line":498},"67":{"loc":{"start":{"line":500,"column":16},"end":{"line":502,"column":17}},"type":"if","locations":[{"start":{"line":500,"column":16},"end":{"line":502,"column":17}},{"start":{"line":500,"column":16},"end":{"line":502,"column":17}}],"line":500},"68":{"loc":{"start":{"line":510,"column":12},"end":{"line":515,"column":13}},"type":"if","locations":[{"start":{"line":510,"column":12},"end":{"line":515,"column":13}},{"start":{"line":510,"column":12},"end":{"line":515,"column":13}}],"line":510},"69":{"loc":{"start":{"line":512,"column":16},"end":{"line":514,"column":17}},"type":"if","locati
[...]
{"start":{"line":27,"column":20},"end":{"line":27,"column":106}},"45":{"start":{"line":27,"column":81},"end":{"line":27,"column":97}},"46":{"start":{"line":27,"column":98},"end":{"line":27,"column":104}},"47":{"start":{"line":28,"column":20},"end":{"line":28,"column":89}},"48":{"start":{"line":28,"column":57},"end":{"line":28,"column":72}},"49":{"start":{"line":28,"column":73},"end":{"line":28,"column":80}},"50":{"start":{"line":28,"column":81},"end":{"line":28,"column":87}},"51":{"start":{"line":29,"column":20},"end":{"line":29,"column":87}},"52":{"start":{"line":29,"column":47},"end":{"line":29,"column":62}},"53":{"start":{"line":29,"column":63},"end":{"line":29,"column":78}},"54":{"start":{"line":29,"column":79},"end":{"line":29,"column":85}},"55":{"start":{"line":30,"column":20},"end":{"line":30,"column":42}},"56":{"start":{"line":30,"column":30},"end":{"line":30,"column":42}},"57":{"start":{"line":31,"column":20},"end":{"line":31,"column":33}},"58":{"start":{"line":31,"column":34},"end":{"line":31,"column":43}},"59":{"start":{"line":33,"column":12},"end":{"line":33,"column":39}},"60":{"start":{"line":34,"column":22},"end":{"line":34,"column":34}},"61":{"start":{"line":34,"column":35},"end":{"line":34,"column":41}},"62":{"start":{"line":34,"column":54},"end":{"line":34,"column":64}},"63":{"start":{"line":35,"column":8},"end":{"line":35,"column":35}},"64":{"start":{"line":35,"column":23},"end":{"line":35,"column":35}},"65":{"start":{"line":35,"column":36},"end":{"line":35,"column":89}},"66":{"start":{"line":39,"column":16},"end":{"line":39,"column":34}},"67":{"start":{"line":40,"column":30},"end":{"line":65,"column":3}},"68":{"start":{"line":43,"column":4},"end":{"line":63,"column":6}},"69":{"start":{"line":44,"column":8},"end":{"line":62,"column":11}},"70":{"start":{"line":46,"column":12},"end":{"line":61,"column":15}},"71":{"start":{"line":47,"column":16},"end":{"line":60,"column":17}},"72":{"start":{"line":49,"column":24},"end":{"line":49,"column":50}},"73":{"start":{"line":50,"column":24},"end":{"line":50,"column":170}},"74":{"start":{"line":52,"column":24},"end":{"line":52,"column":43}},"75":{"start":{"line":53,"column":24},"end":{"line":53,"column":54}},"76":{"start":{"line":54,"column":24},"end":{"line":54,"column":55}},"77":{"start":{"line":56,"column":24},"end":{"line":56,"column":44}},"78":{"start":{"line":57,"column":24},"end":{"line":57,"column":63}},"79":{"start":{"line":58,"column":24},"end":{"line":58,"column":48}},"80":{"start":{"line":59,"column":28},"end":{"line":59,"column":50}},"81":{"start":{"line":64,"column":4},"end":{"line":64,"column":20}},"82":{"start":{"line":66,"column":0},"end":{"line":66,"column":32}}},"fnMap":{"0":{"name":"(anonymous_0)","decl":{"start":{"line":2,"column":44},"end":{"line":2,"column":45}},"loc":{"start":{"line":2,"column":89},"end":{"line":10,"column":1}},"line":2},"1":{"name":"adopt","decl":{"start":{"line":3,"column":13},"end":{"line":3,"column":18}},"loc":{"start":{"line":3,"column":26},"end":{"line":3,"column":112}},"line":3},"2":{"name":"(anonymous_2)","decl":{"start":{"line":3,"column":70},"end":{"line":3,"column":71}},"loc":{"start":{"line":3,"column":89},"end":{"line":3,"column":108}},"line":3},"3":{"name":"(anonymous_3)","decl":{"start":{"line":4,"column":36},"end":{"line":4,"column":37}},"loc":{"start":{"line":4,"column":63},"end":{"line":9,"column":5}},"line":4},"4":{"name":"fulfilled","decl":{"start":{"line":5,"column":17},"end":{"line":5,"column":26}},"loc":{"start":{"line":5,"column":34},"end":{"line":5,"column":99}},"line":5},"5":{"name":"rejected","decl":{"start":{"line":6,"column":17},"end":{"line":6,"column":25}},"loc":{"start":{"line":6,"column":33},"end":{"line":6,"column":102}},"line":6},"6":{"name":"step","decl":{"start":{"line":7,"column":17},"end":{"line":7,"column":21}},"loc":{"start":{"line":7,"column":30},"end":{"line":7,"column":118}},"line":7},"7":{"name":"(anonymous_7)","decl":{"start":{"line":11,"column":48},"end":{"line":11,"column":49}},"loc":{"start":{"line":11,"column":73},"end":{"line":37,"column":1}},"line":11},"8":{"name":"(anonymous_8)","decl":{"start":{"line":12,"column":30},"end":{"line":12,"column":31}},"loc":{"start":{"line":12,"column":41},"end":{"line":12,"column":83}},"line":12},"9":{"name":"(anonymous_9)","decl":{"start":{"line":13,"column":125},"end":{"line":13,"column":126}},"loc":{"start":{"line":13,"column":136},"end":{"line":13,"column":152}},"line":13},"10":{"name":"verb","decl":{"start":{"line":14,"column":13},"end":{"line":14,"column":17}},"loc":{"start":{"line":14,"column":21},"end":{"line":14,"column":70}},"line":14},"11":{"name":"(anonymous_11)","decl":{"start":{"line":14,"column":30},"end":{"line":14,"column":31}},"loc":{"start":{"line":14,"column":43},"end":{"line":14,"column":67}},"line":14},"12":{"name":"step","decl":{"start":{"line":15,"column":13},"end":{"line":15,"column":17}},"loc":{"start":{"line":15,"column":22},"end":{"line":36,"column":5}},"line":15},"13":{"name":"(anonymous_13)","decl":{"start":{"line":40,"column":30},"end":{"line":40,"column":31}},"loc":{"start":{"line":40,"column":42},"end":{"line":65,"column":1}},"line":40},"14":{"name":"DbClient","decl":{"start":{"line":41,"column":13},"end":{"line":41,"column":21}},"loc":{"start":{"line":41,"column":24},"end":{"line":42,"column":5}},"line":41},"15":{"name":"(anonymous_15)","decl":{"start":{"line":43,"column":33},"end":{"line":43,"column":34}},"loc":{"start":{"line":43,"column":45},"end":{"line":63,"column":5}},"line":43},"16":{"name":"(anonymous_16)","decl":{"start":{"line":44,"column":47},"end":{"line":44,"column":48}},"loc":{"start":{"line":44,"column":59},"end":{"line":62,"column":9}},"line":44},"17":{"name":"(anonymous_17)","decl":{"start":{"line":46,"column":37},"end":{"line":46,"column":38}},"loc":{"start":{"line":46,"column":51},"end":{"line":61,"column":13}},"line":46}},"branchMap":{"0":{"loc":{"start":{"line":2,"column":16},"end":{"line":10,"column":1}},"type":"binary-expr","locations":[{"start":{"line":2,"column":17},"end":{"line":2,"column":21}},{"start":{"line":2,"column":25},"end":{"line":2,"column":39}},{"start":{"line":2,"column":44},"end":{"line":10,"column":1}}],"line":2},"1":{"loc":{"start":{"line":3,"column":35},"end":{"line":3,"column":109}},"type":"cond-expr","locations":[{"start":{"line":3,"column":56},"end":{"line":3,"column":61}},{"start":{"line":3,"column":64},"end":{"line":3,"column":109}}],"line":3},"2":{"loc":{"start":{"line":4,"column":16},"end":{"line":4,"column":34}},"type":"binary-expr","locations":[{"start":{"line":4,"column":16},"end":{"line":4,"column":17}},{"start":{"line":4,"column":22},"end":{"line":4,"column":33}}],"line":4},"3":{"loc":{"start":{"line":7,"column":32},"end":{"line":7,"column":115}},"type":"cond-expr","locations":[{"start":{"line":7,"column":46},"end":{"line":7,"column":67}},{"start":{"line":7,"column":70},"end":{"line":7,"column":115}}],"line":7},"4":{"loc":{"start":{"line":8,"column":51},"end":{"line":8,"column":67}},"type":"binary-expr","locations":[{"start":{"line":8,"column":51},"end":{"line":8,"column":61}},{"start":{"line":8,"column":65},"end":{"line":8,"column":67}}],"line":8},"5":{"loc":{"start":{"line":11,"column":18},"end":{"line":37,"column":1}},"type":"binary-expr","locations":[{"start":{"line":11,"column":19},"end":{"line":11,"column":23}},{"start":{"line":11,"column":27},"end":{"line":11,"column":43}},{"start":{"line":11,"column":48},"end":{"line":37,"column":1}}],"line":11},"6":{"loc":{"start":{"line":12,"column":43},"end":{"line":12,"column":68}},"type":"if","locations":[{"start":{"line":12,"column":43},"end":{"line":12,"column":68}},{"start":{"line":12,"column":43},"end":{"line":12,"column":68}}],"line":12},"7":{"loc":{"start":{"line":13,"column":71},"end":{"line":13,"column":153}},"type":"binary-expr","locations":[{"start":{"line":13,"column":71},"end":{"line":13,"column":99}},{"start":{"line":13,"column":104},"end":{"line":13,"column":152}}],"line":13},"8":{"loc":{"start":{"line":16,"column":8},"end":{"line":16,"column":70}},"type":"if","locations":[{"start":{"line":16,"column":8},"end":{"line":16,"column":70}},{"start":{"line":16,"column":8},"end":{"line":16,"column":70}}],"line":16},"9":{"loc":{"start":{"line":18,"column":12},"end":{"line":18,"column":169}},"type":"if","locations":[{"start":{"line":18,"column":12},"end":{"line":18,"column":169}},{"start":{"line":18,"column":12},"end":{"line":18,"column":169}}],"line":18},"10":{"loc":{"start":{"line":18,"column":23},"end":{"line":18,"column":158}},"type":"binary-expr","locations":[{"start":{"line":18,"column":23},"end":{"line":18,"column":24}},{"start":{"line":18,"column":29},"end":{"line":18,"column":125}},{"start":{"line":18,"column":130},"end":{"line":18,"column":158}}],"line":18},"11":{"loc":{"start":{"line":18,"column":33},"end":{"line":18,"column":125}},"type":"cond-expr","locations":[{"start":{"line":18,"column":45},"end":{"line":18,"column":56}},{"start":{"line":18,"column":59},"end":{"line":18,"column":125}}],"line":18},"12":{"loc":{"start":{"line":18,"column":59},"end":{"line":18,"column":125}},"type":"cond-expr","locations":[{"start":{"line":18,"column":67},"end":{"line":18,"column":116}},{"start":{"line":18,"column":119},"end":{"line":18,"column":125}}],"line":18},"13":{"loc":{"start":{"line":18,"column":67},"end":{"line":18,"column":116}},"type":"binary-expr","locations":[{"start":{"line":18,"column":67},"end":{"line":18,"column":77}},{"start":{"line":18,"column":82},"end":{"line":18,"column":115}}],"line":18},"14":{"loc":{"start":{"line":18,"column":82},"end":{"line":18,"column":112}},"type":"binary-expr","locations":[{"start":{"line":18,"column":83},"end":{"line":18,"column":98}},{"start":{"line":18,"column":103},"end":{"line":18,"column":112}}],"line":18},"15":{"loc":{"start":{"line":19,"column":12},"end":{"line":19,"column":52}},"type":"if","locations":[{"start":{"line":19,"column":12},"end":{"line":19,"column":52}},{"start":{"line":19,"column":12},"end":{"line":19,"column":52}}],"line":19},"16":{"loc":{"start":{"line":20,"column":12},"end":{"line":32,"column":13}},"type":"switch","locations":[{"start":{"line":21,"column":16},"end":{"line":21,"column":23}},{"start":{"line":21,"column":24},"end":{"line":21,"column":46}},{"start":{"line":22,"column":16},"end":{"line":22,"column":72}},{"start":{"line":23,"column":16},"end":{"line":23,"column":65}},{"start":{"line":24,"column":16},"end":{"line":24,"column":65}},{"start":{"line":25,"column":16},"end":{"line":31,"column":43}}],"line":20},"17":{"loc":{"start":{"line":26,"column":20},"end":{"line":26,"column":128}},"type":"if","locations":[{"start":{"line":26,"column":20},"end":{"line":26,"column":128}},{"start":{"line":26,"column":20},"end":{"line":26,"column":128}}],"line":26},"18":{"loc":{"start":{"line":26,"column":24},"end":{"line":26,"column":106}},"type":"binary-expr","locations":[{"start":{"line":26,"column":24},"end":{"line":26,"column":74}},{"start":{"line":26,"column":79},"end":{"line":26,"column":90}},{"start":{"line":26,"column":94},"end":{"line":26,"column":105}}],"line":26},"19":{"loc":{"start":{"line":26,"column":42},"end":{"line":26,"column":73}},"type":"binary-expr","locations":[{"start":{"line":26,"column":42},"end":{"line":26,"column":54}},{"start":{"line":26,"column":58},"end":{"line":26,"column":73}}],"line":26},"20":{"loc":{"start":{"line":27,"column":20},"end":{"line":27,"column":106}},"type":"if","locations":[{"start":{"line":27,"column":20},"end":{"line":27,"column":106}},{"start":{"line":27,"column":20},"end":{"line":27,"column":106}}],"line":27},"21":{"loc":{"start":{"line":27,"column":24},"end":{"line":27,"column":77}},"type":"binary-expr","locations":[{"start":{"line":27,"column":24},"end":{"line":27,"column":35}},{"start":{"line":27,"column":40},"end":{"line":27,"column":42}},{"start":{"line":27,"column":47},"end":{"line":27,"column":59}},{"start":{"line":27,"column":63},"end":{"line":27,"column":75}}],"line":27},"22":{"loc":{"start":{"line":28,"column":20},"end":{"line":28,"column":89}},"type":"if","locations":[{"start":{"line":28,"column":20},"end":{"line":28,"column":89}},{"start":{"line":28,"column":20},"end":{"line":28,"column":89}}],"line":28},"23":{"loc":{"start":{"line":28,"column":24},"end":{"line":28,"column":53}},"type":"binary-expr","locations":[{"start":{"line":28,"column":24},"end":{"line":28,"column":35}},{"start":{"line":28,"column":39},"end":{"line":28,"column":53}}],"line":28},"24":{"loc":{"start":{"line":29,"column":20},"end":{"line":29,"column":87}},"type":"if","locations":[{"start":{"line":29,"column":20},"end":{"line":29,"column":87}},{"start":{"line":29,"column":20},"end":{"line":29,"column":87}}],"line":29},"25":{"loc":{"start":{"line":29,"column":24},"end":{"line":29,"column":43}},"type":"binary-expr","locations":[{"start":{"line":29,"column":24},"end":{"line":29,"column":25}},{"start":{"line":29,"column":29},"end":{"line":29,"column":43}}],"line":29},"26":{"loc":{"start":{"line":30,"column":20},"end":{"line":30,"column":42}},"type":"if","locations":[{"start":{"line":30,"column":20},"end":{"line":30,"column":42}},{"start":{"line":30,"column":20},"end":{"line":30,"column":42}}],"line":30},"27":{"loc":{"start":{"line":35,"column":8},"end":{"line":35,"column":35}},"type":"if","locations":[{"start":{"line":35,"column":8},"end":{"line":35,"column":35}},{"start":{"line":35,"column":8},"end":{"line":35,"column":35}}],"line":35},"28":{"loc":{"start":{"line":35,"column":52},"end":{"line":35,"column":74}},"type":"cond-expr","locations":[{"start":{"line":35,"column":60},"end":{"line":35,"column":65}},{"start":{"line":35,"column":68},"end":{"line":35,"column":74}}],"line":35},"29":{"loc":{"start":{"line":47,"column":16},"end":{"line":60,"column":17}},"type":"switch","locations":[{"start":{"line":48,"column":20},"end":{"line":50,"column":170}},{"start":{"line":51,"column":20},"end":{"line":54,"column":55}},{"start":{"line":55,"column":20},"end":{"line":58,"column":48}},{"start":{"line":59,"column":20},"end":{"line":59,"column":50}}],"line":47}},"s":{"0":1,"1":12,"2":0,"3":12,"4":12,"5":12,"6":0,"7":0,"8":0,"9":0,"10":24,"11":12,"12":1,"13":12,"14":12,"15":0,"16":12,"17":12,"18":0,"19":36,"20":24,"21":24,"22":0,"23":24,"24":60,"25":60,"26":0,"27":60,"28":0,"29":60,"30":24,"31":24,"32":12,"33":12,"34":0,"35":0,"36":0,"37":0,"38":0,"39":0,"40":0,"41":24,"42":12,"43":12,"44":12,"45":0,"46":0,"47":12,"48":0,"49":0,"50":0,"51":12,"52":0,"53":0,"54":0,"55":12,"56":0,"57":12,"58":12,"59":24,"60":0,"61":0,"62":60,"63":12,"64":0,"65":12,"66":1,"67":1,"68":1,"69":12,"70":12,"71":24,"72":12,"73":12,"74":12,"75":12,"76":12,"77":0,"78":0,"79":0,"80":0,"81":1,"82":1},"f":{"0":12,"1":12,"2":0,"3":12,"4":12,"5":0,"6":24,"7":12,"8":12,"9":0,"10":36,"11":24,"12":24,"13":1,"14":1,"15":12,"16":12,"17":24},"b":{"0":[1,1,1],"1":[12,0],"2":[12,12],"3":[12,12],"4":[12,12],"5":[1,1,1],"6":[0,12],"7":[12,12],"8":[0,24],"9":[0,60],"10":[60,0,0],"11":[0,0],"12":[0,0],"13":[0,0],"14":[0,0],"15":[0,60],"16":[24,24,12,0,0,24],"17":[12,12],"18":[24,12,12],"19":[24,12],"20":[0,12],"21":[12,0,0,0],"22":[0,12],"23":[12,0],"24":[0,12],"25":[12,12],"26":[0,12],"27":[0,12],"28":[12,0],"29":[12,12,0,0]},"_coverageSchema":"43e27e138ebf9cfc5966b082cf9a028302ed4184","hash":"01e9711063359e68cc96e2c80fab027b9874ea97","contentHash":"ce518a86a9ebb021b7fdc8a55c8c06cba913a6d924570435158170de4026ea9f"},"/mnt/c/Users/evanr/Documents/Folders/Lets get this shit rolling/MOVEMENT/seng350f19-project-2-3/src/models/user_model.ts":{"path":"/mnt/c/Users/evanr/Documents/Folders/Lets get this shit rolling/MOVEMENT/seng350f19-project-2-3/src/models/user_model.ts","statementMap":{"0":{"start":{"line":2,"column":0},"end":{"line":2,"column":62}},"1":{"start":{"line":3,"column":15},"end":{"line":3,"column":37}},"2":{"start":{"line":4,"column":31},"end":{"line":49,"column":3}},"3":{"start":{"line":7,"column":4},"end":{"line":22,"column":6}},"4":{"start":{"line":8,"column":20},"end":{"line":19,"column":10}},"5":{"start":{"line":10,"column":12},"end":{"line":10,"column":78}},"6":{"start":{"line":14,"column":12},"end":{"line":14,"column":28}},"7":{"start":{"line":18,"column":12},"end":{"line":18,"column":39}},"8":{"start":{"line":21,"column":8},"end":{"line":21,"column":21}},"9":{"start":{"line":23,"column":4},"end":{"line":35,"column":6}},"10":{"start":{"line":24,"column":22},"end":{"line":33,"column":10}},"11":{"start":{"line":26,"column":12},"end":{"line":26,"column":135}},"12":{"start":{"line":27,"column":12},"end":{"line":27,"column":39}},"13":{"start":{"line":28,"column":12},"end":{"line":28,"column":24}},"14":{"start":{"line":31,"column":12},"end":{"line":31,"column":39}},"15":{"start":{"line":32,"column":12},"end":{"line":32,"column":25}},"16":{"start":{"line":34,"column":8},"end":{"line":34,"column":23}},"17":{"start":{"line":36,"column":4},"end":{"line":47,"column":6}},"18":{"start":{"line":37,"column":25},"end":{"line":45,"column":10}},"19":{"start":{"line":39,"column":12},"end":{"line":39,"column":109}},"20":{"start":{"line":40,"column":12},"end":{"line":40,"column":24}},"21":{"start":{"line":43,"column":12},"end":{"line":43,"column":39}},"22":{"start":{"line":44,"column":12},"end":{"line":44,"column":25}},"23":{"start":{"line":46,"column":8},"end":{"line":46,"column":26}},"24":{"start":{"line":48,"column":4},"end":{"line":48,"column":21}},"25":{"start":{"line":50,"column":0},"end":{"line":50,"column":30}}},"fnMap":{"0":{"name":"(anonymous_0)","decl":{"start":{"line":4,"column":31},"end":{"line":4,"column":32}},"loc":{"start":{"line":4,"column":43},"end":{"line":49,"column":1}},"line":4},"1":{"name":"UserModel","decl":{"start":{"line":5,"column":13},"end":{"line":5,"column":22}},"loc":{"start":{"line":5,"column":25},"end":{"line":6,"column":5}},"line":5},"2":{"name":"(anonymous_2)","decl":{"start":{"line":7,"column":35},"end":{"line":7,"column":36}},"loc":{"start":{"line":7,"column":53},"end":{"line":22,"column":5}},"line":7},"3":{"name":"(anonymous_3)","decl":{"start":{"line":9,"column":18},"end":{"line":9,"column":19}},"loc":{"start":{"line":9,"column":32},"end":{"line":11,"column":9}},"line":9},"4":{"name":"(anonymous_4)","decl":{"start":{"line":12,"column":18},"end":{"line":12,"column":19}},"loc":{"start":{"line":12,"column":38},"end":{"line":16,"column":9}},"line":12},"5":{"name":"(anonymous_5)","decl":{"start":{"line":17,"column":19},"end":{"line":17,"column":20}},"loc":{"start":{"line":17,"column":34},"end":{"line":19,"column":9}},"line":17},"6":{"name":"(anonymous_6)","decl":{"start":{"line":23,"column":35},"end":{"line":23,"column":36}},"loc":{"start":{"line":23,"column":71},"end":{"line":35,"column":5}},"line":23},"7":{"name":"(anonymous_7)","decl":{"start":{"line":25,"column":18},"end":{"line":25,"column":19}},"loc":{"start":{"line":25,"column":32},"end":{"line":29,"column":9}},"line":25},"8":{"name":"(anonymous_8)","decl":{"start":{"line":30,"column":19},"end":{"line":30,"column":20}},"loc":{"start":{"line":30,"column":34},"end":{"line":33,"column":9}},"line":30},"9":{"name":"(anonymous_9)","decl":{"start":{"line":36,"column":38},"end":{"line":36,"column":39}},"loc":{"start":{"line":36,"column":64},"end":{"line":47,"column":5}},"line":36},"10":{"name":"(anonymous_10)","decl":{"start":{"line":38,"column":18},"end":{"line":38,"column":19}},"loc":{"start":{"line":38,"column":32},"end":{"line":41,"column":9}},"line":38},"11":{"name":"(anonymous_11)","decl":{"start":{"line":42,"column":19},"end":{"line":42,"column":20}},"loc":{"start":{"line":42,"column":34},"end":{"line":45,"column":9}},"line":42}},"branchMap":{},"s":{"0":1,"1":1,"2":1,"3":1,"4":4,"5":4,"6":4,"7":0,"8":4,"9":1,"10":1,"11":1,"12":1,"13":1,"14":0,"15":0,"16":1,"17":1,"18":3,"19":3,"20":3,"21":0,"22":0,"23":3,"24":1,"25":1},"f":{"0":1,"1":8,"2":4,"3":4,"4":4,"5":0,"6":1,"7":1,"8":0,"9":3,"10":3,"11":0},"b":{},"_coverageSchema":"43e27e138ebf9cfc5966b082cf9a028302ed4184","hash":"037aba654bc660944f3f2cde66d459c442103f35","contentHash":"76100afb5580972628ef421cd52a809e8416d1267bc3f768c9407d73b49ac546"}}