{"/Users/Asim/OneDrive_UVIC/Courses/SENG350/project_cop/seng350f19-project-2-3/src/models/shoe_model.ts":{"path":"/Users/Asim/OneDrive_UVIC/Courses/SENG350/project_cop/seng350f19-project-2-3/src/models/shoe_model.ts","statementMap":{"0":{"start":{"line":2,"column":0},"end":{"line":2,"column":62}},"1":{"start":{"line":3,"column":15},"end":{"line":3,"column":37}},"2":{"start":{"line":4,"column":31},"end":{"line":98,"column":3}},"3":{"start":{"line":11,"column":4},"end":{"line":48,"column":6}},"4":{"start":{"line":12,"column":21},"end":{"line":12,"column":23}},"5":{"start":{"line":15,"column":8},"end":{"line":18,"column":9}},"6":{"start":{"line":15,"column":22},"end":{"line":15,"column":23}},"7":{"start":{"line":15,"column":41},"end":{"line":15,"column":52}},"8":{"start":{"line":16,"column":12},"end":{"line":16,"column":37}},"9":{"start":{"line":17,"column":12},"end":{"line":17,"column":66}},"10":{"start":{"line":20,"column":26},"end":{"line":20,"column":28}},"11":{"start":{"line":21,"column":20},"end":{"line":46,"column":10}},"12":{"start":{"line":24,"column":12},"end":{"line":24,"column":59}},"13":{"start":{"line":31,"column":12},"end":{"line":41,"column":13}},"14":{"start":{"line":31,"column":26},"end":{"line":31,"column":27}},"15":{"start":{"line":31,"column":42},"end":{"line":31,"column":50}},"16":{"start":{"line":32,"column":16},"end":{"line":32,"column":38}},"17":{"start":{"line":33,"column":16},"end":{"line":40,"column":17}},"18":{"start":{"line":33,"column":30},"end":{"line":33,"column":31}},"19":{"start":{"line":33,"column":44},"end":{"line":33,"column":50}},"20":{"start":{"line":34,"column":20},"end":{"line":34,"column":38}},"21":{"start":{"line":36,"column":20},"end":{"line":39,"column":21}},"22":{"start":{"line":37,"column":24},"end":{"line":37,"column":47}},"23":{"start":{"line":38,"column":24},"end":{"line":38,"column":30}},"24":{"start":{"line":42,"column":12},"end":{"line":42,"column":31}},"25":{"start":{"line":45,"column":12},"end":{"line":45,"column":39}},"26":{"start":{"line":47,"column":8},"end":{"line":47,"column":21}},"27":{"start":{"line":53,"column":4},"end":{"line":80,"column":6}},"28":{"start":{"line":54,"column":8},"end":{"line":54,"column":28}},"29":{"start":{"line":56,"column":26},"end":{"line":56,"column":28}},"30":{"start":{"line":57,"column":20},"end":{"line":78,"column":10}},"31":{"start":{"line":60,"column":12},"end":{"line":60,"column":59}},"32":{"start":{"line":66,"column":12},"end":{"line":73,"column":13}},"33":{"start":{"line":66,"column":26},"end":{"line":66,"column":27}},"34":{"start":{"line":66,"column":42},"end":{"line":66,"column":50}},"35":{"start":{"line":67,"column":16},"end":{"line":67,"column":38}},"36":{"start":{"line":69,"column":16},"end":{"line":72,"column":17}},"37":{"start":{"line":70,"column":20},"end":{"line":70,"column":43}},"38":{"start":{"line":71,"column":20},"end":{"line":71,"column":26}},"39":{"start":{"line":74,"column":12},"end":{"line":74,"column":34}},"40":{"start":{"line":77,"column":12},"end":{"line":77,"column":39}},"41":{"start":{"line":79,"column":8},"end":{"line":79,"column":21}},"42":{"start":{"line":84,"column":4},"end":{"line":96,"column":6}},"43":{"start":{"line":85,"column":20},"end":{"line":94,"column":10}},"44":{"start":{"line":87,"column":12},"end":{"line":87,"column":59}},"45":{"start":{"line":90,"column":12},"end":{"line":90,"column":28}},"46":{"start":{"line":93,"column":12},"end":{"line":93,"column":39}},"47":{"start":{"line":95,"column":8},"end":{"line":95,"column":21}},"48":{"start":{"line":97,"column":4},"end":{"line":97,"column":21}},"49":{"start":{"line":99,"column":0},"end":{"line":99,"column":30}}},"fnMap":{"0":{"name":"(anonymous_0)","decl":{"start":{"line":4,"column":31},"end":{"line":4,"column":32}},"loc":{"start":{"line":4,"column":43},"end":{"line":98,"column":1}},"line":4},"1":{"name":"ShoeModel","decl":{"start":{"line":5,"column":13},"end":{"line":5,"column":22}},"loc":{"start":{"line":5,"column":25},"end":{"line":6,"column":5}},"line":5},"2":{"name":"(anonymous_2)","decl":{"start":{"line":11,"column":38},"end":{"line":11,"column":39}},"loc":{"start":{"line":11,"column":61},"end":{"line":48,"column":5}},"line":11},"3":{"name":"(anonymous_3)","decl":{"start":{"line":22,"column":18},"end":{"line":22,"column":19}},"loc":{"start":{"line":22,"column":32},"end":{"line":25,"column":9}},"line":22},"4":{"name":"(anonymous_4)","decl":{"start":{"line":26,"column":18},"end":{"line":26,"column":19}},"loc":{"start":{"line":26,"column":38},"end":{"line":43,"column":9}},"line":26},"5":{"name":"(anonymous_5)","decl":{"start":{"line":44,"column":19},"end":{"line":44,"column":20}},"loc":{"start":{"line":44,"column":34},"end":{"line":46,"column":9}},"line":44},"6":{"name":"(anonymous_6)","decl":{"start":{"line":53,"column":37},"end":{"line":53,"column":38}},"loc":{"start":{"line":53,"column":55},"end":{"line":80,"column":5}},"line":53},"7":{"name":"(anonymous_7)","decl":{"start":{"line":58,"column":18},"end":{"line":58,"column":19}},"loc":{"start":{"line":58,"column":32},"end":{"line":61,"column":9}},"line":58},"8":{"name":"(anonymous_8)","decl":{"start":{"line":62,"column":18},"end":{"line":62,"column":19}},"loc":{"start":{"line":62,"column":38},"end":{"line":75,"column":9}},"line":62},"9":{"name":"(anonymous_9)","decl":{"start":{"line":76,"column":19},"end":{"line":76,"column":20}},"loc":{"start":{"line":76,"column":34},"end":{"line":78,"column":9}},"line":76},"10":{"name":"(anonymous_10)","decl":{"start":{"line":84,"column":35},"end":{"line":84,"column":36}},"loc":{"start":{"line":84,"column":47},"end":{"line":96,"column":5}},"line":84},"11":{"name":"(anonymous_11)","decl":{"start":{"line":86,"column":18},"end":{"line":86,"column":19}},"loc":{"start":{"line":86,"column":32},"end":{"line":88,"column":9}},"line":86},"12":{"name":"(anonymous_12)","decl":{"start":{"line":89,"column":18},"end":{"line":89,"column":19}},"loc":{"start":{"line":89,"column":38},"end":{"line":91,"column":9}},"line":89},"13":{"name":"(anonymous_13)","decl":{"start":{"line":92,"column":19},"end":{"line":92,"column":20}},"loc":{"start":{"line":92,"column":34},"end":{"line":94,"column":9}},"line":92}},"branchMap":{"0":{"loc":{"start":{"line":36,"column":20},"end":{"line":39,"column":21}},"type":"if","locations":[{"start":{"line":36,"column":20},"end":{"line":39,"column":21}},{"start":{"line":36,"column":20},"end":{"line":39,"column":21}}],"line":36},"1":{"loc":{"start":{"line":69,"column":16},"end":{"line":72,"column":17}},"type":"if","locations":[{"start":{"line":69,"column":16},"end":{"line":72,"column":17}},{"start":{"line":69,"column":16},"end":{"line":72,"column":17}}],"line":69}},"s":{"0":1,"1":1,"2":1,"3":1,"4":1,"5":1,"6":1,"7":1,"8":3,"9":3,"10":1,"11":1,"12":1,"13":1,"14":1,"15":1,"16":3,"17":3,"18":3,"19":3,"20":6,"21":6,"22":3,"23":3,"24":1,"25":0,"26":1,"27":1,"28":0,"29":0,"30":0,"31":0,"32":0,"33":0,"34":0,"35":0,"36":0,"37":0,"38":0,"39":0,"40":0,"41":0,"42":1,"43":1,"44":0,"45":0,"46":0,"47":1,"48":1,"49":1},"f":{"0":1,"1":2,"2":1,"3":1,"4":1,"5":0,"6":0,"7":0,"8":0,"9":0,"10":1,"11":0,"12":0,"13":0},"b":{"0":[3,3],"1":[0,0]},"_coverageSchema":"43e27e138ebf9cfc5966b082cf9a028302ed4184","hash":"8257abfeae190a28e4547ffb894171de41974748","contentHash":"790617b917245bdb83838a452a4d6a733051a4370cc9b54c57cd8c87aef8e25e"},"/Users/Asim/OneDrive_UVIC/Courses/SENG350/project_cop/seng350f19-project-2-3/src/DbClient.ts":{"path":"/Users/Asim/OneDrive_UVIC/Courses/SENG350/project_cop/seng350f19-project-2-3/src/DbClient.ts","statementMap":{"0":{"start":{"line":2,"column":16},"end":{"line":10,"column":1}},"1":{"start":{"line":3,"column":28},"end":{"line":3,"column":110}},"2":{"start":{"line":3,"column":91},"end":{"line":3,"column":106}},"3":{"start":{"line":4,"column":4},"end":{"line":9,"column":7}},"4":{"start":{"line":5,"column":36},"end":{"line":5,"column":97}},"5":{"start":{"line":5,"column":42},"end":{"line":5,"column":70}},"6":{"start":{"line":5,"column":85},"end":{"line":5,"column":95}},"7":{"start":{"line":6,"column":35},"end":{"line":6,"column":100}},"8":{"start":{"line":6,"column":41},"end":{"line":6,"column":73}},"9":{"start":{"line":6,"column":88},"end":{"line":6,"column":98}},"10":{"start":{"line":7,"column":32},"end":{"line":7,"column":116}},"11":{"start":{"line":8,"column":8},"end":{"line":8,"column":78}},"12":{"start":{"line":11,"column":18},"end":{"line":37,"column":1}},"13":{"start":{"line":12,"column":12},"end":{"line":12,"column":104}},"14":{"start":{"line":12,"column":43},"end":{"line":12,"column":68}},"15":{"start":{"line":12,"column":57},"end":{"line":12,"column":68}},"16":{"start":{"line":12,"column":69},"end":{"line":12,"column":81}},"17":{"start":{"line":13,"column":4},"end":{"line":13,"column":157}},"18":{"start":{"line":13,"column":138},"end":{"line":13,"column":150}},"19":{"start":{"line":14,"column":23},"end":{"line":14,"column":68}},"20":{"start":{"line":14,"column":45},"end":{"line":14,"column":65}},"21":{"start":{"line":16,"column":8},"end":{"line":16,"column":70}},"22":{"start":{"line":16,"column":15},"end":{"line":16,"column":70}},"23":{"start":{"line":17,"column":8},"end":{"line":34,"column":66}},"24":{"start":{"line":17,"column":18},"end":{"line":34,"column":66}},"25":{"start":{"line":18,"column":12},"end":{"line":18,"column":169}},"26":{"start":{"line":18,"column":160},"end":{"line":18,"column":169}},"27":{"start":{"line":19,"column":12},"end":{"line":19,"column":52}},"28":{"start":{"line":19,"column":26},"end":{"line":19,"column":52}},"29":{"start":{"line":20,"column":12},"end":{"line":32,"column":13}},"30":{"start":{"line":21,"column":32},"end":{"line":21,"column":39}},"31":{"start":{"line":21,"column":40},"end":{"line":21,"column":46}},"32":{"start":{"line":22,"column":24},"end":{"line":22,"column":34}},"33":{"start":{"line":22,"column":35},"end":{"line":22,"column":72}},"34":{"start":{"line":23,"column":24},"end":{"line":23,"column":34}},"35":{"start":{"line":23,"column":35},"end":{"line":23,"column":45}},"36":{"start":{"line":23,"column":46},"end":{"line":23,"column":55}},"37":{"start":{"line":23,"column":56},"end":{"line":23,"column":65}},"38":{"start":{"line":24,"column":24},"end":{"line":24,"column":41}},"39":{"start":{"line":24,"column":42},"end":{"line":24,"column":55}},"40":{"start":{"line":24,"column":56},"end":{"line":24,"column":65}},"41":{"start":{"line":26,"column":20},"end":{"line":26,"column":128}},"42":{"start":{"line":26,"column":110},"end":{"line":26,"column":116}},"43":{"start":{"line":26,"column":117},"end":{"line":26,"column":126}},"44":{"start":{"line":27,"column":20},"end":{"line":27,"column":106}},"45":{"start":{"line":27,"column":81},"end":{"line":27,"column":97}},"46":{"start":{"line":27,"column":98},"end":{"line":27,"column":104}},"47":{"start":{"line":28,"column":20},"end":{"line":28,"column":89}},"48":{"start":{"line":28,"column":57},"end":{"line":28,"column":72}},"49":{"start":{"line":28,"column":73},"end":{"line":28,"column":80}},"50":{"start":{"line":28,"column":81},"end":{"line":28,"column":87}},"51":{"start":{"line":29,"column":20},"end":{"line":29,"column":87}},"52":{"start":{"line":29,"column":47},"end":{"line":29,"column":62}},"53":{"start":{"line":29,"column":63},"end":{"line":29,"column":78}},"54":{"start":{"line":29,"column":79},"end":{"line":29,"column":85}},"55":{"start":{"line":30,"column":20},"end":{"line":30,"column":42}},"56":{"start":{"line":30,"column":30},"end":{"line":30,"column":42}},"57":{"start":{"line":31,"column":20},"end":{"line":31,"column":33}},"58":{"start":{"line":31,"column":34},"end":{"line":31,"column":43}},"59":{"start":{"line":33,"column":12},"end":{"line":33,"column":39}},"60":{"start":{"line":34,"column":22},"end":{"line":34,"column":34}},"61":{"start":{"line":34,"column":35},"end":{"line":34,"column":41}},"62":{"start":{"line":34,"column":54},"end":{"line":34,"column":64}},"63":{"start":{"line":35,"column":8},"end":{"line":35,"column":35}},"64":{"start":{"line":35,"column":23},"end":{"line":35,"column":35}},"65":{"start":{"line":35,"column":36},"end":{"line":35,"column":89}},"66":{"start":{"line":39,"column":16},"end":{"line":39,"column":34}},"67":{"start":{"line":40,"column":30},"end":{"line":65,"column":3}},"68":{"start":{"line":43,"column":4},"end":{"line":63,"column":6}},"69":{"start":{"line":44,"column":8},"end":{"line":62,"column":11}},"70":{"start":{"line":46,"column":12},"end":{"line":61,"column":15}},"71":{"start":{"line":47,"column":16},"end":{"line":60,"column":17}},"72":{"start":{"line":49,"column":24},"end":{"line":49,"column":50}},"73":{"start":{"line":50,"column":24},"end":{"line":50,"column":170}},"74":{"start":{"line":52,"column":24},"end":{"line":52,"column":43}},"75":{"start":{"line":53,"column":24},"end":{"line":53,"column":54}},"76":{"start":{"line":54,"column":24},"end":{"line":54,"column":55}},"77":{"start":{"line":56,"column":24},"end":{"line":56,"column":44}},"78":{"start":{"line":57,"column":24},"end":{"line":57,"column":63}},"79":{"start":{"line":58,"column":24},"end":{"line":58,"column":48}},"80":{"start":{"line":59,"column":28},"end":{"line":59,"column":50}},"81":{"start":{"line":64,"column":4},"end":{"line":64,"column":20}},"82":{"start":{"line":66,"column":0},"end":{"line":66,"column":32}}},"fnMap":{"0":{"name":"(anonymous_0)","decl":{"start":{"line":2,"column":44},"end":{"line":2,"column":45}},"loc":{"start":{"line":2,"column":89},"end":{"line":10,"column":1}},"line":2},"1":{"name":"adopt","decl":{"start":{"line":3,"column":13},"end":{"line":3,"column":18}},"loc":{"start":{"line":3,"column":26},"end":{"line":3,"column":112}},"line":3},"2":{"name":"(anonymous_2)","decl":{"start":{"line":3,"column":70},"end":{"line":3,"column":71}},"loc":{"start":{"line":3,"column":89},"end":{"line":3,"column":108}},"line":3},"3":{"name":"(anonymous_3)","decl":{"start":{"line":4,"column":36},"end":{"line":4,"column":37}},"loc":{"start":{"line":4,"column":63},"end":{"line":9,"column":5}},"line":4},"4":{"name":"fulfilled","decl":{"start":{"line":5,"column":17},"end":{"line":5,"column":26}},"loc":{"start":{"line":5,"column":34},"end":{"line":5,"column":99}},"line":5},"5":{"name":"rejected","decl":{"start":{"line":6,"column":17},"end":{"line":6,"column":25}},"loc":{"start":{"line":6,"column":33},"end":{"line":6,"column":102}},"line":6},"6":{"name":"step","decl":{"start":{"line":7,"column":17},"end":{"line":7,"column":21}},"loc":{"start":{"line":7,"column":30},"end":{"line":7,"column":118}},"line":7},"7":{"name":"(anonymous_7)","decl":{"start":{"line":11,"column":48},"end":{"line":11,"column":49}},"loc":{"start":{"line":11,"column":73},"end":{"line":37,"column":1}},"line":11},"8":{"name":"(anonymous_8)","decl":{"start":{"line":12,"column":30},"end":{"line":12,"column":31}},"loc":{"start":{"line":12,"column":41},"end":{"line":12,"column":83}},"line":12},"9":{"name":"(anonymous_9)","decl":{"start":{"line":13,"column":125},"end":{"line":13,"column":126}},"loc":{"start":{"line":13,"column":136},"end":{"line":13,"column":152}},"line":13},"10":{"name":"verb","decl":{"start":{"line":14,"column":13},"end":{"line":14,"column":17}},"loc":{"start":{"line":14,"column":21},"end":{"line":14,"column":70}},"line":14},"11":{"name":"(anonymous_11)","decl":{"start":{"line":14,"column":30},"end":{"line":14,"column":31}},"loc":{"start":{"line":14,"column":43},"end":{"line":14,"column":67}},"line":14},"12":{"name":"step","decl":{"start":{"line":15,"column":13},"end":{"line":15,"column":17}},"loc":{"start":{"line":15,"column":22},"end":{"line":36,"column":5}},"line":15},"13":{"name":"(anonymous_13)","decl":{"start":{"line":40,"column":30},"end":{"line":40,"column":31}},"loc":{"start":{"line":40,"column":42},"end":{"line":65,"column":1}},"line":40},"14":{"name":"DbClient","decl":{"start":{"line":41,"column":13},"end":{"line":41,"column":21}},"loc":{"start":{"line":41,"column":24},"end":{"line":42,"column":5}},"line":41},"15":{"name":"(anonymous_15)","decl":{"start":{"line":43,"column":33},"end":{"line":43,"column":34}},"loc":{"start":{"line":43,"column":45},"end":{"line":63,"column":5}},"line":43},"16":{"name":"(anonymous_16)","decl":{"start":{"line":44,"column":47},"end":{"line":44,"column":48}},"loc":{"start":{"line":44,"column":59},"end":{"line":62,"column":9}},"line":44},"17":{"name":"(anonymous_17)","decl":{"start":{"line":46,"column":37},"end":{"line":46,"column":38}},"loc":{"start":{"line":46,"column":51},"end":{"line":61,"column":13}},"line":46}},"branchMap":{"0":{"loc":{"start":{"line":2,"column":16},"end":{"line":10,"column":1}},"type":"binary-expr","locations":[{"start":{"line":2,"column":17},"end":{"line":2,"column":21}},{"start":{"line":2,"column":25},"end":{"line":2,"column":39}},{"start":{"line":2,"column":44},"end":{"line":10,"column":1}}],"line":2},"1":{"loc":{"start":{"line":3,"column":35},"end":{"line":3,"column":109}},"type":"cond-expr","locations":[{"start":{"line":3,"column":56},"end":{"line":3,"column":61}},{"start":{"line":3,"column":64},"end":{"line":3,"column":109}}],"line":3},"2":{"loc":{"start":{"line":4,"column":16},"end":{"line":4,"column":34}},"type":"binary-expr","locations":[{"start":{"line":4,"column":16},"end":{"line":4,"column":17}},{"start":{"line":4,"column":22},"end":{"line":4,"column":33}}],"line":4},"3":{"loc":{"start":{"line":7,"column":32},"end":{"line":7,"column":115}},"type":"cond-expr","locations":[{"start":{"line":7,"column":46},"end":{"line":7,"column":67}},{"start":{"line":7,"column":70},"end":{"line":7,"column":115}}],"line":7},"4":{"loc":{"start":{"line":8,"column":51},"end":{"line":8,"column":67}},"type":"binary-expr","locations":[{"start":{"line":8,"column":51},"end":{"line":8,"column":61}},{"start":{"line":8,"column":65},"end":{"line":8,"column":67}}],"line":8},"5":{"loc":{"start":{"line":11,"column":18},"end":{"line":37,"column":1}},"type":"binary-expr","locations":[{"start":{"line":11,"column":19},"end":{"line":11,"column":23}},{"start":{"line":11,"column":27},"end":{"line":11,"column":43}},{"start":{"line":11,"column":48},"end":{"line":37,"column":1}}],"line":11},"6":{"loc":{"start":{"line":12,"column":43},"end":{"line":12,"column":68}},"type":"if","locations":[{"start":{"line":12,"column":43},"end":{"line":12,"column":68}},{"start":{"line":12,"column":43},"end":{"line":12,"column":68}}],"line":12},"7":{"loc":{"start":{"line":13,"column":71},"end":{"line":13,"column":153}},"type":"binary-expr","locations":[{"start":{"line":13,"column":71},"end":{"line":13,"column":99}},{"start":{"line":13,"column":104},"end":{"line":13,"column":152}}],"line":13},"8":{"loc":{"start":{"line":16,"column":8},"end":{"line":16,"column":70}},"type":"if","locations":[{"start":{"line":16,"column":8},"end":{"line":16,"column":70}},{"start":{"line":16,"column":8},"end":{"line":16,"column":70}}],"line":16},"9":{"loc":{"start":{"line":18,"column":12},"end":{"line":18,"column":169}},"type":"if","locations":[{"start":{"line":18,"column":12},"end":{"line":18,"column":169}},{"start":{"line":18,"column":12},"end":{"line":18,"column":169}}],"line":18},"10":{"loc":{"start":{"line":18,"column":23},"end":{"line":18,"column":158}},"type":"binary-expr","locations":[{"start":{"line":18,"column":23},"end":{"line":18,"column":24}},{"start":{"line":18,"column":29},"end":{"line":18,"column":125}},{"start":{"line":18,"column":130},"end":{"line":18,"column":158}}],"line":18},"11":{"loc":{"start":{"line":18,"column":33},"end":{"line":18,"column":125}},"type":"cond-expr","locations":[{"start":{"line":18,"column":45},"end":{"line":18,"column":56}},{"start":{"line":18,"column":59},"end":{"line":18,"column":125}}],"line":18},"12":{"loc":{"start":{"line":18,"column":59},"end":{"line":18,"column":125}},"type":"cond-expr","locations":[{"start":{"line":18,"column":67},"end":{"line":18,"column":116}},{"start":{"line":18,"column":119},"end":{"line":18,"column":125}}],"line":18},"13":{"loc":{"start":{"line":18,"column":67},"end":{"line":18,"column":116}},"type":"binary-expr","locations":[{"start":{"line":18,"column":67},"end":{"line":18,"column":77}},{"start":{"line":18,"column":82},"end":{"line":18,"column":115}}],"line":18},"14":{"loc":{"start":{"line":18,"column":82},"end":{"line":18,"column":112}},"type":"binary-expr","locations":[{"start":{"line":18,"column":83},"end":{"line":18,"column":98}},{"start":{"line":18,"column":103},"end":{"line":18,"column":112}}],"line":18},"15":{"loc":{"start":{"line":19,"column":12},"end":{"line":19,"column":52}},"type":"if","locations":[{"start":{"line":19,"column":12},"end":{"line":19,"column":52}},{"start":{"line":19,"column":12},"end":{"line":19,"column":52}}],"line":19},"16":{"loc":{"start":{"line":20,"column":12},"end":{"line":32,"column":13}},"type":"switch","locations":[{"start":{"line":21,"column":16},"end":{"line":21,"column":23}},{"start":{"line":21,"column":24},"end":{"line":21,"column":46}},{"start":{"line":22,"column":16},"end":{"line":22,"column":72}},{"start":{"line":23,"column":16},"end":{"line":23,"column":65}},{"start":{"line":24,"column":16},"end":{"line":24,"column":65}},{"start":{"line":25,"column":16},"end":{"line":31,"column":43}}],"line":20},"17":{"loc":{"start":{"line":26,"column":20},"end":{"line":26,"column":128}},"type":"if","locations":[{"start":{"line":26,"column":20},"end":{"line":26,"column":128}},{"start":{"line":26,"column":20},"end":{"line":26,"column":128}}],"line":26},"18":{"loc":{"start":{"line":26,"column":24},"end":{"line":26,"column":106}},"type":"binary-expr","locations":[{"start":{"line":26,"column":24},"end":{"line":26,"column":74}},{"start":{"line":26,"column":79},"end":{"line":26,"column":90}},{"start":{"line":26,"column":94},"end":{"line":26,"column":105}}],"line":26},"19":{"loc":{"start":{"line":26,"column":42},"end":{"line":26,"column":73}},"type":"binary-expr","locations":[{"start":{"line":26,"column":42},"end":{"line":26,"column":54}},{"start":{"line":26,"column":58},"end":{"line":26,"column":73}}],"line":26},"20":{"loc":{"start":{"line":27,"column":20},"end":{"line":27,"column":106}},"type":"if","locations":[{"start":{"line":27,"column":20},"end":{"line":27,"column":106}},{"start":{"line":27,"column":20},"end":{"line":27,"column":106}}],"line":27},"21":{"loc":{"start":{"line":27,"column":24},"end":{"line":27,"column":77}},"type":"binary-expr","locations":[{"start":{"line":27,"column":24},"end":{"line":27,"column":35}},{"start":{"line":27,"column":40},"end":{"line":27,"column":42}},{"start":{"line":27,"column":47},"end":{"line":27,"column":59}},{"start":{"line":27,"column":63},"end":{"line":27,"column":75}}],"line":27},"22":{"loc":{"start":{"line":28,"column":20},"end":{"line":28,"column":89}},"type":"if","locations":[{"start":{"line":28,"column":20},"end":{"line":28,"column":89}},{"start":{"line":28,"column":20},"end":{"line":28,"column":89}}],"line":28},"23":{"loc":{"start":{"line":28,"column":24},"end":{"line":28,"column":53}},"type":"binary-expr","locations":[{"start":{"line":28,"column":24},"end":{"line":28,"column":35}},{"start":{"line":28,"column":39},"end":{"line":28,"column":53}}],"line":28},"24":{"loc":{"start":{"line":29,"column":20},"end":{"line":29,"column":87}},"type":"if","locations":[{"start":{"line":29,"column":20},"end":{"line":29,"column":87}},{"start":{"line":29,"column":20},"end":{"line":29,"column":87}}],"line":29},"25":{"loc":{"start":{"line":29,"column":24},"end":{"line":29,"column":43}},"type":"binary-expr","locations":[{"start":{"line":29,"column":24},"end":{"line":29,"column":25}},{"start":{"line":29,"column":29},"end":{"line":29,"column":43}}],"line":29},"26":{"loc":{"start":{"line":30,"column":20},"end":{"line":30,"column":42}},"type":"if","locations":[{"start":{"line":30,"column":20},"end":{"line":30,"column":42}},{"start":{"line":30,"column":20},"end":{"line":30,"column":42}}],"line":30},"27":{"loc":{"start":{"line":35,"column":8},"end":{"line":35,"column":35}},"type":"if","locations":[{"start":{"line":35,"column":8},"end":{"line":35,"column":35}},{"start":{"line":35,"column":8},"end":{"line":35,"column":35}}],"line":35},"28":{"loc":{"start":{"line":35,"column":52},"end":{"line":35,"column":74}},"type":"cond-expr","locations":[{"start":{"line":35,"column":60},"end":{"line":35,"column":65}},{"start":{"line":35,"column":68},"end":{"line":35,"column":74}}],"line":35},"29":{"loc":{"start":{"line":47,"column":16},"end":{"line":60,"column":17}},"type":"switch","locations":[{"start":{"line":48,"column":20},"end":{"line":50,"column":170}},{"start":{"line":51,"column":20},"end":{"line":54,"column":55}},{"start":{"line":55,"column":20},"end":{"line":58,"column":48}},{"start":{"line":59,"column":20},"end":{"line":59,"column":50}}],"line":47}},"s":{"0":1,"1":4,"2":0,"3":4,"4":3,"5":3,"6":0,"7":0,"8":0,"9":0,"10":7,"11":4,"12":1,"13":4,"14":3,"15":0,"16":3,"17":4,"18":0,"19":12,"20":7,"21":7,"22":0,"23":7,"24":17,"25":17,"26":0,"27":17,"28":0,"29":17,"30":7,"31":7,"32":4,"33":4,"34":0,"35":0,"36":0,"37":0,"38":0,"39":0,"40":0,"41":6,"42":3,"43":3,"44":3,"45":0,"46":0,"47":3,"48":0,"49":0,"50":0,"51":3,"52":0,"53":0,"54":0,"55":3,"56":0,"57":3,"58":3,"59":7,"60":0,"61":0,"62":17,"63":3,"64":0,"65":3,"66":1,"67":1,"68":1,"69":4,"70":4,"71":7,"72":4,"73":4,"74":3,"75":3,"76":3,"77":0,"78":0,"79":0,"80":0,"81":1,"82":1},"f":{"0":4,"1":4,"2":0,"3":4,"4":3,"5":0,"6":7,"7":4,"8":3,"9":0,"10":12,"11":7,"12":7,"13":1,"14":1,"15":4,"16":4,"17":7},"b":{"0":[1,1,1],"1":[4,0],"2":[4,4],"3":[3,4],"4":[4,4],"5":[1,1,1],"6":[0,3],"7":[4,4],"8":[0,7],"9":[0,17],"10":[17,0,0],"11":[0,0],"12":[0,0],"13":[0,0],"14":[0,0],"15":[0,17],"16":[7,7,4,0,0,6],"17":[3,3],"18":[6,3,3],"19":[6,3],"20":[0,3],"21":[3,0,0,0],"22":[0,3],"23":[3,0],"24":[0,3],"25":[3,3],"26":[0,3],"27":[0,3],"28":[3,0],"29":[4,3,0,0]},"_coverageSchema":"43e27e138ebf9cfc5966b082cf9a028302ed4184","hash":"af1eed9e9c6cf641cd413b2e5658ebbfdca6703b","contentHash":"c6753cb9d521eb9da47c3dded08aa90b94b8bd932c05eeafc070944cb55e9e42"},"/Users/Asim/OneDrive_UVIC/Courses/SENG350/project_cop/seng350f19-project-2-3/src/app.ts":{"path":"/Users/Asim/OneDrive_UVIC/Courses/SENG350/project_cop/seng350f19-project-2-3/src/app.ts","statementMap":{"0":{"start":{"line":2,"column":22},"end":{"line":4,"column":1}},"1":{"start":{"line":3,"column":4},"end":{"line":3,"column":62}},"2":{"start":{"line":5,"column":0},"end":{"line":5,"column":62}},"3":{"start":{"line":6,"column":20},"end":{"line":6,"column":59}},"4":{"start":{"line":7,"column":22},"end":{"line":7,"column":63}},"5":{"start":{"line":8,"column":21},"end":{"line":8,"column":61}},"6":{"start":{"line":9,"column":16},"end":{"line":9,"column":51}},"7":{"start":{"line":10,"column":15},"end":{"line":10,"column":49}},"8":{"start":{"line":11,"column":13},"end":{"line":11,"column":45}},"9":{"start":{"line":12,"column":14},"end":{"line":12,"column":39}},"10":{"start":{"line":13,"column":19},"end":{"line":13,"column":49}},"11":{"start":{"line":19,"column":28},"end":{"line":94,"column":3}},"12":{"start":{"line":28,"column":8},"end":{"line":28,"column":39}},"13":{"start":{"line":30,"column":8},"end":{"line":30,"column":22}},"14":{"start":{"line":32,"column":8},"end":{"line":32,"column":22}},"15":{"start":{"line":42,"column":4},"end":{"line":44,"column":6}},"16":{"start":{"line":43,"column":8},"end":{"line":43,"column":28}},"17":{"start":{"line":45,"column":4},"end":{"line":47,"column":6}},"18":{"start":{"line":46,"column":8},"end":{"line":46,"column":24}},"19":{"start":{"line":54,"column":4},"end":{"line":77,"column":6}},"20":{"start":{"line":56,"column":8},"end":{"line":56,"column":89}},"21":{"start":{"line":58,"column":8},"end":{"line":58,"column":74}},"22":{"start":{"line":59,"column":8},"end":{"line":59,"column":43}},"23":{"start":{"line":61,"column":8},"end":{"line":61,"column":46}},"24":{"start":{"line":63,"column":8},"end":{"line":63,"column":51}},"25":{"start":{"line":65,"column":8},"end":{"line":67,"column":12}},"26":{"start":{"line":69,"column":8},"end":{"line":69,"column":66}},"27":{"start":{"line":71,"column":8},"end":{"line":74,"column":11}},"28":{"start":{"line":72,"column":12},"end":{"line":72,"column":29}},"29":{"start":{"line":73,"column":12},"end":{"line":73,"column":22}},"30":{"start":{"line":76,"column":8},"end":{"line":76,"column":47}},"31":{"start":{"line":85,"column":4},"end":{"line":92,"column":6}},"32":{"start":{"line":87,"column":8},"end":{"line":87,"column":44}},"33":{"start":{"line":88,"column":8},"end":{"line":88,"column":42}},"34":{"start":{"line":89,"column":8},"end":{"line":89,"column":47}},"35":{"start":{"line":91,"column":8},"end":{"line":91,"column":29}},"36":{"start":{"line":93,"column":4},"end":{"line":93,"column":18}},"37":{"start":{"line":95,"column":0},"end":{"line":95,"column":24}},"38":{"start":{"line":96,"column":0},"end":{"line":96,"column":25}}},"fnMap":{"0":{"name":"(anonymous_0)","decl":{"start":{"line":2,"column":56},"end":{"line":2,"column":57}},"loc":{"start":{"line":2,"column":71},"end":{"line":4,"column":1}},"line":2},"1":{"name":"(anonymous_1)","decl":{"start":{"line":19,"column":28},"end":{"line":19,"column":29}},"loc":{"start":{"line":19,"column":40},"end":{"line":94,"column":1}},"line":19},"2":{"name":"Server","decl":{"start":{"line":26,"column":13},"end":{"line":26,"column":19}},"loc":{"start":{"line":26,"column":22},"end":{"line":33,"column":5}},"line":26},"3":{"name":"(anonymous_3)","decl":{"start":{"line":42,"column":23},"end":{"line":42,"column":24}},"loc":{"start":{"line":42,"column":35},"end":{"line":44,"column":5}},"line":42},"4":{"name":"(anonymous_4)","decl":{"start":{"line":45,"column":42},"end":{"line":45,"column":43}},"loc":{"start":{"line":45,"column":54},"end":{"line":47,"column":5}},"line":45},"5":{"name":"(anonymous_5)","decl":{"start":{"line":54,"column":30},"end":{"line":54,"column":31}},"loc":{"start":{"line":54,"column":42},"end":{"line":77,"column":5}},"line":54},"6":{"name":"(anonymous_6)","decl":{"start":{"line":71,"column":21},"end":{"line":71,"column":22}},"loc":{"start":{"line":71,"column":52},"end":{"line":74,"column":9}},"line":71},"7":{"name":"(anonymous_7)","decl":{"start":{"line":85,"column":30},"end":{"line":85,"column":31}},"loc":{"start":{"line":85,"column":42},"end":{"line":92,"column":5}},"line":85}},"branchMap":{"0":{"loc":{"start":{"line":2,"column":22},"end":{"line":4,"column":1}},"type":"binary-expr","locations":[{"start":{"line":2,"column":23},"end":{"line":2,"column":27}},{"start":{"line":2,"column":31},"end":{"line":2,"column":51}},{"start":{"line":2,"column":56},"end":{"line":4,"column":1}}],"line":2},"1":{"loc":{"start":{"line":3,"column":11},"end":{"line":3,"column":61}},"type":"cond-expr","locations":[{"start":{"line":3,"column":37},"end":{"line":3,"column":40}},{"start":{"line":3,"column":43},"end":{"line":3,"column":61}}],"line":3},"2":{"loc":{"start":{"line":3,"column":12},"end":{"line":3,"column":33}},"type":"binary-expr","locations":[{"start":{"line":3,"column":12},"end":{"line":3,"column":15}},{"start":{"line":3,"column":19},"end":{"line":3,"column":33}}],"line":3}},"s":{"0":1,"1":6,"2":1,"3":1,"4":1,"5":1,"6":1,"7":1,"8":1,"9":1,"10":1,"11":1,"12":2,"13":2,"14":2,"15":1,"16":0,"17":1,"18":2,"19":1,"20":2,"21":2,"22":2,"23":2,"24":2,"25":2,"26":2,"27":2,"28":0,"29":0,"30":2,"31":1,"32":2,"33":2,"34":2,"35":2,"36":1,"37":1,"38":1},"f":{"0":6,"1":1,"2":2,"3":0,"4":2,"5":2,"6":0,"7":2},"b":{"0":[1,1,1],"1":[0,6],"2":[6,6]},"_coverageSchema":"43e27e138ebf9cfc5966b082cf9a028302ed4184","hash":"72bb144ad35971c580240d4c9292f66706aa22e5","contentHash":"1105134e6ef74667712861fe3948fe270d65b10e200b7df3cddd7eb74fbbe355"},"/Users/Asim/OneDrive_UVIC/Courses/SENG350/project_cop/seng350f19-project-2-3/src/routes/index.ts":{"path":"/Users/Asim/OneDrive_UVIC/Courses/SENG350/project_cop/seng350f19-project-2-3/src/routes/index.ts","statementMap":{"0":{"start":{"line":2,"column":16},"end":{"line":14,"column":4}},"1":{"start":{"line":3,"column":24},"end":{"line":8,"column":5}},"2":{"start":{"line":4,"column":8},"end":{"line":6,"column":87}},"3":{"start":{"line":5,"column":69},"end":{"line":5,"column":85}},"4":{"start":{"line":6,"column":30},"end":{"line":6,"column":84}},"5":{"start":{"line":6,"column":47},"end":{"line":6,"column":84}},"6":{"start":{"line":6,"column":72},"end":{"line":6,"column":84}},"7":{"start":{"line":7,"column":8},"end":{"line":7,"column":35}},"8":{"start":{"line":9,"column":4},"end":{"line":13,"column":6}},"9":{"start":{"line":10,"column":8},"end":{"line":10,"column":28}},"10":{"start":{"line":11,"column":24},"end":{"line":11,"column":45}},"11":{"start":{"line":12,"column":8},"end":{"line":12,"column":93}},"12":{"start":{"line":15,"column":0},"end":{"line":15,"column":62}},"13":{"start":{"line":16,"column":15},"end":{"line":16,"column":34}},"14":{"start":{"line":22,"column":32},"end":{"line":68,"column":21}},"15":{"start":{"line":23,"column":4},"end":{"line":23,"column":34}},"16":{"start":{"line":31,"column":8},"end":{"line":31,"column":41}},"17":{"start":{"line":40,"column":4},"end":{"line":47,"column":6}},"18":{"start":{"line":42,"column":8},"end":{"line":42,"column":66}},"19":{"start":{"line":44,"column":8},"end":{"line":46,"column":11}},"20":{"start":{"line":45,"column":12},"end":{"line":45,"column":51}},"21":{"start":{"line":57,"column":4},"end":{"line":66,"column":6}},"22":{"start":{"line":59,"column":8},"end":{"line":59,"column":30}},"23":{"start":{"line":61,"column":22},"end":{"line":63,"column":9}},"24":{"start":{"line":65,"column":8},"end":{"line":65,"column":48}},"25":{"start":{"line":67,"column":4},"end":{"line":67,"column":22}},"26":{"start":{"line":69,"column":0},"end":{"line":69,"column":32}}},"fnMap":{"0":{"name":"(anonymous_0)","decl":{"start":{"line":2,"column":45},"end":{"line":2,"column":46}},"loc":{"start":{"line":2,"column":57},"end":{"line":14,"column":1}},"line":2},"1":{"name":"(anonymous_1)","decl":{"start":{"line":3,"column":24},"end":{"line":3,"column":25}},"loc":{"start":{"line":3,"column":40},"end":{"line":8,"column":5}},"line":3},"2":{"name":"(anonymous_2)","decl":{"start":{"line":5,"column":51},"end":{"line":5,"column":52}},"loc":{"start":{"line":5,"column":67},"end":{"line":5,"column":87}},"line":5},"3":{"name":"(anonymous_3)","decl":{"start":{"line":6,"column":12},"end":{"line":6,"column":13}},"loc":{"start":{"line":6,"column":28},"end":{"line":6,"column":86}},"line":6},"4":{"name":"(anonymous_4)","decl":{"start":{"line":9,"column":11},"end":{"line":9,"column":12}},"loc":{"start":{"line":9,"column":27},"end":{"line":13,"column":5}},"line":9},"5":{"name":"__","decl":{"start":{"line":11,"column":17},"end":{"line":11,"column":19}},"loc":{"start":{"line":11,"column":22},"end":{"line":11,"column":47}},"line":11},"6":{"name":"(anonymous_6)","decl":{"start":{"line":22,"column":32},"end":{"line":22,"column":33}},"loc":{"start":{"line":22,"column":50},"end":{"line":68,"column":1}},"line":22},"7":{"name":"IndexRoute","decl":{"start":{"line":30,"column":13},"end":{"line":30,"column":23}},"loc":{"start":{"line":30,"column":26},"end":{"line":32,"column":5}},"line":30},"8":{"name":"(anonymous_8)","decl":{"start":{"line":40,"column":24},"end":{"line":40,"column":25}},"loc":{"start":{"line":40,"column":42},"end":{"line":47,"column":5}},"line":40},"9":{"name":"(anonymous_9)","decl":{"start":{"line":44,"column":24},"end":{"line":44,"column":25}},"loc":{"start":{"line":44,"column":50},"end":{"line":46,"column":9}},"line":44},"10":{"name":"(anonymous_10)","decl":{"start":{"line":57,"column":33},"end":{"line":57,"column":34}},"loc":{"start":{"line":57,"column":59},"end":{"line":66,"column":5}},"line":57}},"branchMap":{"0":{"loc":{"start":{"line":2,"column":16},"end":{"line":14,"column":4}},"type":"binary-expr","locations":[{"start":{"line":2,"column":17},"end":{"line":2,"column":21}},{"start":{"line":2,"column":25},"end":{"line":2,"column":39}},{"start":{"line":2,"column":44},"end":{"line":14,"column":4}}],"line":2},"1":{"loc":{"start":{"line":4,"column":24},"end":{"line":6,"column":86}},"type":"binary-expr","locations":[{"start":{"line":4,"column":24},"end":{"line":4,"column":45}},{"start":{"line":5,"column":13},"end":{"line":5,"column":47}},{"start":{"line":5,"column":51},"end":{"line":5,"column":87}},{"start":{"line":6,"column":12},"end":{"line":6,"column":86}}],"line":4},"2":{"loc":{"start":{"line":6,"column":47},"end":{"line":6,"column":84}},"type":"if","locations":[{"start":{"line":6,"column":47},"end":{"line":6,"column":84}},{"start":{"line":6,"column":47},"end":{"line":6,"column":84}}],"line":6},"3":{"loc":{"start":{"line":12,"column":22},"end":{"line":12,"column":92}},"type":"cond-expr","locations":[{"start":{"line":12,"column":35},"end":{"line":12,"column":51}},{"start":{"line":12,"column":55},"end":{"line":12,"column":91}}],"line":12},"4":{"loc":{"start":{"line":31,"column":15},"end":{"line":31,"column":40}},"type":"binary-expr","locations":[{"start":{"line":31,"column":15},"end":{"line":31,"column":32}},{"start":{"line":31,"column":36},"end":{"line":31,"column":40}}],"line":31}},"s":{"0":1,"1":1,"2":1,"3":0,"4":0,"5":0,"6":0,"7":1,"8":1,"9":1,"10":1,"11":1,"12":1,"13":1,"14":1,"15":1,"16":0,"17":1,"18":2,"19":2,"20":0,"21":1,"22":0,"23":0,"24":0,"25":1,"26":1},"f":{"0":1,"1":1,"2":0,"3":0,"4":1,"5":1,"6":1,"7":0,"8":2,"9":0,"10":0},"b":{"0":[1,1,1],"1":[1,0,0,0],"2":[0,0],"3":[0,1],"4":[0,0]},"_coverageSchema":"43e27e138ebf9cfc5966b082cf9a028302ed4184","hash":"7060ee3a690dd28beb5e77b4c6353a32309546c0","contentHash":"2c5096daa660b1bc85aa4546b5b3ee076c87a789d1106dc0634d44ddcce02844"},"/Users/Asim/OneDrive_UVIC/Courses/SENG350/project_cop/seng350f19-project-2-3/src/routes/router.ts":{"path":"/Users/Asim/OneDrive_UVIC/Courses/SENG350/project_cop/seng350f19-project-2-3/src/routes/router.ts","statementMap":{"0":{"start":{"line":2,"column":0},"end":{"line":2,"column":62}},"1":{"start":{"line":8,"column":31},"end":{"line":54,"column":3}},"2":{"start":{"line":17,"column":8},"end":{"line":17,"column":49}},"3":{"start":{"line":18,"column":8},"end":{"line":18,"column":26}},"4":{"start":{"line":28,"column":4},"end":{"line":31,"column":6}},"5":{"start":{"line":29,"column":8},"end":{"line":29,"column":31}},"6":{"start":{"line":30,"column":8},"end":{"line":30,"column":20}},"7":{"start":{"line":43,"column":4},"end":{"line":52,"column":6}},"8":{"start":{"line":45,"column":8},"end":{"line":45,"column":34}},"9":{"start":{"line":47,"column":8},"end":{"line":47,"column":42}},"10":{"start":{"line":49,"column":8},"end":{"line":49,"column":38}},"11":{"start":{"line":51,"column":8},"end":{"line":51,"column":34}},"12":{"start":{"line":53,"column":4},"end":{"line":53,"column":21}},"13":{"start":{"line":55,"column":0},"end":{"line":55,"column":30}}},"fnMap":{"0":{"name":"(anonymous_0)","decl":{"start":{"line":8,"column":31},"end":{"line":8,"column":32}},"loc":{"start":{"line":8,"column":43},"end":{"line":54,"column":1}},"line":8},"1":{"name":"BaseRoute","decl":{"start":{"line":15,"column":13},"end":{"line":15,"column":22}},"loc":{"start":{"line":15,"column":25},"end":{"line":19,"column":5}},"line":15},"2":{"name":"(anonymous_2)","decl":{"start":{"line":28,"column":36},"end":{"line":28,"column":37}},"loc":{"start":{"line":28,"column":51},"end":{"line":31,"column":5}},"line":28},"3":{"name":"(anonymous_3)","decl":{"start":{"line":43,"column":33},"end":{"line":43,"column":34}},"loc":{"start":{"line":43,"column":68},"end":{"line":52,"column":5}},"line":43}},"branchMap":{},"s":{"0":1,"1":1,"2":2,"3":2,"4":1,"5":0,"6":0,"7":1,"8":0,"9":0,"10":0,"11":0,"12":1,"13":1},"f":{"0":1,"1":2,"2":0,"3":0},"b":{},"_coverageSchema":"43e27e138ebf9cfc5966b082cf9a028302ed4184","hash":"20a5cd66caa250e586375f55273d53c9a5fb28b2","contentHash":"ff868245bd0617d7ddb7c46ed19e061bbdf05080ef7e0d408cdfba8a7f820444"},"/Users/Asim/OneDrive_UVIC/Courses/SENG350/project_cop/seng350f19-project-2-3/src/routes/shoeRouter.ts":{"path":"/Users/Asim/OneDrive_UVIC/Courses/SENG350/project_cop/seng350f19-project-2-3/src/routes/shoeRouter.ts","statementMap":{"0":{"start":{"line":2,"column":16},"end":{"line":14,"column":4}},"1":{"start":{"line":3,"column":24},"end":{"line":8,"column":5}},"2":{"start":{"line":4,"column":8},"end":{"line":6,"column":87}},"3":{"start":{"line":5,"column":69},"end":{"line":5,"column":85}},"4":{"start":{"line":6,"column":30},"end":{"line":6,"column":84}},"5":{"start":{"line":6,"column":47},"end":{"line":6,"column":84}},"6":{"start":{"line":6,"column":72},"end":{"line":6,"column":84}},"7":{"start":{"line":7,"column":8},"end":{"line":7,"column":35}},"8":{"start":{"line":9,"column":4},"end":{"line":13,"column":6}},"9":{"start":{"line":10,"column":8},"end":{"line":10,"column":28}},"10":{"start":{"line":11,"column":24},"end":{"line":11,"column":45}},"11":{"start":{"line":12,"column":8},"end":{"line":12,"column":93}},"12":{"start":{"line":15,"column":16},"end":{"line":23,"column":1}},"13":{"start":{"line":16,"column":28},"end":{"line":16,"column":110}},"14":{"start":{"line":16,"column":91},"end":{"line":16,"column":106}},"15":{"start":{"line":17,"column":4},"end":{"line":22,"column":7}},"16":{"start":{"line":18,"column":36},"end":{"line":18,"column":97}},"17":{"start":{"line":18,"column":42},"end":{"line":18,"column":70}},"18":{"start":{"line":18,"column":85},"end":{"line":18,"column":95}},"19":{"start":{"line":19,"column":35},"end":{"line":19,"column":100}},"20":{"start":{"line":19,"column":41},"end":{"line":19,"column":73}},"21":{"start":{"line":19,"column":88},"end":{"line":19,"column":98}},"22":{"start":{"line":20,"column":32},"end":{"line":20,"column":116}},"23":{"start":{"line":21,"column":8},"end":{"line":21,"column":78}},"24":{"start":{"line":24,"column":18},"end":{"line":50,"column":1}},"25":{"start":{"line":25,"column":12},"end":{"line":25,"column":104}},"26":{"start":{"line":25,"column":43},"end":{"line":25,"column":68}},"27":{"start":{"line":25,"column":57},"end":{"line":25,"column":68}},"28":{"start":{"line":25,"column":69},"end":{"line":25,"column":81}},"29":{"start":{"line":26,"column":4},"end":{"line":26,"column":157}},"30":{"start":{"line":26,"column":138},"end":{"line":26,"column":150}},"31":{"start":{"line":27,"column":23},"end":{"line":27,"column":68}},"32":{"start":{"line":27,"column":45},"end":{"line":27,"column":65}},"33":{"start":{"line":29,"column":8},"end":{"line":29,"column":70}},"34":{"start":{"line":29,"column":15},"end":{"line":29,"column":70}},"35":{"start":{"line":30,"column":8},"end":{"line":47,"column":66}},"36":{"start":{"line":30,"column":18},"end":{"line":47,"column":66}},"37":{"start":{"line":31,"column":12},"end":{"line":31,"column":169}},"38":{"start":{"line":31,"column":160},"end":{"line":31,"column":169}},"39":{"start":{"line":32,"column":12},"end":{"line":32,"column":52}},"40":{"start":{"line":32,"column":26},"end":{"line":32,"column":52}},"41":{"start":{"line":33,"column":12},"end":{"line":45,"column":13}},"42":{"start":{"line":34,"column":32},"end":{"line":34,"column":39}},"43":{"start":{"line":34,"column":40},"end":{"line":34,"column":46}},"44":{"start":{"line":35,"column":24},"end":{"line":35,"column":34}},"45":{"start":{"line":35,"column":35},"end":{"line":35,"column":72}},"46":{"start":{"line":36,"column":24},"end":{"line":36,"column":34}},"47":{"start":{"line":36,"column":35},"end":{"line":36,"column":45}},"48":{"start":{"line":36,"column":46},"end":{"line":36,"column":55}},"49":{"start":{"line":36,"column":56},"end":{"line":36,"column":65}},"50":{"start":{"line":37,"column":24},"end":{"line":37,"column":41}},"51":{"start":{"line":37,"column":42},"end":{"line":37,"column":55}},"52":{"start":{"line":37,"column":56},"end":{"line":37,"column":65}},"53":{"start":{"line":39,"column":20},"end":{"line":39,"column":128}},"54":{"start":{"line":39,"column":110},"end":{"line":39,"column":116}},"55":{"start":{"line":39,"column":117},"end":{"line":39,"column":126}},"56":{"start":{"line":40,"column":20},"end":{"line":40,"column":106}},"57":{"start":{"line":40,"column":81},"end":{"line":40,"column":97}},"58":{"start":{"line":40,"column":98},"end":{"line":40,"column":104}},"59":{"start":{"line":41,"column":20},"end":{"line":41,"column":89}},"60":{"start":{"line":41,"column":57},"end":{"line":41,"column":72}},"61":{"start":{"line":41,"column":73},"end":{"line":41,"column":80}},"62":{"start":{"line":41,"column":81},"end":{"line":41,"column":87}},"63":{"start":{"line":42,"column":20},"end":{"line":42,"column":87}},"64":{"start":{"line":42,"column":47},"end":{"line":42,"column":62}},"65":{"start":{"line":42,"column":63},"end":{"line":42,"column":78}},"66":{"start":{"line":42,"column":79},"end":{"line":42,"column":85}},"67":{"start":{"line":43,"column":20},"end":{"line":43,"column":42}},"68":{"start":{"line":43,"column":30},"end":{"line":43,"column":42}},"69":{"start":{"line":44,"column":20},"end":{"line":44,"column":33}},"70":{"start":{"line":44,"column":34},"end":{"line":44,"column":43}},"71":{"start":{"line":46,"column":12},"end":{"line":46,"column":39}},"72":{"start":{"line":47,"column":22},"end":{"line":47,"column":34}},"73":{"start":{"line":47,"column":35},"end":{"line":47,"column":41}},"74":{"start":{"line":47,"column":54},"end":{"line":47,"column":64}},"75":{"start":{"line":48,"column":8},"end":{"line":48,"column":35}},"76":{"start":{"line":48,"column":23},"end":{"line":48,"column":35}},"77":{"start":{"line":48,"column":36},"end":{"line":48,"column":89}},"78":{"start":{"line":51,"column":0},"end":{"line":51,"column":62}},"79":{"start":{"line":52,"column":19},"end":{"line":52,"column":50}},"80":{"start":{"line":53,"column":19},"end":{"line":53,"column":50}},"81":{"start":{"line":54,"column":15},"end":{"line":54,"column":34}},"82":{"start":{"line":57,"column":32},"end":{"line":570,"column":21}},"83":{"start":{"line":58,"column":4},"end":{"line":58,"column":34}},"84":{"start":{"line":60,"column":8},"end":{"line":60,"column":72}},"85":{"start":{"line":62,"column":4},"end":{"line":105,"column":6}},"86":{"start":{"line":64,"column":8},"end":{"line":64,"column":70}},"87":{"start":{"line":66,"column":8},"end":{"line":68,"column":11}},"88":{"start":{"line":67,"column":12},"end":{"line":67,"column":52}},"89":{"start":{"line":70,"column":8},"end":{"line":72,"column":11}},"90":{"start":{"line":71,"column":12},"end":{"line":71,"column":52}},"91":{"start":{"line":74,"column":8},"end":{"line":76,"column":11}},"92":{"start":{"line":75,"column":12},"end":{"line":75,"column":58}},"93":{"start":{"line":78,"column":8},"end":{"line":80,"column":11}},"94":{"start":{"line":79,"column":12},"end":{"line":79,"column":59}},"95":{"start":{"line":82,"column":8},"end":{"line":84,"column":11}},"96":{"start":{"line":83,"column":12},"end":{"line":83,"column":54}},"97":{"start":{"line":86,"column":8},"end":{"line":88,"column":11}},"98":{"start":{"line":87,"column":12},"end":{"line":87,"column":61}},"99":{"start":{"line":90,"column":8},"end":{"line":92,"column":11}},"100":{"start":{"line":91,"column":12},"end":{"line":91,"column":60}},"101":{"start":{"line":93,"column":8},"end":{"line":95,"column":11}},"102":{"start":{"line":94,"column":12},"end":{"line":94,"column":64}},"103":{"start":{"line":96,"column":8},"end":{"line":98,"column":11}},"104":{"start":{"line":97,"column":12},"end":{"line":97,"column":55}},"105":{"start":{"line":99,"column":8},"end":{"line":101,"column":11}},"106":{"start":{"line":100,"column":12},"end":{"line":100,"column":53}},"107":{"start":{"line":102,"column":8},"end":{"line":104,"column":11}},"108":{"start":{"line":103,"column":12},"end":{"line":103,"column":56}},"109":{"start":{"line":109,"column":4},"end":{"line":119,"column":6}},"110":{"start":{"line":110,"column":8},"end":{"line":118,"column":11}},"111":{"start":{"line":112,"column":12},"end":{"line":117,"column":15}},"112":{"start":{"line":113,"column":16},"end":{"line":113,"column":32}},"113":{"start":{"line":114,"column":16},"end":{"line":114,"column":60}},"114":{"start":{"line":115,"column":16},"end":{"line":115,"column":92}},"115":{"start":{"line":116,"column":16},"end":{"line":116,"column":38}},"116":{"start":{"line":120,"column":4},"end":{"line":139,"column":6}},"117":{"start":{"line":121,"column":8},"end":{"line":138,"column":11}},"118":{"start":{"line":123,"column":12},"end":{"line":137,"column":15}},"119":{"start":{"line":124,"column":16},"end":{"line":136,"column":17}},"120":{"start":{"line":126,"column":24},"end":{"line":126,"column":44}},"121":{"start":{"line":127,"column":24},"end":{"line":127,"column":72}},"122":{"start":{"line":128,"column":24},"end":{"line":128,"column":45}},"123":{"start":{"line":129,"column":24},"end":{"line":129,"column":72}},"124":{"start":{"line":130,"column":24},"end":{"line":130,"column":59}},"125":{"start":{"line":131,"column":24},"end":{"line":131,"column":78}},"126":{"start":{"line":133,"column":24},"end":{"line":133,"column":34}},"127":{"start":{"line":134,"column":24},"end":{"line":134,"column":68}},"128":{"start":{"line":135,"column":24},"end":{"line":135,"column":46}},"129":{"start":{"line":141,"column":4},"end":{"line":170,"column":6}},"130":{"start":{"line":142,"column":8},"end":{"line":169,"column":11}},"131":{"start":{"line":144,"column":12},"end":{"line":168,"column":15}},"132":{"start":{"line":145,"column":16},"end":{"line":167,"column":17}},"133":{"start":{"line":147,"column":24},"end":{"line":147,"column":40}},"134":{"start":{"line":148,"column":24},"end":{"line":148,"column":68}},"135":{"start":{"line":149,"column":24},"end":{"line":149,"column":71}},"136":{"start":{"line":151,"column":24},"end":{"line":151,"column":64}},"137":{"start":{"line":151,"column":40},"end":{"line":151,"column":64}},"138":{"start":{"line":152,"column":24},"end":{"line":152,"column":62}},"139":{"start":{"line":153,"column":24},"end":{"line":153,"column":64}},"140":{"start":{"line":155,"column":24},"end":{"line":155,"column":45}},"141":{"start":{"line":157,"column":24},"end":{"line":157,"column":106}},"142":{"start":{"line":158,"column":24},"end":{"line":158,"column":48}},"143":{"start":{"line":160,"column":24},"end":{"line":164,"column":27}},"144":{"start":{"line":165,"column":24},"end":{"line":165,"column":37}},"145":{"start":{"line":166,"column":28},"end":{"line":166,"column":50}},"146":{"start":{"line":174,"column":4},"end":{"line":203,"column":6}},"147":{"start":{"line":175,"column":8},"end":{"line":202,"column":11}},"148":{"start":{"line":177,"column":12},"end":{"line":201,"column":15}},"149":{"start":{"line":178,"column":16},"end":{"line":200,"column":17}},"150":{"start":{"line":180,"column":24},"end":{"line":180,"column":40}},"151":{"start":{"line":181,"column":24},"end":{"line":181,"column":70}},"152":{"start":{"line":182,"column":24},"end":{"line":182,"column":73}},"153":{"start":{"line":184,"column":24},"end":{"line":184,"column":64}},"154":{"start":{"line":184,"column":40},"end":{"line":184,"column":64}},"155":{"start":{"line":185,"column":24},"end":{"line":185,"column":62}},"156":{"start":{"line":186,"column":24},"end":{"line":186,"column":64}},"157":{"start":{"line":188,"column":24},"end":{"line":188,"column":45}},"158":{"start":{"line":189,"column":24},"end":{"line":189,"column":47}},"159":{"start":{"line":190,"column":24},"end":{"line":190,"column":49}},"160":{"start":{"line":191,"column":24},"end":{"line":191,"column":104}},"161":{"start":{"line":191,"column":59},"end":{"line":191,"column":100}},"162":{"start":{"line":192,"column":24},"end":{"line":197,"column":27}},"163":{"start":{"line":198,"column":24},"end":{"line":198,"column":37}},"164":{"start":{"line":199,"column":28},"end":{"line":199,"column":50}},"165":{"start":{"line":204,"column":4},"end":{"line":232,"column":6}},"166":{"start":{"line":205,"column":8},"end":{"line":231,"column":11}},"167":{"start":{"line":207,"column":12},"end":{"line":230,"column":15}},"168":{"start":{"line":208,"column":16},"end":{"line":229,"column":17}},"169":{"start":{"line":210,"column":24},"end":{"line":210,"column":40}},"170":{"start":{"line":211,"column":24},"end":{"line":211,"column":70}},"171":{"start":{"line":212,"column":24},"end":{"line":212,"column":73}},"172":{"start":{"line":214,"column":24},"end":{"line":214,"column":64}},"173":{"start":{"line":214,"column":40},"end":{"line":214,"column":64}},"174":{"start":{"line":215,"column":24},"end":{"line":215,"column":62}},"175":{"start":{"line":216,"column":24},"end":{"line":216,"column":64}},"176":{"start":{"line":218,"column":24},"end":{"line":218,"column":45}},"177":{"start":{"line":219,"column":24},"end":{"line":219,"column":47}},"178":{"start":{"line":220,"column":24},"end":{"line":220,"column":104}},"179":{"start":{"line":220,"column":59},"end":{"line":220,"column":100}},"180":{"start":{"line":221,"column":24},"end":{"line":226,"column":27}},"181":{"start":{"line":227,"column":24},"end":{"line":227,"column":37}},"182":{"start":{"line":228,"column":28},"end":{"line":228,"column":50}},"183":{"start":{"line":233,"column":4},"end":{"line":269,"column":6}},"184":{"start":{"line":234,"column":8},"end":{"line":268,"column":11}},"185":{"start":{"line":236,"column":12},"end":{"line":267,"column":15}},"186":{"start":{"line":237,"column":16},"end":{"line":266,"column":17}},"187":{"start":{"line":239,"column":24},"end":{"line":239,"column":61}},"188":{"start":{"line":240,"column":24},"end":{"line":240,"column":44}},"189":{"start":{"line":241,"column":24},"end":{"line":241,"column":72}},"190":{"start":{"line":242,"column":24},"end":{"line":242,"column":45}},"191":{"start":{"line":243,"column":24},"end":{"line":243,"column":72}},"192":{"start":{"line":244,"column":24},"end":{"line":244,"column":71}},"193":{"start":{"line":246,"column":24},"end":{"line":246,"column":64}},"194":{"start":{"line":246,"column":40},"end":{"line":246,"column":64}},"195":{"start":{"line":247,"column":24},"end":{"line":247,"column":87}},"196":{"start":{"line":247,"column":63},"end":{"line":247,"column":87}},"197":{"start":{"line":248,"column":24},"end":{"line":248,"column":71}},"198":{"start":{"line":249,"column":24},"end":{"line":249,"column":48}},"199":{"start":{"line":251,"column":24},"end":{"line":251,"column":59}},"200":{"start":{"line":252,"column":24},"end":{"line":252,"column":56}},"201":{"start":{"line":253,"column":24},"end":{"line":255,"column":25}},"202":{"start":{"line":254,"column":28},"end":{"line":254,"column":38}},"203":{"start":{"line":256,"column":24},"end":{"line":256,"column":82}},"204":{"start":{"line":258,"column":24},"end":{"line":258,"column":34}},"205":{"start":{"line":259,"column":24},"end":{"line":259,"column":68}},"206":{"start":{"line":260,"column":24},"end":{"line":260,"column":37}},"207":{"start":{"line":261,"column":28},"end":{"line":261,"column":52}},"208":{"start":{"line":263,"column":24},"end":{"line":263,"column":49}},"209":{"start":{"line":264,"column":24},"end":{"line":264,"column":37}},"210":{"start":{"line":265,"column":28},"end":{"line":265,"column":50}},"211":{"start":{"line":270,"column":4},"end":{"line":303,"column":6}},"212":{"start":{"line":271,"column":8},"end":{"line":302,"column":11}},"213":{"start":{"line":273,"column":12},"end":{"line":301,"column":15}},"214":{"start":{"line":274,"column":16},"end":{"line":300,"column":17}},"215":{"start":{"line":276,"column":24},"end":{"line":276,"column":44}},"216":{"start":{"line":277,"column":24},"end":{"line":277,"column":72}},"217":{"start":{"line":278,"column":24},"end":{"line":278,"column":45}},"218":{"start":{"line":279,"column":24},"end":{"line":279,"column":72}},"219":{"start":{"line":280,"column":24},"end":{"line":280,"column":67}},"220":{"start":{"line":282,"column":24},"end":{"line":282,"column":41}},"221":{"start":{"line":283,"column":24},"end":{"line":298,"column":25}},"222":{"start":{"line":284,"column":28},"end":{"line":284,"column":89}},"223":{"start":{"line":293,"column":28},"end":{"line":297,"column":31}},"224":{"start":{"line":299,"column":24},"end":{"line":299,"column":46}},"225":{"start":{"line":304,"column":4},"end":{"line":329,"column":6}},"226":{"start":{"line":305,"column":8},"end":{"line":328,"column":11}},"227":{"start":{"line":307,"column":12},"end":{"line":327,"column":15}},"228":{"start":{"line":308,"column":16},"end":{"line":326,"column":17}},"229":{"start":{"line":310,"column":24},"end":{"line":310,"column":40}},"230":{"start":{"line":311,"column":24},"end":{"line":311,"column":70}},"231":{"start":{"line":312,"column":24},"end":{"line":312,"column":73}},"232":{"start":{"line":314,"column":24},"end":{"line":324,"column":25}},"233":{"start":{"line":315,"column":28},"end":{"line":315,"column":51}},"234":{"start":{"line":316,"column":28},"end":{"line":316,"column":52}},"235":{"start":{"line":317,"column":28},"end":{"line":317,"column":53}},"236":{"start":{"line":318,"column":28},"end":{"line":318,"column":108}},"237":{"start":{"line":318,"column":63},"end":{"line":318,"column":104}},"238":{"start":{"line":319,"column":28},"end":{"line":319,"column":53}},"239":{"start":{"line":320,"column":28},"end":{"line":320,"column":144}},"240":{"start":{"line":323,"column":28},"end":{"line":323,"column":53}},"241":{"start":{"line":325,"column":24},"end":{"line":325,"column":46}},"242":{"start":{"line":330,"column":4},"end":{"line":354,"column":6}},"243":{"start":{"line":331,"column":8},"end":{"line":353,"column":11}},"244":{"start":{"line":333,"column":12},"end":{"line":352,"column":15}},"245":{"start":{"line":334,"column":16},"end":{"line":351,"column":17}},"246":{"start":{"line":336,"column":24},"end":{"line":336,"column":40}},"247":{"start":{"line":337,"column":24},"end":{"line":337,"column":70}},"248":{"start":{"line":338,"column":24},"end":{"line":338,"column":73}},"249":{"start":{"line":340,"column":24},"end":{"line":349,"column":25}},"250":{"start":{"line":341,"column":28},"end":{"line":341,"column":51}},"251":{"start":{"line":342,"column":28},"end":{"line":342,"column":52}},"252":{"start":{"line":343,"column":28},"end":{"line":343,"column":53}},"253":{"start":{"line":344,"column":28},"end":{"line":344,"column":108}},"254":{"start":{"line":344,"column":63},"end":{"line":344,"column":104}},"255":{"start":{"line":345,"column":28},"end":{"line":345,"column":144}},"256":{"start":{"line":348,"column":28},"end":{"line":348,"column":53}},"257":{"start":{"line":350,"column":24},"end":{"line":350,"column":46}},"258":{"start":{"line":358,"column":4},"end":{"line":389,"column":6}},"259":{"start":{"line":359,"column":8},"end":{"line":388,"column":11}},"260":{"start":{"line":361,"column":12},"end":{"line":387,"column":15}},"261":{"start":{"line":362,"column":16},"end":{"line":386,"column":17}},"262":{"start":{"line":364,"column":24},"end":{"line":364,"column":40}},"263":{"start":{"line":365,"column":24},"end":{"line":365,"column":70}},"264":{"start":{"line":366,"column":24},"end":{"line":366,"column":73}},"265":{"start":{"line":368,"column":24},"end":{"line":368,"column":45}},"266":{"start":{"line":369,"column":24},"end":{"line":369,"column":46}},"267":{"start":{"line":370,"column":24},"end":{"line":370,"column":63}},"268":{"start":{"line":370,"column":39},"end":{"line":370,"column":63}},"269":{"start":{"line":371,"column":24},"end":{"line":371,"column":74}},"270":{"start":{"line":373,"column":24},"end":{"line":373,"column":46}},"271":{"start":{"line":374,"column":24},"end":{"line":374,"column":73}},"272":{"start":{"line":375,"column":24},"end":{"line":375,"column":70}},"273":{"start":{"line":376,"column":24},"end":{"line":376,"column":138}},"274":{"start":{"line":377,"column":24},"end":{"line":377,"column":48}},"275":{"start":{"line":379,"column":24},"end":{"line":383,"column":27}},"276":{"start":{"line":384,"column":24},"end":{"line":384,"column":37}},"277":{"start":{"line":385,"column":28},"end":{"line":385,"column":50}},"278":{"start":{"line":393,"column":4},"end":{"line":437,"column":6}},"279":{"start":{"line":394,"column":8},"end":{"line":436,"column":11}},"280":{"start":{"line":396,"column":12},"end":{"line":435,"column":15}},"281":{"start":{"line":397,"column":16},"end":{"line":434,"column":17}},"282":{"start":{"line":399,"column":24},"end":{"line":399,"column":44}},"283":{"start":{"line":400,"column":24},"end":{"line":400,"column":72}},"284":{"start":{"line":401,"column":24},"end":{"line":401,"column":45}},"285":{"start":{"line":402,"column":24},"end":{"line":402,"column":72}},"286":{"start":{"line":403,"column":24},"end":{"line":403,"column":71}},"287":{"start":{"line":405,"column":24},"end":{"line":405,"column":64}},"288":{"start":{"line":405,"column":40},"end":{"line":405,"column":64}},"289":{"start":{"line":406,"column":24},"end":{"line":406,"column":84}},"290":{"start":{"line":407,"column":24},"end":{"line":407,"column":46}},"291":{"start":{"line":408,"column":24},"end":{"line":408,"column":52}},"292":{"start":{"line":409,"column":24},"end":{"line":409,"column":67}},"293":{"start":{"line":411,"column":24},"end":{"line":411,"column":41}},"294":{"start":{"line":412,"column":24},"end":{"line":428,"column":25}},"295":{"start":{"line":413,"column":28},"end":{"line":413,"column":65}},"296":{"start":{"line":414,"column":28},"end":{"line":414,"column":121}},"297":{"start":{"line":423,"column":28},"end":{"line":427,"column":31}},"298":{"start":{"line":429,"column":24},"end":{"line":429,"column":48}},"299":{"start":{"line":431,"column":24},"end":{"line":431,"column":40}},"300":{"start":{"line":432,"column":24},"end":{"line":432,"column":37}},"301":{"start":{"line":433,"column":28},"end":{"line":433,"column":50}},"302":{"start":{"line":438,"column":4},"end":{"line":469,"column":6}},"303":{"start":{"line":439,"column":8},"end":{"line":468,"column":11}},"304":{"start":{"line":440,"column":12},"end":{"line":467,"column":15}},"305":{"start":{"line":441,"column":16},"end":{"line":466,"column":17}},"306":{"start":{"line":443,"column":24},"end":{"line":443,"column":79}},"307":{"start":{"line":443,"column":55},"end":{"line":443,"column":79}},"308":{"start":{"line":444,"column":24},"end":{"line":444,"column":71}},"309":{"start":{"line":446,"column":24},"end":{"line":446,"column":45}},"310":{"start":{"line":447,"column":24},"end":{"line":447,"column":63}},"311":{"start":{"line":447,"column":39},"end":{"line":447,"column":63}},"312":{"start":{"line":448,"column":24},"end":{"line":448,"column":74}},"313":{"start":{"line":450,"column":24},"end":{"line":450,"column":46}},"314":{"start":{"line":451,"column":24},"end":{"line":451,"column":52}},"315":{"start":{"line":452,"column":28},"end":{"line":452,"column":57}},"316":{"start":{"line":453,"column":28},"end":{"line":453,"column":52}},"317":{"start":{"line":455,"column":24},"end":{"line":455,"column":83}},"318":{"start":{"line":455,"column":59},"end":{"line":455,"column":83}},"319":{"start":{"line":456,"column":24},"end":{"line":456,"column":71}},"320":{"start":{"line":458,"column":24},"end":{"line":458,"column":45}},"321":{"start":{"line":459,"column":24},"end":{"line":459,"column":63}},"322":{"start":{"line":459,"column":39},"end":{"line":459,"column":63}},"323":{"start":{"line":460,"column":24},"end":{"line":460,"column":74}},"324":{"start":{"line":462,"column":24},"end":{"line":462,"column":46}},"325":{"start":{"line":463,"column":24},"end":{"line":463,"column":52}},"326":{"start":{"line":464,"column":28},"end":{"line":464,"column":57}},"327":{"start":{"line":465,"column":28},"end":{"line":465,"column":56}},"328":{"start":{"line":470,"column":4},"end":{"line":479,"column":6}},"329":{"start":{"line":471,"column":8},"end":{"line":477,"column":9}},"330":{"start":{"line":471,"column":22},"end":{"line":471,"column":23}},"331":{"start":{"line":471,"column":39},"end":{"line":471,"column":48}},"332":{"start":{"line":472,"column":23},"end":{"line":472,"column":38}},"333":{"start":{"line":473,"column":12},"end":{"line":473,"column":45}},"334":{"start":{"line":474,"column":12},"end":{"line":476,"column":13}},"335":{"start":{"line":475,"column":16},"end":{"line":475,"column":28}},"336":{"start":{"line":478,"column":8},"end":{"line":478,"column":21}},"337":{"start":{"line":480,"column":4},"end":{"line":491,"column":6}},"338":{"start":{"line":481,"column":23},"end":{"line":481,"column":24}},"339":{"start":{"line":482,"column":8},"end":{"line":489,"column":9}},"340":{"start":{"line":483,"column":12},"end":{"line":488,"column":13}},"341":{"start":{"line":484,"column":29},"end":{"line":484,"column":51}},"342":{"start":{"line":485,"column":16},"end":{"line":487,"column":17}},"343":{"start":{"line":486,"column":20},"end":{"line":486,"column":62}},"344":{"start":{"line":490,"column":8},"end":{"line":490,"column":24}},"345":{"start":{"line":492,"column":4},"end":{"line":513,"column":6}},"346":{"start":{"line":493,"column":8},"end":{"line":512,"column":11}},"347":{"start":{"line":495,"column":12},"end":{"line":511,"column":15}},"348":{"start":{"line":496,"column":16},"end":{"line":510,"column":17}},"349":{"start":{"line":498,"column":24},"end":{"line":498,"column":62}},"350":{"start":{"line":499,"column":24},"end":{"line":499,"column":72}},"351":{"start":{"line":501,"column":24},"end":{"line":501,"column":45}},"352":{"start":{"line":502,"column":24},"end":{"line":502,"column":46}},"353":{"start":{"line":503,"column":24},"end":{"line":508,"column":25}},"354":{"start":{"line":504,"column":28},"end":{"line":504,"column":91}},"355":{"start":{"line":507,"column":28},"end":{"line":507,"column":50}},"356":{"start":{"line":509,"column":24},"end":{"line":509,"column":46}},"357":{"start":{"line":514,"column":4},"end":{"line":528,"column":6}},"358":{"start":{"line":515,"column":8},"end":{"line":527,"column":11}},"359":{"start":{"line":517,"column":12},"end":{"line":526,"column":15}},"360":{"start":{"line":518,"column":16},"end":{"line":525,"column":17}},"361":{"start":{"line":520,"column":24},"end":{"line":520,"column":62}},"362":{"start":{"line":521,"column":24},"end":{"line":521,"column":84}},"363":{"start":{"line":523,"column":24},"end":{"line":523,"column":43}},"364":{"start":{"line":524,"column":24},"end":{"line":524,"column":54}},"365":{"start":{"line":529,"column":4},"end":{"line":549,"column":6}},"366":{"start":{"line":530,"column":8},"end":{"line":548,"column":11}},"367":{"start":{"line":532,"column":12},"end":{"line":547,"column":15}},"368":{"start":{"line":533,"column":16},"end":{"line":546,"column":17}},"369":{"start":{"line":535,"column":24},"end":{"line":535,"column":62}},"370":{"start":{"line":536,"column":24},"end":{"line":536,"column":72}},"371":{"start":{"line":538,"column":24},"end":{"line":538,"column":41}},"372":{"start":{"line":539,"column":24},"end":{"line":544,"column":25}},"373":{"start":{"line":540,"column":28},"end":{"line":540,"column":56}},"374":{"start":{"line":543,"column":28},"end":{"line":543,"column":50}},"375":{"start":{"line":545,"column":24},"end":{"line":545,"column":46}},"376":{"start":{"line":551,"column":4},"end":{"line":568,"column":6}},"377":{"start":{"line":552,"column":8},"end":{"line":567,"column":11}},"378":{"start":{"line":554,"column":12},"end":{"line":566,"column":15}},"379":{"start":{"line":555,"column":16},"end":{"line":565,"column":17}},"380":{"start":{"line":557,"column":24},"end":{"line":557,"column":62}},"381":{"start":{"line":558,"column":24},"end":{"line":558,"column":64}},"382":{"start":{"line":560,"column":24},"end":{"line":560,"column":45}},"383":{"start":{"line":561,"column":24},"end":{"line":563,"column":25}},"384":{"start":{"line":562,"column":28},"end":{"line":562,"column":60}},"385":{"start":{"line":564,"column":24},"end":{"line":564,"column":46}},"386":{"start":{"line":569,"column":4},"end":{"line":569,"column":22}},"387":{"start":{"line":571,"column":0},"end":{"line":571,"column":32}}},"fnMap":{"0":{"name":"(anonymous_0)","decl":{"start":{"line":2,"column":45},"end":{"line":2,"column":46}},"loc":{"start":{"line":2,"column":57},"end":{"line":14,"column":1}},"line":2},"1":{"name":"(anonymous_1)","decl":{"start":{"line":3,"column":24},"end":{"line":3,"column":25}},"loc":{"start":{"line":3,"column":40},"end":{"line":8,"column":5}},"line":3},"2":{"name":"(anonymous_2)","decl":{"start":{"line":5,"column":51},"end":{"line":5,"column":52}},"loc":{"start":{"line":5,"column":67},"end":{"line":5,"column":87}},"line":5},"3":{"name":"(anonymous_3)","decl":{"start":{"line":6,"column":12},"end":{"line":6,"column":13}},"loc":{"start":{"line":6,"column":28},"end":{"line":6,"column":86}},"line":6},"4":{"name":"(anonymous_4)","decl":{"start":{"line":9,"column":11},"end":{"line":9,"column":12}},"loc":{"start":{"line":9,"column":27},"end":{"line":13,"column":5}},"line":9},"5":{"name":"__","decl":{"start":{"line":11,"column":17},"end":{"line":11,"column":19}},"loc":{"start":{"line":11,"column":22},"end":{"line":11,"column":47}},"line":11},"6":{"name":"(anonymous_6)","decl":{"start":{"line":15,"column":44},"end":{"line":15,"column":45}},"loc":{"start":{"line":15,"column":89},"end":{"line":23,"column":1}},"line":15},"7":{"name":"adopt","decl":{"start":{"line":16,"column":13},"end":{"line":16,"column":18}},"loc":{"start":{"line":16,"column":26},"end":{"line":16,"column":112}},"line":16},"8":{"name":"(anonymous_8)","decl":{"start":{"line":16,"column":70},"end":{"line":16,"column":71}},"loc":{"start":{"line":16,"column":89},"end":{"line":16,"column":108}},"line":16},"9":{"name":"(anonymous_9)","decl":{"start":{"line":17,"column":36},"end":{"line":17,"column":37}},"loc":{"start":{"line":17,"column":63},"end":{"line":22,"column":5}},"line":17},"10":{"name":"fulfilled","decl":{"start":{"line":18,"column":17},"end":{"line":18,"column":26}},"loc":{"start":{"line":18,"column":34},"end":{"line":18,"column":99}},"line":18},"11":{"name":"rejected","decl":{"start":{"line":19,"column":17},"end":{"line":19,"column":25}},"loc":{"start":{"line":19,"column":33},"end":{"line":19,"column":102}},"line":19},"12":{"name":"step","decl":{"start":{"line":20,"column":17},"end":{"line":20,"column":21}},"loc":{"start":{"line":20,"column":30},"end":{"line":20,"column":118}},"line":20},"13":{"name":"(anonymous_13)","decl":{"start":{"line":24,"column":48},"end":{"line":24,"column":49}},"loc":{"start":{"line":24,"column":73},"end":{"line":50,"column":1}},"line":24},"14":{"name":"(anonymous_14)","decl":{"start":{"line":25,"column":30},"end":{"line":25,"column":31}},"loc":{"start":{"line":25,"column":41},"end":{"line":25,"column":83}},"line":25},"15":{"name":"(anonymous_15)","decl":{"start":{"line":26,"column":125},"end":{"line":26,"column":126}},"loc":{"start":{"line":26,"column":136},"end":{"line":26,"column":152}},"line":26},"16":{"name":"verb","decl":{"start":{"line":27,"column":13},"end":{"line":27,"column":17}},"loc":{"start":{"line":27,"column":21},"end":{"line":27,"column":70}},"line":27},"17":{"name":"(anonymous_17)","decl":{"start":{"line":27,"column":30},"end":{"line":27,"column":31}},"loc":{"start":{"line":27,"column":43},"end":{"line":27,"column":67}},"line":27},"18":{"name":"step","decl":{"start":{"line":28,"column":13},"end":{"line":28,"column":17}},"loc":{"start":{"line":28,"column":22},"end":{"line":49,"column":5}},"line":28},"19":{"name":"(anonymous_19)","decl":{"start":{"line":57,"column":32},"end":{"line":57,"column":33}},"loc":{"start":{"line":57,"column":50},"end":{"line":570,"column":1}},"line":57},"20":{"name":"ShoeRouter","decl":{"start":{"line":59,"column":13},"end":{"line":59,"column":23}},"loc":{"start":{"line":59,"column":26},"end":{"line":61,"column":5}},"line":59},"21":{"name":"(anonymous_21)","decl":{"start":{"line":62,"column":24},"end":{"line":62,"column":25}},"loc":{"start":{"line":62,"column":42},"end":{"line":105,"column":5}},"line":62},"22":{"name":"(anonymous_22)","decl":{"start":{"line":66,"column":38},"end":{"line":66,"column":39}},"loc":{"start":{"line":66,"column":64},"end":{"line":68,"column":9}},"line":66},"23":{"name":"(anonymous_23)","decl":{"start":{"line":70,"column":43},"end":{"line":70,"column":44}},"loc":{"start":{"line":70,"column":69},"end":{"line":72,"column":9}},"line":70},"24":{"name":"(anonymous_24)","decl":{"start":{"line":74,"column":53},"end":{"line":74,"column":54}},"loc":{"start":{"line":74,"column":79},"end":{"line":76,"column":9}},"line":74},"25":{"name":"(anonymous_25)","decl":{"start":{"line":78,"column":54},"end":{"line":78,"column":55}},"loc":{"start":{"line":78,"column":80},"end":{"line":80,"column":9}},"line":78},"26":{"name":"(anonymous_26)","decl":{"start":{"line":82,"column":41},"end":{"line":82,"column":42}},"loc":{"start":{"line":82,"column":67},"end":{"line":84,"column":9}},"line":82},"27":{"name":"(anonymous_27)","decl":{"start":{"line":86,"column":57},"end":{"line":86,"column":58}},"loc":{"start":{"line":86,"column":83},"end":{"line":88,"column":9}},"line":86},"28":{"name":"(anonymous_28)","decl":{"start":{"line":90,"column":56},"end":{"line":90,"column":57}},"loc":{"start":{"line":90,"column":82},"end":{"line":92,"column":9}},"line":90},"29":{"name":"(anonymous_29)","decl":{"start":{"line":93,"column":46},"end":{"line":93,"column":47}},"loc":{"start":{"line":93,"column":72},"end":{"line":95,"column":9}},"line":93},"30":{"name":"(anonymous_30)","decl":{"start":{"line":96,"column":46},"end":{"line":96,"column":47}},"loc":{"start":{"line":96,"column":72},"end":{"line":98,"column":9}},"line":96},"31":{"name":"(anonymous_31)","decl":{"start":{"line":99,"column":47},"end":{"line":99,"column":48}},"loc":{"start":{"line":99,"column":73},"end":{"line":101,"column":9}},"line":99},"32":{"name":"(anonymous_32)","decl":{"start":{"line":102,"column":50},"end":{"line":102,"column":51}},"loc":{"start":{"line":102,"column":76},"end":{"line":104,"column":9}},"line":102},"33":{"name":"(anonymous_33)","decl":{"start":{"line":109,"column":46},"end":{"line":109,"column":47}},"loc":{"start":{"line":109,"column":72},"end":{"line":119,"column":5}},"line":109},"34":{"name":"(anonymous_34)","decl":{"start":{"line":110,"column":47},"end":{"line":110,"column":48}},"loc":{"start":{"line":110,"column":59},"end":{"line":118,"column":9}},"line":110},"35":{"name":"(anonymous_35)","decl":{"start":{"line":112,"column":37},"end":{"line":112,"column":38}},"loc":{"start":{"line":112,"column":51},"end":{"line":117,"column":13}},"line":112},"36":{"name":"(anonymous_36)","decl":{"start":{"line":120,"column":38},"end":{"line":120,"column":39}},"loc":{"start":{"line":120,"column":64},"end":{"line":139,"column":5}},"line":120},"37":{"name":"(anonymous_37)","decl":{"start":{"line":121,"column":47},"end":{"line":121,"column":48}},"loc":{"start":{"line":121,"column":59},"end":{"line":138,"column":9}},"line":121},"38":{"name":"(anonymous_38)","decl":{"start":{"line":123,"column":37},"end":{"line":123,"column":38}},"loc":{"start":{"line":123,"column":51},"end":{"line":137,"column":13}},"line":123},"39":{"name":"(anonymous_39)","decl":{"start":{"line":141,"column":36},"end":{"line":141,"column":37}},"loc":{"start":{"line":141,"column":62},"end":{"line":170,"column":5}},"line":141},"40":{"name":"(anonymous_40)","decl":{"start":{"line":142,"column":47},"end":{"line":142,"column":48}},"loc":{"start":{"line":142,"column":59},"end":{"line":169,"column":9}},"line":142},"41":{"name":"(anonymous_41)","decl":{"start":{"line":144,"column":37},"end":{"line":144,"column":38}},"loc":{"start":{"line":144,"column":51},"end":{"line":168,"column":13}},"line":144},"42":{"name":"(anonymous_42)","decl":{"start":{"line":174,"column":42},"end":{"line":174,"column":43}},"loc":{"start":{"line":174,"column":68},"end":{"line":203,"column":5}},"line":174},"43":{"name":"(anonymous_43)","decl":{"start":{"line":175,"column":47},"end":{"line":175,"column":48}},"loc":{"start":{"line":175,"column":59},"end":{"line":202,"column":9}},"line":175},"44":{"name":"(anonymous_44)","decl":{"start":{"line":177,"column":37},"end":{"line":177,"column":38}},"loc":{"start":{"line":177,"column":51},"end":{"line":201,"column":13}},"line":177},"45":{"name":"(anonymous_45)","decl":{"start":{"line":191,"column":41},"end":{"line":191,"column":42}},"loc":{"start":{"line":191,"column":57},"end":{"line":191,"column":102}},"line":191},"46":{"name":"(anonymous_46)","decl":{"start":{"line":204,"column":43},"end":{"line":204,"column":44}},"loc":{"start":{"line":204,"column":69},"end":{"line":232,"column":5}},"line":204},"47":{"name":"(anonymous_47)","decl":{"start":{"line":205,"column":47},"end":{"line":205,"column":48}},"loc":{"start":{"line":205,"column":59},"end":{"line":231,"column":9}},"line":205},"48":{"name":"(anonymous_48)","decl":{"start":{"line":207,"column":37},"end":{"line":207,"column":38}},"loc":{"start":{"line":207,"column":51},"end":{"line":230,"column":13}},"line":207},"49":{"name":"(anonymous_49)","decl":{"start":{"line":220,"column":41},"end":{"line":220,"column":42}},"loc":{"start":{"line":220,"column":57},"end":{"line":220,"column":102}},"line":220},"50":{"name":"(anonymous_50)","decl":{"start":{"line":233,"column":35},"end":{"line":233,"column":36}},"loc":{"start":{"line":233,"column":61},"end":{"line":269,"column":5}},"line":233},"51":{"name":"(anonymous_51)","decl":{"start":{"line":234,"column":47},"end":{"line":234,"column":48}},"loc":{"start":{"line":234,"column":59},"end":{"line":268,"column":9}},"line":234},"52":{"name":"(anonymous_52)","decl":{"start":{"line":236,"column":37},"end":{"line":236,"column":38}},"loc":{"start":{"line":236,"column":51},"end":{"line":267,"column":13}},"line":236},"53":{"name":"(anonymous_53)","decl":{"start":{"line":270,"column":37},"end":{"line":270,"column":38}},"loc":{"start":{"line":270,"column":63},"end":{"line":303,"column":5}},"line":270},"54":{"name":"(anonymous_54)","decl":{"start":{"line":271,"column":47},"end":{"line":271,"column":48}},"loc":{"start":{"line":271,"column":59},"end":{"line":302,"column":9}},"line":271},"55":{"name":"(anonymous_55)","decl":{"start":{"line":273,"column":37},"end":{"line":273,"column":38}},"loc":{"start":{"line":273,"column":51},"end":{"line":301,"column":13}},"line":273},"56":{"name":"(anonymous_56)","decl":{"start":{"line":304,"column":40},"end":{"line":304,"column":41}},"loc":{"start":{"line":304,"column":66},"end":{"line":329,"column":5}},"line":304},"57":{"name":"(anonymous_57)","decl":{"start":{"line":305,"column":47},"end":{"line":305,"column":48}},"loc":{"start":{"line":305,"column":59},"end":{"line":328,"column":9}},"line":305},"58":{"name":"(anonymous_58)","decl":{"start":{"line":307,"column":37},"end":{"line":307,"column":38}},"loc":{"start":{"line":307,"column":51},"end":{"line":327,"column":13}},"line":307},"59":{"name":"(anonymous_59)","decl":{"start":{"line":318,"column":45},"end":{"line":318,"column":46}},"loc":{"start":{"line":318,"column":61},"end":{"line":318,"column":106}},"line":318},"60":{"name":"(anonymous_60)","decl":{"start":{"line":330,"column":41},"end":{"line":330,"column":42}},"loc":{"start":{"line":330,"column":67},"end":{"line":354,"column":5}},"line":330},"61":{"name":"(anonymous_61)","decl":{"start":{"line":331,"column":47},"end":{"line":331,"column":48}},"loc":{"start":{"line":331,"column":59},"end":{"line":353,"column":9}},"line":331},"62":{"name":"(anonymous_62)","decl":{"start":{"line":333,"column":37},"end":{"line":333,"column":38}},"loc":{"start":{"line":333,"column":51},"end":{"line":352,"column":13}},"line":333},"63":{"name":"(anonymous_63)","decl":{"start":{"line":344,"column":45},"end":{"line":344,"column":46}},"loc":{"start":{"line":344,"column":61},"end":{"line":344,"column":106}},"line":344},"64":{"name":"(anonymous_64)","decl":{"start":{"line":358,"column":34},"end":{"line":358,"column":35}},"loc":{"start":{"line":358,"column":60},"end":{"line":389,"column":5}},"line":358},"65":{"name":"(anonymous_65)","decl":{"start":{"line":359,"column":47},"end":{"line":359,"column":48}},"loc":{"start":{"line":359,"column":59},"end":{"line":388,"column":9}},"line":359},"66":{"name":"(anonymous_66)","decl":{"start":{"line":361,"column":37},"end":{"line":361,"column":38}},"loc":{"start":{"line":361,"column":51},"end":{"line":387,"column":13}},"line":361},"67":{"name":"(anonymous_67)","decl":{"start":{"line":393,"column":34},"end":{"line":393,"column":35}},"loc":{"start":{"line":393,"column":60},"end":{"line":437,"column":5}},"line":393},"68":{"name":"(anonymous_68)","decl":{"start":{"line":394,"column":47},"end":{"line":394,"column":48}},"loc":{"start":{"line":394,"column":59},"end":{"line":436,"column":9}},"line":394},"69":{"name":"(anonymous_69)","decl":{"start":{"
[...]
"column":20},"end":{"line":158,"column":48}},{"start":{"line":159,"column":20},"end":{"line":165,"column":37}},{"start":{"line":166,"column":20},"end":{"line":166,"column":50}}],"line":145},"36":{"loc":{"start":{"line":151,"column":24},"end":{"line":151,"column":64}},"type":"if","locations":[{"start":{"line":151,"column":24},"end":{"line":151,"column":64}},{"start":{"line":151,"column":24},"end":{"line":151,"column":64}}],"line":151},"37":{"loc":{"start":{"line":178,"column":16},"end":{"line":200,"column":17}},"type":"switch","locations":[{"start":{"line":179,"column":20},"end":{"line":182,"column":73}},{"start":{"line":183,"column":20},"end":{"line":186,"column":64}},{"start":{"line":187,"column":20},"end":{"line":198,"column":37}},{"start":{"line":199,"column":20},"end":{"line":199,"column":50}}],"line":178},"38":{"loc":{"start":{"line":184,"column":24},"end":{"line":184,"column":64}},"type":"if","locations":[{"start":{"line":184,"column":24},"end":{"line":184,"column":64}},{"start":{"line":184,"column":24},"end":{"line":184,"column":64}}],"line":184},"39":{"loc":{"start":{"line":208,"column":16},"end":{"line":229,"column":17}},"type":"switch","locations":[{"start":{"line":209,"column":20},"end":{"line":212,"column":73}},{"start":{"line":213,"column":20},"end":{"line":216,"column":64}},{"start":{"line":217,"column":20},"end":{"line":227,"column":37}},{"start":{"line":228,"column":20},"end":{"line":228,"column":50}}],"line":208},"40":{"loc":{"start":{"line":214,"column":24},"end":{"line":214,"column":64}},"type":"if","locations":[{"start":{"line":214,"column":24},"end":{"line":214,"column":64}},{"start":{"line":214,"column":24},"end":{"line":214,"column":64}}],"line":214},"41":{"loc":{"start":{"line":237,"column":16},"end":{"line":266,"column":17}},"type":"switch","locations":[{"start":{"line":238,"column":20},"end":{"line":244,"column":71}},{"start":{"line":245,"column":20},"end":{"line":249,"column":48}},{"start":{"line":250,"column":20},"end":{"line":256,"column":82}},{"start":{"line":257,"column":20},"end":{"line":260,"column":37}},{"start":{"line":261,"column":20},"end":{"line":261,"column":52}},{"start":{"line":262,"column":20},"end":{"line":264,"column":37}},{"start":{"line":265,"column":20},"end":{"line":265,"column":50}}],"line":237},"42":{"loc":{"start":{"line":246,"column":24},"end":{"line":246,"column":64}},"type":"if","locations":[{"start":{"line":246,"column":24},"end":{"line":246,"column":64}},{"start":{"line":246,"column":24},"end":{"line":246,"column":64}}],"line":246},"43":{"loc":{"start":{"line":247,"column":24},"end":{"line":247,"column":87}},"type":"if","locations":[{"start":{"line":247,"column":24},"end":{"line":247,"column":87}},{"start":{"line":247,"column":24},"end":{"line":247,"column":87}}],"line":247},"44":{"loc":{"start":{"line":253,"column":24},"end":{"line":255,"column":25}},"type":"if","locations":[{"start":{"line":253,"column":24},"end":{"line":255,"column":25}},{"start":{"line":253,"column":24},"end":{"line":255,"column":25}}],"line":253},"45":{"loc":{"start":{"line":274,"column":16},"end":{"line":300,"column":17}},"type":"switch","locations":[{"start":{"line":275,"column":20},"end":{"line":280,"column":67}},{"start":{"line":281,"column":20},"end":{"line":299,"column":46}}],"line":274},"46":{"loc":{"start":{"line":283,"column":24},"end":{"line":298,"column":25}},"type":"if","locations":[{"start":{"line":283,"column":24},"end":{"line":298,"column":25}},{"start":{"line":283,"column":24},"end":{"line":298,"column":25}}],"line":283},"47":{"loc":{"start":{"line":308,"column":16},"end":{"line":326,"column":17}},"type":"switch","locations":[{"start":{"line":309,"column":20},"end":{"line":312,"column":73}},{"start":{"line":313,"column":20},"end":{"line":325,"column":46}}],"line":308},"48":{"loc":{"start":{"line":314,"column":24},"end":{"line":324,"column":25}},"type":"if","locations":[{"start":{"line":314,"column":24},"end":{"line":324,"column":25}},{"start":{"line":314,"column":24},"end":{"line":324,"column":25}}],"line":314},"49":{"loc":{"start":{"line":334,"column":16},"end":{"line":351,"column":17}},"type":"switch","locations":[{"start":{"line":335,"column":20},"end":{"line":338,"column":73}},{"start":{"line":339,"column":20},"end":{"line":350,"column":46}}],"line":334},"50":{"loc":{"start":{"line":340,"column":24},"end":{"line":349,"column":25}},"type":"if","locations":[{"start":{"line":340,"column":24},"end":{"line":349,"column":25}},{"start":{"line":340,"column":24},"end":{"line":349,"column":25}}],"line":340},"51":{"loc":{"start":{"line":362,"column":16},"end":{"line":386,"column":17}},"type":"switch","locations":[{"start":{"line":363,"column":20},"end":{"line":366,"column":73}},{"start":{"line":367,"column":20},"end":{"line":371,"column":74}},{"start":{"line":372,"column":20},"end":{"line":377,"column":48}},{"start":{"line":378,"column":20},"end":{"line":384,"column":37}},{"start":{"line":385,"column":20},"end":{"line":385,"column":50}}],"line":362},"52":{"loc":{"start":{"line":370,"column":24},"end":{"line":370,"column":63}},"type":"if","locations":[{"start":{"line":370,"column":24},"end":{"line":370,"column":63}},{"start":{"line":370,"column":24},"end":{"line":370,"column":63}}],"line":370},"53":{"loc":{"start":{"line":397,"column":16},"end":{"line":434,"column":17}},"type":"switch","locations":[{"start":{"line":398,"column":20},"end":{"line":403,"column":71}},{"start":{"line":404,"column":20},"end":{"line":409,"column":67}},{"start":{"line":410,"column":20},"end":{"line":429,"column":48}},{"start":{"line":430,"column":20},"end":{"line":432,"column":37}},{"start":{"line":433,"column":20},"end":{"line":433,"column":50}}],"line":397},"54":{"loc":{"start":{"line":405,"column":24},"end":{"line":405,"column":64}},"type":"if","locations":[{"start":{"line":405,"column":24},"end":{"line":405,"column":64}},{"start":{"line":405,"column":24},"end":{"line":405,"column":64}}],"line":405},"55":{"loc":{"start":{"line":412,"column":24},"end":{"line":428,"column":25}},"type":"if","locations":[{"start":{"line":412,"column":24},"end":{"line":428,"column":25}},{"start":{"line":412,"column":24},"end":{"line":428,"column":25}}],"line":412},"56":{"loc":{"start":{"line":441,"column":16},"end":{"line":466,"column":17}},"type":"switch","locations":[{"start":{"line":442,"column":20},"end":{"line":444,"column":71}},{"start":{"line":445,"column":20},"end":{"line":448,"column":74}},{"start":{"line":449,"column":20},"end":{"line":451,"column":52}},{"start":{"line":452,"column":20},"end":{"line":452,"column":57}},{"start":{"line":453,"column":20},"end":{"line":453,"column":52}},{"start":{"line":454,"column":20},"end":{"line":456,"column":71}},{"start":{"line":457,"column":20},"end":{"line":460,"column":74}},{"start":{"line":461,"column":20},"end":{"line":463,"column":52}},{"start":{"line":464,"column":20},"end":{"line":464,"column":57}},{"start":{"line":465,"column":20},"end":{"line":465,"column":56}}],"line":441},"57":{"loc":{"start":{"line":443,"column":24},"end":{"line":443,"column":79}},"type":"if","locations":[{"start":{"line":443,"column":24},"end":{"line":443,"column":79}},{"start":{"line":443,"column":24},"end":{"line":443,"column":79}}],"line":443},"58":{"loc":{"start":{"line":443,"column":31},"end":{"line":443,"column":52}},"type":"binary-expr","locations":[{"start":{"line":443,"column":31},"end":{"line":443,"column":39}},{"start":{"line":443,"column":43},"end":{"line":443,"column":52}}],"line":443},"59":{"loc":{"start":{"line":447,"column":24},"end":{"line":447,"column":63}},"type":"if","locations":[{"start":{"line":447,"column":24},"end":{"line":447,"column":63}},{"start":{"line":447,"column":24},"end":{"line":447,"column":63}}],"line":447},"60":{"loc":{"start":{"line":455,"column":24},"end":{"line":455,"column":83}},"type":"if","locations":[{"start":{"line":455,"column":24},"end":{"line":455,"column":83}},{"start":{"line":455,"column":24},"end":{"line":455,"column":83}}],"line":455},"61":{"loc":{"start":{"line":459,"column":24},"end":{"line":459,"column":63}},"type":"if","locations":[{"start":{"line":459,"column":24},"end":{"line":459,"column":63}},{"start":{"line":459,"column":24},"end":{"line":459,"column":63}}],"line":459},"62":{"loc":{"start":{"line":474,"column":12},"end":{"line":476,"column":13}},"type":"if","locations":[{"start":{"line":474,"column":12},"end":{"line":476,"column":13}},{"start":{"line":474,"column":12},"end":{"line":476,"column":13}}],"line":474},"63":{"loc":{"start":{"line":483,"column":12},"end":{"line":488,"column":13}},"type":"if","locations":[{"start":{"line":483,"column":12},"end":{"line":488,"column":13}},{"start":{"line":483,"column":12},"end":{"line":488,"column":13}}],"line":483},"64":{"loc":{"start":{"line":485,"column":16},"end":{"line":487,"column":17}},"type":"if","locations":[{"start":{"line":485,"column":16},"end":{"line":487,"column":17}},{"start":{"line":485,"column":16},"end":{"line":487,"column":17}}],"line":485},"65":{"loc":{"start":{"line":496,"column":16},"end":{"line":510,"column":17}},"type":"switch","locations":[{"start":{"line":497,"column":20},"end":{"line":499,"column":72}},{"start":{"line":500,"column":20},"end":{"line":509,"column":46}}],"line":496},"66":{"loc":{"start":{"line":503,"column":24},"end":{"line":508,"column":25}},"type":"if","locations":[{"start":{"line":503,"column":24},"end":{"line":508,"column":25}},{"start":{"line":503,"column":24},"end":{"line":508,"column":25}}],"line":503},"67":{"loc":{"start":{"line":518,"column":16},"end":{"line":525,"column":17}},"type":"switch","locations":[{"start":{"line":519,"column":20},"end":{"line":521,"column":84}},{"start":{"line":522,"column":20},"end":{"line":524,"column":54}}],"line":518},"68":{"loc":{"start":{"line":533,"column":16},"end":{"line":546,"column":17}},"type":"switch","locations":[{"start":{"line":534,"column":20},"end":{"line":536,"column":72}},{"start":{"line":537,"column":20},"end":{"line":545,"column":46}}],"line":533},"69":{"loc":{"start":{"line":539,"column":24},"end":{"line":544,"column":25}},"type":"if","locations":[{"start":{"line":539,"column":24},"end":{"line":544,"column":25}},{"start":{"line":539,"column":24},"end":{"line":544,"column":25}}],"line":539},"70":{"loc":{"start":{"line":555,"column":16},"end":{"line":565,"column":17}},"type":"switch","locations":[{"start":{"line":556,"column":20},"end":{"line":558,"column":64}},{"start":{"line":559,"column":20},"end":{"line":564,"column":46}}],"line":555},"71":{"loc":{"start":{"line":561,"column":24},"end":{"line":563,"column":25}},"type":"if","locations":[{"start":{"line":561,"column":24},"end":{"line":563,"column":25}},{"start":{"line":561,"column":24},"end":{"line":563,"column":25}}],"line":561}},"s":{"0":1,"1":1,"2":1,"3":0,"4":0,"5":0,"6":0,"7":1,"8":1,"9":1,"10":1,"11":1,"12":1,"13":9,"14":0,"15":7,"16":8,"17":8,"18":0,"19":0,"20":0,"21":0,"22":15,"23":7,"24":1,"25":7,"26":8,"27":0,"28":8,"29":7,"30":0,"31":21,"32":15,"33":15,"34":0,"35":15,"36":32,"37":32,"38":0,"39":32,"40":0,"41":32,"42":15,"43":15,"44":9,"45":9,"46":0,"47":0,"48":0,"49":0,"50":0,"51":0,"52":0,"53":8,"54":6,"55":6,"56":2,"57":2,"58":2,"59":0,"60":0,"61":0,"62":0,"63":0,"64":0,"65":0,"66":0,"67":0,"68":0,"69":0,"70":0,"71":17,"72":0,"73":0,"74":32,"75":6,"76":0,"77":6,"78":1,"79":1,"80":1,"81":1,"82":1,"83":1,"84":2,"85":1,"86":2,"87":2,"88":0,"89":2,"90":0,"91":2,"92":0,"93":2,"94":0,"95":2,"96":2,"97":2,"98":0,"99":2,"100":0,"101":2,"102":0,"103":2,"104":0,"105":2,"106":0,"107":2,"108":0,"109":1,"110":0,"111":0,"112":0,"113":0,"114":0,"115":0,"116":1,"117":0,"118":0,"119":0,"120":0,"121":0,"122":0,"123":0,"124":0,"125":0,"126":0,"127":0,"128":0,"129":1,"130":2,"131":2,"132":5,"133":2,"134":2,"135":2,"136":2,"137":1,"138":1,"139":1,"140":0,"141":0,"142":0,"143":1,"144":1,"145":1,"146":1,"147":0,"148":0,"149":0,"150":0,"151":0,"152":0,"153":0,"154":0,"155":0,"156":0,"157":0,"158":0,"159":0,"160":0,"161":0,"162":0,"163":0,"164":0,"165":1,"166":0,"167":0,"168":0,"169":0,"170":0,"171":0,"172":0,"173":0,"174":0,"175":0,"176":0,"177":0,"178":0,"179":0,"180":0,"181":0,"182":0,"183":1,"184":0,"185":0,"186":0,"187":0,"188":0,"189":0,"190":0,"191":0,"192":0,"193":0,"194":0,"195":0,"196":0,"197":0,"198":0,"199":0,"200":0,"201":0,"202":0,"203":0,"204":0,"205":0,"206":0,"207":0,"208":0,"209":0,"210":0,"211":1,"212":0,"213":0,"214":0,"215":0,"216":0,"217":0,"218":0,"219":0,"220":0,"221":0,"222":0,"223":0,"224":0,"225":1,"226":0,"227":0,"228":0,"229":0,"230":0,"231":0,"232":0,"233":0,"234":0,"235":0,"236":0,"237":0,"238":0,"239":0,"240":0,"241":0,"242":1,"243":0,"244":0,"245":0,"246":0,"247":0,"248":0,"249":0,"250":0,"251":0,"252":0,"253":0,"254":0,"255":0,"256":0,"257":0,"258":1,"259":0,"260":0,"261":0,"262":0,"263":0,"264":0,"265":0,"266":0,"267":0,"268":0,"269":0,"270":0,"271":0,"272":0,"273":0,"274":0,"275":0,"276":0,"277":0,"278":1,"279":0,"280":0,"281":0,"282":0,"283":0,"284":0,"285":0,"286":0,"287":0,"288":0,"289":0,"290":0,"291":0,"292":0,"293":0,"294":0,"295":0,"296":0,"297":0,"298":0,"299":0,"300":0,"301":0,"302":1,"303":2,"304":2,"305":6,"306":2,"307":0,"308":2,"309":2,"310":2,"311":1,"312":1,"313":1,"314":1,"315":1,"316":0,"317":0,"318":0,"319":0,"320":0,"321":0,"322":0,"323":0,"324":0,"325":0,"326":0,"327":0,"328":1,"329":0,"330":0,"331":0,"332":0,"333":0,"334":0,"335":0,"336":0,"337":1,"338":0,"339":0,"340":0,"341":0,"342":0,"343":0,"344":0,"345":1,"346":2,"347":2,"348":4,"349":2,"350":2,"351":2,"352":2,"353":2,"354":1,"355":1,"356":0,"357":1,"358":1,"359":1,"360":2,"361":1,"362":1,"363":1,"364":1,"365":1,"366":0,"367":0,"368":0,"369":0,"370":0,"371":0,"372":0,"373":0,"374":0,"375":0,"376":1,"377":0,"378":0,"379":0,"380":0,"381":0,"382":0,"383":0,"384":0,"385":0,"386":1,"387":1},"f":{"0":1,"1":1,"2":0,"3":0,"4":1,"5":1,"6":7,"7":9,"8":0,"9":7,"10":8,"11":0,"12":15,"13":7,"14":8,"15":0,"16":21,"17":15,"18":15,"19":1,"20":2,"21":2,"22":0,"23":0,"24":0,"25":0,"26":2,"27":0,"28":0,"29":0,"30":0,"31":0,"32":0,"33":0,"34":0,"35":0,"36":0,"37":0,"38":0,"39":2,"40":2,"41":5,"42":0,"43":0,"44":0,"45":0,"46":0,"47":0,"48":0,"49":0,"50":0,"51":0,"52":0,"53":0,"54":0,"55":0,"56":0,"57":0,"58":0,"59":0,"60":0,"61":0,"62":0,"63":0,"64":0,"65":0,"66":0,"67":0,"68":0,"69":0,"70":2,"71":2,"72":6,"73":0,"74":0,"75":2,"76":2,"77":4,"78":1,"79":1,"80":2,"81":0,"82":0,"83":0,"84":0,"85":0,"86":0},"b":{"0":[1,1,1],"1":[1,0,0,0],"2":[0,0],"3":[0,1],"4":[1,1,1],"5":[9,0],"6":[7,7],"7":[6,9],"8":[7,7],"9":[1,1,1],"10":[0,8],"11":[7,7],"12":[0,15],"13":[0,32],"14":[32,0,0],"15":[0,0],"16":[0,0],"17":[0,0],"18":[0,0],"19":[0,32],"20":[15,15,9,0,0,8],"21":[6,2],"22":[8,8,8],"23":[8,0],"24":[2,0],"25":[2,2,0,0],"26":[0,0],"27":[0,0],"28":[0,0],"29":[0,0],"30":[0,0],"31":[0,6],"32":[6,0],"33":[2,2,2],"34":[0,0],"35":[2,2,0,1,1],"36":[1,1],"37":[0,0,0,0],"38":[0,0],"39":[0,0,0,0],"40":[0,0],"41":[0,0,0,0,0,0,0],"42":[0,0],"43":[0,0],"44":[0,0],"45":[0,0],"46":[0,0],"47":[0,0],"48":[0,0],"49":[0,0],"50":[0,0],"51":[0,0,0,0,0],"52":[0,0],"53":[0,0,0,0,0],"54":[0,0],"55":[0,0],"56":[2,2,1,1,0,0,0,0,0,0],"57":[0,2],"58":[2,2],"59":[1,1],"60":[0,0],"61":[0,0],"62":[0,0],"63":[0,0],"64":[0,0],"65":[2,2],"66":[1,1],"67":[1,1],"68":[0,0],"69":[0,0],"70":[0,0],"71":[0,0]},"_coverageSchema":"43e27e138ebf9cfc5966b082cf9a028302ed4184","hash":"8b13f14ed867ccc5df184bb12c9134f15bf7a2f9","contentHash":"172a8a60f359a04fc0d1dbd9b5d1b42cdb4521295784ab2b38c861fb38aaa286"},"/Users/Asim/OneDrive_UVIC/Courses/SENG350/project_cop/seng350f19-project-2-3/src/models/user_model.ts":{"path":"/Users/Asim/OneDrive_UVIC/Courses/SENG350/project_cop/seng350f19-project-2-3/src/models/user_model.ts","statementMap":{"0":{"start":{"line":2,"column":0},"end":{"line":2,"column":62}},"1":{"start":{"line":3,"column":15},"end":{"line":3,"column":37}},"2":{"start":{"line":4,"column":31},"end":{"line":49,"column":3}},"3":{"start":{"line":7,"column":4},"end":{"line":22,"column":6}},"4":{"start":{"line":8,"column":20},"end":{"line":19,"column":10}},"5":{"start":{"line":10,"column":12},"end":{"line":10,"column":78}},"6":{"start":{"line":14,"column":12},"end":{"line":14,"column":28}},"7":{"start":{"line":18,"column":12},"end":{"line":18,"column":39}},"8":{"start":{"line":21,"column":8},"end":{"line":21,"column":21}},"9":{"start":{"line":23,"column":4},"end":{"line":35,"column":6}},"10":{"start":{"line":24,"column":22},"end":{"line":33,"column":10}},"11":{"start":{"line":26,"column":12},"end":{"line":26,"column":135}},"12":{"start":{"line":27,"column":12},"end":{"line":27,"column":39}},"13":{"start":{"line":28,"column":12},"end":{"line":28,"column":24}},"14":{"start":{"line":31,"column":12},"end":{"line":31,"column":39}},"15":{"start":{"line":32,"column":12},"end":{"line":32,"column":25}},"16":{"start":{"line":34,"column":8},"end":{"line":34,"column":23}},"17":{"start":{"line":36,"column":4},"end":{"line":47,"column":6}},"18":{"start":{"line":37,"column":25},"end":{"line":45,"column":10}},"19":{"start":{"line":39,"column":12},"end":{"line":39,"column":109}},"20":{"start":{"line":40,"column":12},"end":{"line":40,"column":24}},"21":{"start":{"line":43,"column":12},"end":{"line":43,"column":39}},"22":{"start":{"line":44,"column":12},"end":{"line":44,"column":25}},"23":{"start":{"line":46,"column":8},"end":{"line":46,"column":26}},"24":{"start":{"line":48,"column":4},"end":{"line":48,"column":21}},"25":{"start":{"line":50,"column":0},"end":{"line":50,"column":30}}},"fnMap":{"0":{"name":"(anonymous_0)","decl":{"start":{"line":4,"column":31},"end":{"line":4,"column":32}},"loc":{"start":{"line":4,"column":43},"end":{"line":49,"column":1}},"line":4},"1":{"name":"UserModel","decl":{"start":{"line":5,"column":13},"end":{"line":5,"column":22}},"loc":{"start":{"line":5,"column":25},"end":{"line":6,"column":5}},"line":5},"2":{"name":"(anonymous_2)","decl":{"start":{"line":7,"column":35},"end":{"line":7,"column":36}},"loc":{"start":{"line":7,"column":53},"end":{"line":22,"column":5}},"line":7},"3":{"name":"(anonymous_3)","decl":{"start":{"line":9,"column":18},"end":{"line":9,"column":19}},"loc":{"start":{"line":9,"column":32},"end":{"line":11,"column":9}},"line":9},"4":{"name":"(anonymous_4)","decl":{"start":{"line":12,"column":18},"end":{"line":12,"column":19}},"loc":{"start":{"line":12,"column":38},"end":{"line":16,"column":9}},"line":12},"5":{"name":"(anonymous_5)","decl":{"start":{"line":17,"column":19},"end":{"line":17,"column":20}},"loc":{"start":{"line":17,"column":34},"end":{"line":19,"column":9}},"line":17},"6":{"name":"(anonymous_6)","decl":{"start":{"line":23,"column":35},"end":{"line":23,"column":36}},"loc":{"start":{"line":23,"column":71},"end":{"line":35,"column":5}},"line":23},"7":{"name":"(anonymous_7)","decl":{"start":{"line":25,"column":18},"end":{"line":25,"column":19}},"loc":{"start":{"line":25,"column":32},"end":{"line":29,"column":9}},"line":25},"8":{"name":"(anonymous_8)","decl":{"start":{"line":30,"column":19},"end":{"line":30,"column":20}},"loc":{"start":{"line":30,"column":34},"end":{"line":33,"column":9}},"line":30},"9":{"name":"(anonymous_9)","decl":{"start":{"line":36,"column":38},"end":{"line":36,"column":39}},"loc":{"start":{"line":36,"column":64},"end":{"line":47,"column":5}},"line":36},"10":{"name":"(anonymous_10)","decl":{"start":{"line":38,"column":18},"end":{"line":38,"column":19}},"loc":{"start":{"line":38,"column":32},"end":{"line":41,"column":9}},"line":38},"11":{"name":"(anonymous_11)","decl":{"start":{"line":42,"column":19},"end":{"line":42,"column":20}},"loc":{"start":{"line":42,"column":34},"end":{"line":45,"column":9}},"line":42}},"branchMap":{},"s":{"0":1,"1":1,"2":1,"3":1,"4":2,"5":2,"6":2,"7":0,"8":2,"9":1,"10":0,"11":0,"12":0,"13":0,"14":0,"15":0,"16":0,"17":1,"18":0,"19":0,"20":0,"21":0,"22":0,"23":0,"24":1,"25":1},"f":{"0":1,"1":2,"2":2,"3":2,"4":2,"5":0,"6":0,"7":0,"8":0,"9":0,"10":0,"11":0},"b":{},"_coverageSchema":"43e27e138ebf9cfc5966b082cf9a028302ed4184","hash":"ea2de2f6b37df7f8b08248e43128513a580991d4","contentHash":"4aa70baf49d0e8a871439a094da35e81baba597da7b7d262956db7fd95562fcf"}}